<?xml version="1.0" encoding="utf-8"?><testsuites name="pytest tests"><testsuite name="pytest" errors="0" failures="2" skipped="1" tests="22" time="1.376" timestamp="2026-01-13T23:16:27.229946+00:00" hostname="agent-env-e3e5b127-1bde-4cc1-a469-aeefd3b9d824"><testcase classname="tests.test_auth_investor.TestAPIHealth" name="test_api_root" time="0.176" /><testcase classname="tests.test_auth_investor.TestUserRegistration" name="test_register_new_user" time="0.062" /><testcase classname="tests.test_auth_investor.TestUserRegistration" name="test_register_duplicate_email" time="0.040" /><testcase classname="tests.test_auth_investor.TestUserRegistration" name="test_register_short_password" time="0.034" /><testcase classname="tests.test_auth_investor.TestUserRegistration" name="test_register_invalid_email" time="0.041" /><testcase classname="tests.test_auth_investor.TestUserLogin" name="test_login_valid_credentials" time="0.035" /><testcase classname="tests.test_auth_investor.TestUserLogin" name="test_login_invalid_password" time="0.034" /><testcase classname="tests.test_auth_investor.TestUserLogin" name="test_login_nonexistent_user" time="0.035" /><testcase classname="tests.test_auth_investor.TestAuthMe" name="test_get_me_authenticated" time="0.075" /><testcase classname="tests.test_auth_investor.TestAuthMe" name="test_get_me_unauthenticated" time="0.039" /><testcase classname="tests.test_auth_investor.TestAuthMe" name="test_get_me_with_bearer_token" time="0.071" /><testcase classname="tests.test_auth_investor.TestLogout" name="test_logout_authenticated" time="0.100" /><testcase classname="tests.test_auth_investor.TestLogout" name="test_logout_unauthenticated" time="0.036" /><testcase classname="tests.test_auth_investor.TestInvestorRegistration" name="test_register_investor_valid_cif" time="0.091" /><testcase classname="tests.test_auth_investor.TestInvestorRegistration" name="test_register_investor_invalid_cif" time="0.033"><failure message="AssertionError: Expected 422 for invalid CIF, got 520&#10;assert 520 == 422&#10; +  where 520 = &lt;Response [520]&gt;.status_code">tests/test_auth_investor.py:350: in test_register_investor_invalid_cif
    assert response.status_code == 422, f"Expected 422 for invalid CIF, got {response.status_code}"
E   AssertionError: Expected 422 for invalid CIF, got 520
E   assert 520 == 422
E    +  where 520 = &lt;Response [520]&gt;.status_code</failure></testcase><testcase classname="tests.test_auth_investor.TestInvestorRegistration" name="test_register_investor_invalid_cif_format_2" time="0.034"><failure message="AssertionError: Expected 422 for invalid CIF format, got 520&#10;assert 520 == 422&#10; +  where 520 = &lt;Response [520]&gt;.status_code">tests/test_auth_investor.py:367: in test_register_investor_invalid_cif_format_2
    assert response.status_code == 422, f"Expected 422 for invalid CIF format, got {response.status_code}"
E   AssertionError: Expected 422 for invalid CIF format, got 520
E   assert 520 == 422
E    +  where 520 = &lt;Response [520]&gt;.status_code</failure></testcase><testcase classname="tests.test_auth_investor.TestInvestorStatus" name="test_check_investor_status_existing" time="0.035"><skipped type="pytest.skip" message="Cannot test status - registration failed: Internal Server Error">/app/tests/test_auth_investor.py:390: Cannot test status - registration failed: Internal Server Error</skipped></testcase><testcase classname="tests.test_auth_investor.TestInvestorStatus" name="test_check_investor_status_nonexistent" time="0.034" /><testcase classname="tests.test_auth_investor.TestInvestorDocuments" name="test_list_documents_unauthenticated" time="0.035" /><testcase classname="tests.test_auth_investor.TestInvestorDocuments" name="test_list_documents_non_investor" time="0.073" /><testcase classname="tests.test_auth_investor.TestInvestorDocuments" name="test_download_document_unauthenticated" time="0.032" /><testcase classname="tests.test_auth_investor.TestInvestorDocuments" name="test_download_document_non_investor" time="0.072" /></testsuite></testsuites>