<?xml version="1.0" encoding="utf-8"?><testsuites name="pytest tests"><testsuite name="pytest" errors="0" failures="0" skipped="0" tests="22" time="1.206" timestamp="2026-01-13T23:18:01.239088+00:00" hostname="agent-env-e3e5b127-1bde-4cc1-a469-aeefd3b9d824"><testcase classname="tests.test_auth_investor.TestAPIHealth" name="test_api_root" time="0.056" /><testcase classname="tests.test_auth_investor.TestUserRegistration" name="test_register_new_user" time="0.041" /><testcase classname="tests.test_auth_investor.TestUserRegistration" name="test_register_duplicate_email" time="0.038" /><testcase classname="tests.test_auth_investor.TestUserRegistration" name="test_register_short_password" time="0.035" /><testcase classname="tests.test_auth_investor.TestUserRegistration" name="test_register_invalid_email" time="0.037" /><testcase classname="tests.test_auth_investor.TestUserLogin" name="test_login_valid_credentials" time="0.032" /><testcase classname="tests.test_auth_investor.TestUserLogin" name="test_login_invalid_password" time="0.041" /><testcase classname="tests.test_auth_investor.TestUserLogin" name="test_login_nonexistent_user" time="0.040" /><testcase classname="tests.test_auth_investor.TestAuthMe" name="test_get_me_authenticated" time="0.074" /><testcase classname="tests.test_auth_investor.TestAuthMe" name="test_get_me_unauthenticated" time="0.030" /><testcase classname="tests.test_auth_investor.TestAuthMe" name="test_get_me_with_bearer_token" time="0.069" /><testcase classname="tests.test_auth_investor.TestLogout" name="test_logout_authenticated" time="0.104" /><testcase classname="tests.test_auth_investor.TestLogout" name="test_logout_unauthenticated" time="0.032" /><testcase classname="tests.test_auth_investor.TestInvestorRegistration" name="test_register_investor_valid_cif" time="0.033" /><testcase classname="tests.test_auth_investor.TestInvestorRegistration" name="test_register_investor_invalid_cif" time="0.037" /><testcase classname="tests.test_auth_investor.TestInvestorRegistration" name="test_register_investor_invalid_cif_format_2" time="0.035" /><testcase classname="tests.test_auth_investor.TestInvestorStatus" name="test_check_investor_status_existing" time="0.068" /><testcase classname="tests.test_auth_investor.TestInvestorStatus" name="test_check_investor_status_nonexistent" time="0.037" /><testcase classname="tests.test_auth_investor.TestInvestorDocuments" name="test_list_documents_unauthenticated" time="0.033" /><testcase classname="tests.test_auth_investor.TestInvestorDocuments" name="test_list_documents_non_investor" time="0.107" /><testcase classname="tests.test_auth_investor.TestInvestorDocuments" name="test_download_document_unauthenticated" time="0.074" /><testcase classname="tests.test_auth_investor.TestInvestorDocuments" name="test_download_document_non_investor" time="0.068" /></testsuite></testsuites>