<?xml version="1.0" encoding="utf-8"?><testsuites name="pytest tests"><testsuite name="pytest" errors="0" failures="5" skipped="0" tests="25" time="1.492" timestamp="2026-01-14T00:55:39.117322+00:00" hostname="agent-env-53c3382a-38c2-486e-a9c0-3e51038d76e2"><testcase classname="tests.test_banking_ml.TestBankingEndpoints" name="test_supported_banks_returns_list" time="0.105" /><testcase classname="tests.test_banking_ml.TestBankingEndpoints" name="test_connect_bank_account_success" time="0.085" /><testcase classname="tests.test_banking_ml.TestBankingEndpoints" name="test_connect_bank_unsupported_fails" time="0.043" /><testcase classname="tests.test_banking_ml.TestBankingEndpoints" name="test_get_accounts_returns_list" time="0.050" /><testcase classname="tests.test_banking_ml.TestBankingEndpoints" name="test_get_banking_summary" time="0.051" /><testcase classname="tests.test_banking_ml.TestBankingEndpoints" name="test_get_transactions" time="0.043" /><testcase classname="tests.test_banking_ml.TestBankingEndpoints" name="test_analyze_transaction_low_risk" time="0.090" /><testcase classname="tests.test_banking_ml.TestBankingEndpoints" name="test_analyze_transaction_high_risk" time="0.051" /><testcase classname="tests.test_banking_ml.TestBankingEndpoints" name="test_banking_requires_auth" time="0.077" /><testcase classname="tests.test_banking_ml.TestMLFraudDetection" name="test_ml_analyze_text_detects_phishing" time="0.050" /><testcase classname="tests.test_banking_ml.TestMLFraudDetection" name="test_ml_analyze_text_safe_content" time="0.083" /><testcase classname="tests.test_banking_ml.TestMLFraudDetection" name="test_ml_analyze_text_url_phishing" time="0.063"><failure message="assert False == True">tests/test_banking_ml.py:262: in test_ml_analyze_text_url_phishing
    assert data["is_threat"] == True
E   assert False == True</failure></testcase><testcase classname="tests.test_banking_ml.TestMLFraudDetection" name="test_ml_analyze_text_prize_scam" time="0.041"><failure message="assert False == True">tests/test_banking_ml.py:278: in test_ml_analyze_text_prize_scam
    assert data["is_threat"] == True
E   assert False == True</failure></testcase><testcase classname="tests.test_banking_ml.TestMLFraudDetection" name="test_ml_risk_summary" time="0.044" /><testcase classname="tests.test_banking_ml.TestMLFraudDetection" name="test_ml_behavior_profile" time="0.048" /><testcase classname="tests.test_banking_ml.TestMLFraudDetection" name="test_ml_analyze_requires_content" time="0.081" /><testcase classname="tests.test_banking_ml.TestThreatAnalyzerPatterns" name="test_detects_urgent_action_pattern" time="0.036" /><testcase classname="tests.test_banking_ml.TestThreatAnalyzerPatterns" name="test_detects_financial_keywords" time="0.041"><failure message="assert False == True">tests/test_banking_ml.py:354: in test_detects_financial_keywords
    assert data["is_threat"] == True
E   assert False == True</failure></testcase><testcase classname="tests.test_banking_ml.TestThreatAnalyzerPatterns" name="test_detects_personal_data_request" time="0.050"><failure message="assert False == True">tests/test_banking_ml.py:368: in test_detects_personal_data_request
    assert data["is_threat"] == True
E   assert False == True</failure></testcase><testcase classname="tests.test_banking_ml.TestThreatAnalyzerPatterns" name="test_detects_impersonation" time="0.037"><failure message="assert False == True">tests/test_banking_ml.py:383: in test_detects_impersonation
    assert data["is_threat"] == True
E   assert False == True</failure></testcase><testcase classname="tests.test_banking_ml.TestPWAConfiguration" name="test_manifest_exists" time="0.035" /><testcase classname="tests.test_banking_ml.TestPWAConfiguration" name="test_service_worker_exists" time="0.033" /><testcase classname="tests.test_banking_ml.TestAuthenticationFlow" name="test_login_success" time="0.036" /><testcase classname="tests.test_banking_ml.TestAuthenticationFlow" name="test_login_invalid_credentials" time="0.039" /><testcase classname="tests.test_banking_ml.TestAuthenticationFlow" name="test_auth_me_requires_token" time="0.043" /></testsuite></testsuites>