<?xml version="1.0" encoding="utf-8"?><testsuites name="pytest tests"><testsuite name="pytest" errors="0" failures="2" skipped="0" tests="19" time="5.422" timestamp="2026-02-04T23:36:44.121639+00:00" hostname="agent-env-27192c94-61ac-49a8-97d6-29131153b676"><testcase classname="backend.tests.test_geofencing.TestGeofencingAPI" name="test_01_login_superadmin" time="0.381" /><testcase classname="backend.tests.test_geofencing.TestGeofencingAPI" name="test_02_geofences_requires_auth" time="0.037" /><testcase classname="backend.tests.test_geofencing.TestGeofencingAPI" name="test_03_get_geofences_list" time="0.273" /><testcase classname="backend.tests.test_geofencing.TestGeofencingAPI" name="test_04_preset_zones_structure" time="0.272" /><testcase classname="backend.tests.test_geofencing.TestGeofencingAPI" name="test_05_create_geofence_success" time="0.272" /><testcase classname="backend.tests.test_geofencing.TestGeofencingAPI" name="test_06_create_geofence_with_preset_type" time="0.270" /><testcase classname="backend.tests.test_geofencing.TestGeofencingAPI" name="test_07_create_geofence_radius_validation" time="0.296" /><testcase classname="backend.tests.test_geofencing.TestGeofencingAPI" name="test_08_get_single_geofence" time="0.284" /><testcase classname="backend.tests.test_geofencing.TestGeofencingAPI" name="test_09_get_nonexistent_geofence" time="0.268" /><testcase classname="backend.tests.test_geofencing.TestGeofencingAPI" name="test_10_update_geofence" time="0.294" /><testcase classname="backend.tests.test_geofencing.TestGeofencingAPI" name="test_11_toggle_geofence_active_state" time="0.295" /><testcase classname="backend.tests.test_geofencing.TestGeofencingAPI" name="test_12_check_location_inside_zone" time="0.340" /><testcase classname="backend.tests.test_geofencing.TestGeofencingAPI" name="test_13_check_location_outside_zone" time="0.296" /><testcase classname="backend.tests.test_geofencing.TestGeofencingAPI" name="test_14_get_geofence_events" time="0.274"><failure message="AssertionError: Failed to get events: {&quot;detail&quot;:&quot;Zona segura no encontrada&quot;}&#10;assert 404 == 200&#10; +  where 404 = &lt;Response [404]&gt;.status_code">backend/tests/test_geofencing.py:355: in test_14_get_geofence_events
    assert response.status_code == 200, f"Failed to get events: {response.text}"
E   AssertionError: Failed to get events: {"detail":"Zona segura no encontrada"}
E   assert 404 == 200
E    +  where 404 = &lt;Response [404]&gt;.status_code</failure></testcase><testcase classname="backend.tests.test_geofencing.TestGeofencingAPI" name="test_15_get_member_states" time="0.270"><failure message="AssertionError: Failed to get member states: {&quot;detail&quot;:&quot;Zona segura no encontrada&quot;}&#10;assert 404 == 200&#10; +  where 404 = &lt;Response [404]&gt;.status_code">backend/tests/test_geofencing.py:372: in test_15_get_member_states
    assert response.status_code == 200, f"Failed to get member states: {response.text}"
E   AssertionError: Failed to get member states: {"detail":"Zona segura no encontrada"}
E   assert 404 == 200
E    +  where 404 = &lt;Response [404]&gt;.status_code</failure></testcase><testcase classname="backend.tests.test_geofencing.TestGeofencingAPI" name="test_16_delete_geofence" time="0.306" /><testcase classname="backend.tests.test_geofencing.TestGeofencingAPI" name="test_17_delete_nonexistent_geofence" time="0.275" /><testcase classname="backend.tests.test_geofencing.TestGeofencingAPI" name="test_99_cleanup_test_zones" time="0.310" /><testcase classname="backend.tests.test_geofencing.TestGeofencingPlanRestrictions" name="test_superadmin_has_unlimited_zones" time="0.294" /></testsuite></testsuites>