<?xml version="1.0" encoding="utf-8"?><testsuites name="pytest tests"><testsuite name="pytest" errors="0" failures="0" skipped="0" tests="19" time="5.349" timestamp="2026-02-04T23:38:12.037386+00:00" hostname="agent-env-27192c94-61ac-49a8-97d6-29131153b676"><testcase classname="backend.tests.test_geofencing.TestGeofencingAPI" name="test_01_login_superadmin" time="0.312" /><testcase classname="backend.tests.test_geofencing.TestGeofencingAPI" name="test_02_geofences_requires_auth" time="0.042" /><testcase classname="backend.tests.test_geofencing.TestGeofencingAPI" name="test_03_get_geofences_list" time="0.282" /><testcase classname="backend.tests.test_geofencing.TestGeofencingAPI" name="test_04_preset_zones_structure" time="0.280" /><testcase classname="backend.tests.test_geofencing.TestGeofencingAPI" name="test_05_create_geofence_success" time="0.278" /><testcase classname="backend.tests.test_geofencing.TestGeofencingAPI" name="test_06_create_geofence_with_preset_type" time="0.274" /><testcase classname="backend.tests.test_geofencing.TestGeofencingAPI" name="test_07_create_geofence_radius_validation" time="0.308" /><testcase classname="backend.tests.test_geofencing.TestGeofencingAPI" name="test_08_get_single_geofence" time="0.269" /><testcase classname="backend.tests.test_geofencing.TestGeofencingAPI" name="test_09_get_nonexistent_geofence" time="0.281" /><testcase classname="backend.tests.test_geofencing.TestGeofencingAPI" name="test_10_update_geofence" time="0.318" /><testcase classname="backend.tests.test_geofencing.TestGeofencingAPI" name="test_11_toggle_geofence_active_state" time="0.292" /><testcase classname="backend.tests.test_geofencing.TestGeofencingAPI" name="test_12_check_location_inside_zone" time="0.339" /><testcase classname="backend.tests.test_geofencing.TestGeofencingAPI" name="test_13_check_location_outside_zone" time="0.293" /><testcase classname="backend.tests.test_geofencing.TestGeofencingAPI" name="test_14_get_geofence_events" time="0.276" /><testcase classname="backend.tests.test_geofencing.TestGeofencingAPI" name="test_15_get_member_states" time="0.283" /><testcase classname="backend.tests.test_geofencing.TestGeofencingAPI" name="test_16_delete_geofence" time="0.292" /><testcase classname="backend.tests.test_geofencing.TestGeofencingAPI" name="test_17_delete_nonexistent_geofence" time="0.276" /><testcase classname="backend.tests.test_geofencing.TestGeofencingAPI" name="test_99_cleanup_test_zones" time="0.301" /><testcase classname="backend.tests.test_geofencing.TestGeofencingPlanRestrictions" name="test_superadmin_has_unlimited_zones" time="0.291" /></testsuite></testsuites>