<?xml version="1.0" encoding="utf-8"?><testsuites name="pytest tests"><testsuite name="pytest" errors="0" failures="0" skipped="0" tests="23" time="3.479" timestamp="2026-01-16T17:17:16.006676+00:00" hostname="agent-env-37cc3496-6002-45c4-9c68-725439101d3a"><testcase classname="tests.test_iteration_13.TestPlansEndpoint" name="test_plans_endpoint_returns_200" time="0.048" /><testcase classname="tests.test_iteration_13.TestPlansEndpoint" name="test_plans_returns_individual_plans" time="0.032" /><testcase classname="tests.test_iteration_13.TestPlansEndpoint" name="test_plans_returns_family_plans" time="0.037" /><testcase classname="tests.test_iteration_13.TestPlansEndpoint" name="test_weekly_price_is_9_99" time="0.056" /><testcase classname="tests.test_iteration_13.TestPlansEndpoint" name="test_monthly_price_is_29_99" time="0.031" /><testcase classname="tests.test_iteration_13.TestPlansEndpoint" name="test_quarterly_price_is_74_99" time="0.035" /><testcase classname="tests.test_iteration_13.TestPlansEndpoint" name="test_yearly_price_is_249_99" time="0.034" /><testcase classname="tests.test_iteration_13.TestPlansEndpoint" name="test_family_monthly_price_is_49_99" time="0.038" /><testcase classname="tests.test_iteration_13.TestPlansEndpoint" name="test_family_quarterly_price_is_129_99" time="0.035" /><testcase classname="tests.test_iteration_13.TestPlansEndpoint" name="test_family_yearly_price_is_399_99" time="0.041" /><testcase classname="tests.test_iteration_13.TestCreateCheckoutSession" name="test_checkout_weekly_plan" time="0.282" /><testcase classname="tests.test_iteration_13.TestCreateCheckoutSession" name="test_checkout_monthly_plan" time="0.314" /><testcase classname="tests.test_iteration_13.TestCreateCheckoutSession" name="test_checkout_quarterly_plan" time="0.269" /><testcase classname="tests.test_iteration_13.TestCreateCheckoutSession" name="test_checkout_yearly_plan" time="0.270" /><testcase classname="tests.test_iteration_13.TestCreateCheckoutSession" name="test_checkout_family_monthly_plan" time="0.315" /><testcase classname="tests.test_iteration_13.TestCreateCheckoutSession" name="test_checkout_family_quarterly_plan" time="0.326" /><testcase classname="tests.test_iteration_13.TestCreateCheckoutSession" name="test_checkout_family_yearly_plan" time="0.289" /><testcase classname="tests.test_iteration_13.TestCreateCheckoutSession" name="test_checkout_invalid_plan_returns_400" time="0.033" /><testcase classname="tests.test_iteration_13.TestCreateCheckoutSession" name="test_checkout_success_url_contains_payment_success" time="0.286" /><testcase classname="tests.test_iteration_13.TestCheckoutStatus" name="test_checkout_status_invalid_session" time="0.125" /><testcase classname="tests.test_iteration_13.TestCheckoutStatus" name="test_checkout_status_valid_session" time="0.446" /><testcase classname="tests.test_iteration_13.TestPriceSynchronization" name="test_all_individual_plan_prices_match" time="0.031" /><testcase classname="tests.test_iteration_13.TestPriceSynchronization" name="test_all_family_plan_prices_match" time="0.036" /></testsuite></testsuites>