<?xml version="1.0" encoding="utf-8"?><testsuites name="pytest tests"><testsuite name="pytest" errors="0" failures="7" skipped="0" tests="35" time="2.388" timestamp="2026-01-16T23:50:43.303053+00:00" hostname="agent-env-37cc3496-6002-45c4-9c68-725439101d3a"><testcase classname="tests.test_iteration_14.TestIntegrationStatus" name="test_banking_status_returns_200" time="0.069" /><testcase classname="tests.test_iteration_14.TestIntegrationStatus" name="test_banking_status_shows_not_configured" time="0.041" /><testcase classname="tests.test_iteration_14.TestIntegrationStatus" name="test_email_status_returns_200" time="0.039" /><testcase classname="tests.test_iteration_14.TestIntegrationStatus" name="test_email_status_shows_not_configured" time="0.040" /><testcase classname="tests.test_iteration_14.TestIntegrationStatus" name="test_whatsapp_status_returns_200" time="0.034" /><testcase classname="tests.test_iteration_14.TestIntegrationStatus" name="test_whatsapp_status_shows_not_configured" time="0.038" /><testcase classname="tests.test_iteration_14.TestExistingAuthRoutes" name="test_root_endpoint" time="0.039" /><testcase classname="tests.test_iteration_14.TestExistingAuthRoutes" name="test_login_with_valid_credentials" time="0.040" /><testcase classname="tests.test_iteration_14.TestExistingAuthRoutes" name="test_login_with_invalid_credentials" time="0.038" /><testcase classname="tests.test_iteration_14.TestExistingAuthRoutes" name="test_auth_me_without_token" time="0.035" /><testcase classname="tests.test_iteration_14.TestExistingAuthRoutes" name="test_auth_me_with_cookie" time="0.089" /><testcase classname="tests.test_iteration_14.TestExistingPaymentRoutes" name="test_plans_endpoint" time="0.040" /><testcase classname="tests.test_iteration_14.TestExistingPaymentRoutes" name="test_plans_prices_correct" time="0.039" /><testcase classname="tests.test_iteration_14.TestExistingPaymentRoutes" name="test_create_checkout_session_weekly" time="0.508"><failure message="AssertionError: assert 'url' in {'checkout_url': 'https://checkout.stripe.com/c/pay/cs_live_a1KwxE6xqMH5KPwOa968jkXYrge5DRdhvaifufCqB6Q3n9uCVoq5T3Ajwk#fidnandhYHdWcXxpYCc%2FJ2FgY2RwaXEnKSdkdWxOYHwnPyd1blppbHNgWjA0VnVXTGJXak9fNkcxaF1AR0xJXEdwTXJsXHd0MTBsTkhhYmxMSGRxUDA2YEZMQTRHPWZ0TEM1fFM2f2xMaGk3ST1hS25BQmpncnVRM2ZwVE9ocVI3Y1J9NTVGRn9BVGx1VycpJ2N3amhWYHdzYHcnP3F3cGApJ2dkZm5id2pwa2FGamlqdyc%2FJyZjY2NjY2MnKSdpZHxqcHFRfHVgJz8ndmxrYmlgWmxxYGgnKSdga2RnaWBVaWRmYG1qaWFgd3YnP3F3cGB4JSUl', 'session_id': 'cs_live_a1KwxE6xqMH5KPwOa968jkXYrge5DRdhvaifufCqB6Q3n9uCVoq5T3Ajwk'}">tests/test_iteration_14.py:181: in test_create_checkout_session_weekly
    assert "url" in data
E   AssertionError: assert 'url' in {'checkout_url': 'https://checkout.stripe.com/c/pay/cs_live_a1KwxE6xqMH5KPwOa968jkXYrge5DRdhvaifufCqB6Q3n9uCVoq5T3Ajwk#fidnandhYHdWcXxpYCc%2FJ2FgY2RwaXEnKSdkdWxOYHwnPyd1blppbHNgWjA0VnVXTGJXak9fNkcxaF1AR0xJXEdwTXJsXHd0MTBsTkhhYmxMSGRxUDA2YEZMQTRHPWZ0TEM1fFM2f2xMaGk3ST1hS25BQmpncnVRM2ZwVE9ocVI3Y1J9NTVGRn9BVGx1VycpJ2N3amhWYHdzYHcnP3F3cGApJ2dkZm5id2pwa2FGamlqdyc%2FJyZjY2NjY2MnKSdpZHxqcHFRfHVgJz8ndmxrYmlgWmxxYGgnKSdga2RnaWBVaWRmYG1qaWFgd3YnP3F3cGB4JSUl', 'session_id': 'cs_live_a1KwxE6xqMH5KPwOa968jkXYrge5DRdhvaifufCqB6Q3n9uCVoq5T3Ajwk'}</failure></testcase><testcase classname="tests.test_iteration_14.TestExistingPaymentRoutes" name="test_create_checkout_session_monthly" time="0.278"><failure message="AssertionError: assert 'url' in {'checkout_url': 'https://checkout.stripe.com/c/pay/cs_live_a1DX8lLFpAc146iu2EznrtQXrpAh2hiWE3os1PSFy1hdBROTpvZBPp2CfT#fidnandhYHdWcXxpYCc%2FJ2FgY2RwaXEnKSdkdWxOYHwnPyd1blppbHNgWjA0VnVXTGJXak9fNkcxaF1AR0xJXEdwTXJsXHd0MTBsTkhhYmxMSGRxUDA2YEZMQTRHPWZ0TEM1fFM2f2xMaGk3ST1hS25BQmpncnVRM2ZwVE9ocVI3Y1J9NTVGRn9BVGx1VycpJ2N3amhWYHdzYHcnP3F3cGApJ2dkZm5id2pwa2FGamlqdyc%2FJyZjY2NjY2MnKSdpZHxqcHFRfHVgJz8ndmxrYmlgWmxxYGgnKSdga2RnaWBVaWRmYG1qaWFgd3YnP3F3cGB4JSUl', 'session_id': 'cs_live_a1DX8lLFpAc146iu2EznrtQXrpAh2hiWE3os1PSFy1hdBROTpvZBPp2CfT'}">tests/test_iteration_14.py:193: in test_create_checkout_session_monthly
    assert "url" in data
E   AssertionError: assert 'url' in {'checkout_url': 'https://checkout.stripe.com/c/pay/cs_live_a1DX8lLFpAc146iu2EznrtQXrpAh2hiWE3os1PSFy1hdBROTpvZBPp2CfT#fidnandhYHdWcXxpYCc%2FJ2FgY2RwaXEnKSdkdWxOYHwnPyd1blppbHNgWjA0VnVXTGJXak9fNkcxaF1AR0xJXEdwTXJsXHd0MTBsTkhhYmxMSGRxUDA2YEZMQTRHPWZ0TEM1fFM2f2xMaGk3ST1hS25BQmpncnVRM2ZwVE9ocVI3Y1J9NTVGRn9BVGx1VycpJ2N3amhWYHdzYHcnP3F3cGApJ2dkZm5id2pwa2FGamlqdyc%2FJyZjY2NjY2MnKSdpZHxqcHFRfHVgJz8ndmxrYmlgWmxxYGgnKSdga2RnaWBVaWRmYG1qaWFgd3YnP3F3cGB4JSUl', 'session_id': 'cs_live_a1DX8lLFpAc146iu2EznrtQXrpAh2hiWE3os1PSFy1hdBROTpvZBPp2CfT'}</failure></testcase><testcase classname="tests.test_iteration_14.TestExistingPaymentRoutes" name="test_create_checkout_session_invalid_plan" time="0.037" /><testcase classname="tests.test_iteration_14.TestExistingAdminRoutes" name="test_admin_stats" time="0.049"><failure message="assert 403 == 200&#10; +  where 403 = &lt;Response [403]&gt;.status_code">tests/test_iteration_14.py:224: in test_admin_stats
    assert response.status_code == 200
E   assert 403 == 200
E    +  where 403 = &lt;Response [403]&gt;.status_code</failure></testcase><testcase classname="tests.test_iteration_14.TestExistingAdminRoutes" name="test_admin_users_list" time="0.051"><failure message="assert 403 == 200&#10; +  where 403 = &lt;Response [403]&gt;.status_code">tests/test_iteration_14.py:233: in test_admin_users_list
    assert response.status_code == 200
E   assert 403 == 200
E    +  where 403 = &lt;Response [403]&gt;.status_code</failure></testcase><testcase classname="tests.test_iteration_14.TestExistingAdminRoutes" name="test_admin_investors_list" time="0.050"><failure message="assert 403 == 200&#10; +  where 403 = &lt;Response [403]&gt;.status_code">tests/test_iteration_14.py:241: in test_admin_investors_list
    assert response.status_code == 200
E   assert 403 == 200
E    +  where 403 = &lt;Response [403]&gt;.status_code</failure></testcase><testcase classname="tests.test_iteration_14.TestExistingThreatRoutes" name="test_stats_endpoint" time="0.042" /><testcase classname="tests.test_iteration_14.TestExistingThreatRoutes" name="test_community_alerts" time="0.038" /><testcase classname="tests.test_iteration_14.TestExistingThreatRoutes" name="test_knowledge_base" time="0.036" /><testcase classname="tests.test_iteration_14.TestBankingRoutesAuth" name="test_banking_institutions_requires_auth" time="0.040" /><testcase classname="tests.test_iteration_14.TestBankingRoutesAuth" name="test_banking_institutions_returns_503_when_not_configured" time="0.052"><failure message="assert 520 == 503&#10; +  where 520 = &lt;Response [520]&gt;.status_code">tests/test_iteration_14.py:301: in test_banking_institutions_returns_503_when_not_configured
    assert response.status_code == 503
E   assert 520 == 503
E    +  where 520 = &lt;Response [520]&gt;.status_code</failure></testcase><testcase classname="tests.test_iteration_14.TestBankingRoutesAuth" name="test_banking_accounts_requires_auth" time="0.034" /><testcase classname="tests.test_iteration_14.TestBankingRoutesAuth" name="test_banking_accounts_returns_empty_list" time="0.058" /><testcase classname="tests.test_iteration_14.TestEmailRoutes" name="test_send_welcome_email_queued" time="0.078" /><testcase classname="tests.test_iteration_14.TestEmailRoutes" name="test_send_threat_alert_email_queued" time="0.037" /><testcase classname="tests.test_iteration_14.TestEmailRoutes" name="test_send_receipt_email_queued" time="0.039" /><testcase classname="tests.test_iteration_14.TestEmailRoutes" name="test_send_custom_email_queued" time="0.035" /><testcase classname="tests.test_iteration_14.TestWhatsAppRoutes" name="test_send_whatsapp_message_mocked" time="0.036"><failure message="assert 422 == 200&#10; +  where 422 = &lt;Response [422]&gt;.status_code">tests/test_iteration_14.py:386: in test_send_whatsapp_message_mocked
    assert response.status_code == 200
E   assert 422 == 200
E    +  where 422 = &lt;Response [422]&gt;.status_code</failure></testcase><testcase classname="tests.test_iteration_14.TestWhatsAppRoutes" name="test_send_whatsapp_threat_alert_queued" time="0.040" /><testcase classname="tests.test_iteration_14.TestWhatsAppRoutes" name="test_send_whatsapp_sos_alert_queued" time="0.036" /><testcase classname="tests.test_iteration_14.TestWhatsAppRoutes" name="test_whatsapp_webhook_verification" time="0.038" /><testcase classname="tests.test_iteration_14.TestWhatsAppRoutes" name="test_whatsapp_webhook_invalid_token" time="0.036" /></testsuite></testsuites>