<?xml version="1.0" encoding="utf-8"?><testsuites name="pytest tests"><testsuite name="pytest" errors="0" failures="1" skipped="0" tests="17" time="4.549" timestamp="2026-03-06T00:26:24.897387+00:00" hostname="agent-env-508d933e-e6c7-4a1b-9e1b-9306bb7b3b28"><testcase classname="backend.tests.test_iteration_87_production.TestDebugFieldsNotPresent" name="test_familia_login_no_debug_token" time="0.335" /><testcase classname="backend.tests.test_iteration_87_production.TestDebugFieldsNotPresent" name="test_familia_password_reset_no_debug_token" time="0.596" /><testcase classname="backend.tests.test_iteration_87_production.TestDebugFieldsNotPresent" name="test_regular_auth_login_no_debug" time="0.115" /><testcase classname="backend.tests.test_iteration_87_production.TestDebugFieldsNotPresent" name="test_forgot_password_no_debug" time="0.116" /><testcase classname="backend.tests.test_iteration_87_production.TestGestionAuthLogin" name="test_admin_login" time="0.136" /><testcase classname="backend.tests.test_iteration_87_production.TestGestionAuthLogin" name="test_comercial_login" time="0.118" /><testcase classname="backend.tests.test_iteration_87_production.TestGestionAuthLogin" name="test_instalador_login" time="0.138" /><testcase classname="backend.tests.test_iteration_87_production.TestNotificationsSystem" name="test_get_notifications" time="0.288" /><testcase classname="backend.tests.test_iteration_87_production.TestPedidoCreatesNotification" name="test_create_pedido_generates_admin_notification" time="0.483" /><testcase classname="backend.tests.test_iteration_87_production.TestStockLowNotification" name="test_stock_update_low_creates_notification" time="0.520" /><testcase classname="backend.tests.test_iteration_87_production.TestAppVersions" name="test_get_app_versions_shows_2_1_0" time="0.215"><failure message="AssertionError: Expected &gt;= 2.1.0, got 1.0.0&#10;assert (1, 0) &gt;= (2, 1)">backend/tests/test_iteration_87_production.py:288: in test_get_app_versions_shows_2_1_0
    assert (major, minor) &gt;= (2, 1), f"Expected &gt;= 2.1.0, got {v['version_name']}"
E   AssertionError: Expected &gt;= 2.1.0, got 1.0.0
E   assert (1, 0) &gt;= (2, 1)</failure></testcase><testcase classname="backend.tests.test_iteration_87_production.TestAppVersions" name="test_version_check_detects_update_for_2_0_0" time="0.107" /><testcase classname="backend.tests.test_iteration_87_production.TestAppVersions" name="test_version_check_no_update_for_current" time="0.142" /><testcase classname="backend.tests.test_iteration_87_production.TestFamiliaAuth" name="test_familia_register_with_strong_password" time="0.530" /><testcase classname="backend.tests.test_iteration_87_production.TestFamiliaAuth" name="test_familia_login_with_familia_id" time="0.140" /><testcase classname="backend.tests.test_iteration_87_production.TestRoleAccessControl" name="test_comercial_cannot_access_usuarios" time="0.218" /><testcase classname="backend.tests.test_iteration_87_production.TestRoleAccessControl" name="test_admin_can_access_usuarios" time="0.240" /></testsuite></testsuites>