<?xml version="1.0" encoding="utf-8"?><testsuites name="pytest tests"><testsuite name="pytest" errors="0" failures="0" skipped="0" tests="14" time="3.469" timestamp="2026-02-28T00:24:09.785114+00:00" hostname="agent-env-1ed45969-1267-4f49-bece-a303cdc146b5"><testcase classname="tests.test_iteration_58_emergency_analytics.TestEmergency112Integration" name="test_emergency_112_requires_auth" time="0.327" /><testcase classname="tests.test_iteration_58_emergency_analytics.TestEmergency112Integration" name="test_emergency_112_trigger_success" time="0.465" /><testcase classname="tests.test_iteration_58_emergency_analytics.TestEmergency112Integration" name="test_emergency_112_history_requires_auth" time="0.145" /><testcase classname="tests.test_iteration_58_emergency_analytics.TestEmergency112Integration" name="test_emergency_112_history_returns_list" time="0.060" /><testcase classname="tests.test_iteration_58_emergency_analytics.TestTrialReminders" name="test_trial_status_requires_auth" time="0.136" /><testcase classname="tests.test_iteration_58_emergency_analytics.TestTrialReminders" name="test_trial_status_returns_counts" time="0.481" /><testcase classname="tests.test_iteration_58_emergency_analytics.TestTrialReminders" name="test_send_trial_reminders_requires_auth" time="0.178" /><testcase classname="tests.test_iteration_58_emergency_analytics.TestTrialReminders" name="test_send_trial_reminders_admin_only" time="0.072" /><testcase classname="tests.test_iteration_58_emergency_analytics.TestAnalyticsExport" name="test_analytics_export_requires_auth" time="0.168" /><testcase classname="tests.test_iteration_58_emergency_analytics.TestAnalyticsExport" name="test_analytics_export_returns_data" time="0.565" /><testcase classname="tests.test_iteration_58_emergency_analytics.TestAnalyticsExport" name="test_users_csv_requires_auth" time="0.144" /><testcase classname="tests.test_iteration_58_emergency_analytics.TestAnalyticsExport" name="test_users_csv_returns_csv" time="0.069" /><testcase classname="tests.test_iteration_58_emergency_analytics.TestRegressionHealthCheck" name="test_api_health" time="0.148" /><testcase classname="tests.test_iteration_58_emergency_analytics.TestRegressionHealthCheck" name="test_login_endpoint_exists" time="0.379" /></testsuite></testsuites>