<?xml version="1.0" encoding="utf-8"?><testsuites name="pytest tests"><testsuite name="pytest" errors="0" failures="0" skipped="0" tests="9" time="1.831" timestamp="2026-02-14T16:59:35.199752+00:00" hostname="agent-env-1a9b1cd8-6a69-462c-adc7-ddb03d1f6f0a"><testcase classname="tests.test_iteration_39_user_management.TestEnterpriseUserManagement" name="test_clients_list_returns_users" time="0.307" /><testcase classname="tests.test_iteration_39_user_management.TestEnterpriseUserManagement" name="test_get_client_details_by_user_id" time="0.226" /><testcase classname="tests.test_iteration_39_user_management.TestEnterpriseUserManagement" name="test_payment_history_is_real_data" time="0.222" /><testcase classname="tests.test_iteration_39_user_management.TestEnterpriseUserManagement" name="test_payment_status_indicators" time="0.261" /><testcase classname="tests.test_iteration_39_user_management.TestEnterpriseUserManagement" name="test_client_fields_for_spanish_ui" time="0.110" /><testcase classname="tests.test_iteration_39_user_management.TestEnterpriseUserManagement" name="test_clients_unauthorized_returns_401" time="0.133" /><testcase classname="tests.test_iteration_39_user_management.TestEnterpriseUserManagement" name="test_get_nonexistent_client_returns_404" time="0.139" /><testcase classname="tests.test_iteration_39_user_management.TestEnterpriseAuthAndPermissions" name="test_login_with_ceo_credentials" time="0.129" /><testcase classname="tests.test_iteration_39_user_management.TestEnterpriseAuthAndPermissions" name="test_auth_me_returns_user_info" time="0.231" /></testsuite></testsuites>