<?xml version="1.0" encoding="utf-8"?><testsuites name="pytest tests"><testsuite name="pytest" errors="0" failures="1" skipped="0" tests="13" time="1.411" timestamp="2026-01-28T19:13:43.218666+00:00" hostname="agent-env-1eb06850-c548-40f4-8569-7cd3d49ae7f6"><testcase classname="backend.tests.test_family_members.TestFamilyMembersCRUD" name="test_01_login_and_verify_family_plan" time="0.129" /><testcase classname="backend.tests.test_family_members.TestFamilyMembersCRUD" name="test_02_get_family_dashboard" time="0.094" /><testcase classname="backend.tests.test_family_members.TestFamilyMembersCRUD" name="test_03_add_family_member" time="0.118" /><testcase classname="backend.tests.test_family_members.TestFamilyMembersCRUD" name="test_04_add_senior_member" time="0.109" /><testcase classname="backend.tests.test_family_members.TestFamilyMembersCRUD" name="test_05_update_family_member" time="0.127" /><testcase classname="backend.tests.test_family_members.TestFamilyMembersCRUD" name="test_06_delete_family_member" time="0.118" /><testcase classname="backend.tests.test_family_members.TestFamilyMembersCRUD" name="test_07_delete_nonexistent_member" time="0.089" /><testcase classname="backend.tests.test_family_members.TestFamilyMembersCRUD" name="test_08_update_nonexistent_member" time="0.083"><failure message="assert 422 == 404&#10; +  where 422 = &lt;Response [422]&gt;.status_code">backend/tests/test_family_members.py:266: in test_08_update_nonexistent_member
    assert response.status_code == 404
E   assert 422 == 404
E    +  where 422 = &lt;Response [422]&gt;.status_code</failure></testcase><testcase classname="backend.tests.test_family_members.TestFamilyMembersCRUD" name="test_09_member_limit_check" time="0.171" /><testcase classname="backend.tests.test_family_members.TestFamilyMembersCRUD" name="test_10_get_member_activity" time="0.096" /><testcase classname="backend.tests.test_family_members.TestFamilyMembersCRUD" name="test_11_dashboard_stats_accuracy" time="0.094" /><testcase classname="backend.tests.test_family_members.TestFamilyDashboardUnauthorized" name="test_dashboard_without_auth" time="0.037" /><testcase classname="backend.tests.test_family_members.TestFamilyDashboardUnauthorized" name="test_add_member_without_auth" time="0.037" /></testsuite></testsuites>