<?xml version="1.0" encoding="utf-8"?><testsuites name="pytest tests"><testsuite name="pytest" errors="0" failures="0" skipped="0" tests="10" time="1.663" timestamp="2026-01-30T17:25:48.797643+00:00" hostname="agent-env-1eb06850-c548-40f4-8569-7cd3d49ae7f6"><testcase classname="backend.tests.test_seo_checkout.TestSEOFeatures" name="test_robots_txt_accessible" time="0.083" /><testcase classname="backend.tests.test_seo_checkout.TestSEOFeatures" name="test_sitemap_xml_accessible" time="0.053" /><testcase classname="backend.tests.test_seo_checkout.TestSEOFeatures" name="test_sitemap_contains_key_pages" time="0.049" /><testcase classname="backend.tests.test_seo_checkout.TestCheckoutWithCompanyInfo" name="test_checkout_returns_company_info" time="0.432" /><testcase classname="backend.tests.test_seo_checkout.TestCheckoutWithCompanyInfo" name="test_checkout_returns_product_info" time="0.300" /><testcase classname="backend.tests.test_seo_checkout.TestCheckoutWithCompanyInfo" name="test_checkout_returns_stripe_url" time="0.289" /><testcase classname="backend.tests.test_seo_checkout.TestPlansEndpoint" name="test_get_plans" time="0.038" /><testcase classname="backend.tests.test_seo_checkout.TestPlansEndpoint" name="test_plans_have_prices" time="0.035" /><testcase classname="backend.tests.test_seo_checkout.TestNoManoBankReferences" name="test_plans_no_manobank" time="0.036" /><testcase classname="backend.tests.test_seo_checkout.TestNoManoBankReferences" name="test_checkout_no_manobank" time="0.275" /></testsuite></testsuites>