<?xml version="1.0" encoding="utf-8"?><testsuites name="pytest tests"><testsuite name="pytest" errors="0" failures="0" skipped="0" tests="21" time="3.134" timestamp="2026-02-14T17:59:21.362090+00:00" hostname="agent-env-03c13b30-4942-4441-80b1-44bd1bda4326"><testcase classname="backend.tests.test_iteration_41_new_features.TestHealthCheck" name="test_api_health" time="0.156" /><testcase classname="backend.tests.test_iteration_41_new_features.TestReviewsEndpoints" name="test_can_review_unauthenticated" time="0.146" /><testcase classname="backend.tests.test_iteration_41_new_features.TestReviewsEndpoints" name="test_my_review_unauthenticated" time="0.115" /><testcase classname="backend.tests.test_iteration_41_new_features.TestReviewsEndpoints" name="test_public_reviews_endpoint" time="0.109" /><testcase classname="backend.tests.test_iteration_41_new_features.TestReviewsEndpoints" name="test_reviews_stats_endpoint" time="0.222" /><testcase classname="backend.tests.test_iteration_41_new_features.TestExportCSVEndpoints" name="test_export_users_requires_auth" time="0.140" /><testcase classname="backend.tests.test_iteration_41_new_features.TestExportCSVEndpoints" name="test_export_dashboard_summary_requires_auth" time="0.173" /><testcase classname="backend.tests.test_iteration_41_new_features.TestExportCSVEndpoints" name="test_export_reviews_requires_auth" time="0.112" /><testcase classname="backend.tests.test_iteration_41_new_features.TestExportCSVEndpoints" name="test_export_users_csv_with_auth" time="0.198" /><testcase classname="backend.tests.test_iteration_41_new_features.TestExportCSVEndpoints" name="test_export_dashboard_summary_with_auth" time="0.065" /><testcase classname="backend.tests.test_iteration_41_new_features.TestExportCSVEndpoints" name="test_export_reviews_csv_with_auth" time="0.058" /><testcase classname="backend.tests.test_iteration_41_new_features.TestExportCSVEndpoints" name="test_export_alerts_csv_with_auth" time="0.055" /><testcase classname="backend.tests.test_iteration_41_new_features.TestExportCSVEndpoints" name="test_export_sos_csv_with_auth" time="0.054" /><testcase classname="backend.tests.test_iteration_41_new_features.TestExportCSVEndpoints" name="test_export_payments_csv_with_auth" time="0.058" /><testcase classname="backend.tests.test_iteration_41_new_features.TestTwoFactorAuth" name="test_2fa_status_requires_auth" time="0.113" /><testcase classname="backend.tests.test_iteration_41_new_features.TestTwoFactorAuth" name="test_2fa_setup_requires_auth" time="0.120" /><testcase classname="backend.tests.test_iteration_41_new_features.TestTwoFactorAuth" name="test_2fa_status_with_auth" time="0.183" /><testcase classname="backend.tests.test_iteration_41_new_features.TestTwoFactorAuth" name="test_2fa_setup_with_auth" time="0.164" /><testcase classname="backend.tests.test_iteration_41_new_features.TestEnterprisePortalSections" name="test_enterprise_auth_me" time="0.171" /><testcase classname="backend.tests.test_iteration_41_new_features.TestEnterprisePortalSections" name="test_enterprise_dashboard_stats" time="0.461" /><testcase classname="backend.tests.test_iteration_41_new_features.TestDashboardReviewTab" name="test_landing_stats_includes_reviews" time="0.169" /></testsuite></testsuites>