<?xml version="1.0" encoding="utf-8"?><testsuites name="pytest tests"><testsuite name="pytest" errors="0" failures="0" skipped="0" tests="18" time="3.415" timestamp="2026-03-02T02:33:30.633425+00:00" hostname="agent-env-5df08b65-af06-4d5c-9ca1-fec3b567511b"><testcase classname="backend.tests.test_iteration_77_pricing.TestPlansAPI" name="test_plans_endpoint_returns_200" time="0.379" /><testcase classname="backend.tests.test_iteration_77_pricing.TestPlansAPI" name="test_alarm_plans_correct_prices" time="0.146" /><testcase classname="backend.tests.test_iteration_77_pricing.TestPlansAPI" name="test_alarm_business_plans_correct_prices" time="0.103" /><testcase classname="backend.tests.test_iteration_77_pricing.TestPlansAPI" name="test_sentinel_plans_correct_prices" time="0.125" /><testcase classname="backend.tests.test_iteration_77_pricing.TestPlansAPI" name="test_referral_bonus_message" time="0.130" /><testcase classname="backend.tests.test_iteration_77_pricing.TestReferralValidation" name="test_invalid_referral_code" time="0.157" /><testcase classname="backend.tests.test_iteration_77_pricing.TestReferralValidation" name="test_invalid_referral_code_variations" time="0.582" /><testcase classname="backend.tests.test_iteration_77_pricing.TestPanelVecinalReferrals" name="test_panel_vecinal_referral_validate_invalid" time="0.117" /><testcase classname="backend.tests.test_iteration_77_pricing.TestPanelVecinalReferrals" name="test_panel_vecinal_plan_info" time="0.109" /><testcase classname="backend.tests.test_iteration_77_pricing.TestCheckoutSession" name="test_checkout_session_accepts_referral_code" time="0.546" /><testcase classname="backend.tests.test_iteration_77_pricing.TestDashboardBarrio" name="test_public_stats" time="0.129" /><testcase classname="backend.tests.test_iteration_77_pricing.TestDashboardBarrio" name="test_ranking_endpoint" time="0.114" /><testcase classname="backend.tests.test_iteration_77_pricing.TestEnterpriseCentral" name="test_enterprise_dashboard" time="0.131" /><testcase classname="backend.tests.test_iteration_77_pricing.TestEnterpriseCentral" name="test_enterprise_leads" time="0.112" /><testcase classname="backend.tests.test_iteration_77_pricing.TestEnterpriseCentral" name="test_enterprise_installations" time="0.120" /><testcase classname="backend.tests.test_iteration_77_pricing.TestCommunityShield" name="test_community_heatmap" time="0.111" /><testcase classname="backend.tests.test_iteration_77_pricing.TestHealthCheck" name="test_heartbeat" time="0.099" /><testcase classname="backend.tests.test_iteration_77_pricing.TestHealthCheck" name="test_health_check" time="0.108" /></testsuite></testsuites>