<?xml version="1.0" encoding="utf-8"?><testsuites name="pytest tests"><testsuite name="pytest" errors="0" failures="0" skipped="0" tests="14" time="1.143" timestamp="2026-01-28T16:19:01.204644+00:00" hostname="agent-env-e85758dc-17b0-40a7-86c9-ca916be7a2fe"><testcase classname="backend.tests.test_employee_portal_iteration_21.TestAPIHealth" name="test_api_root_accessible" time="0.064" /><testcase classname="backend.tests.test_employee_portal_iteration_21.TestDirectorLogin" name="test_director_login_success" time="0.074" /><testcase classname="backend.tests.test_employee_portal_iteration_21.TestDirectorLogin" name="test_director_dashboard_access" time="0.133" /><testcase classname="backend.tests.test_employee_portal_iteration_21.TestSubdirectorLogin" name="test_subdirector_login_success" time="0.082" /><testcase classname="backend.tests.test_employee_portal_iteration_21.TestSubdirectorLogin" name="test_subdirector_dashboard_access" time="0.092" /><testcase classname="backend.tests.test_employee_portal_iteration_21.TestCORSConfiguration" name="test_cors_preflight_login" time="0.038" /><testcase classname="backend.tests.test_employee_portal_iteration_21.TestCORSConfiguration" name="test_cors_preflight_dashboard" time="0.039" /><testcase classname="backend.tests.test_employee_portal_iteration_21.TestAuthenticationFlow" name="test_unauthenticated_dashboard_access_denied" time="0.043" /><testcase classname="backend.tests.test_employee_portal_iteration_21.TestAuthenticationFlow" name="test_invalid_credentials_rejected" time="0.042" /><testcase classname="backend.tests.test_employee_portal_iteration_21.TestAuthenticationFlow" name="test_auth_me_endpoint" time="0.087" /><testcase classname="backend.tests.test_employee_portal_iteration_21.TestDashboardData" name="test_dashboard_stats_structure" time="0.087" /><testcase classname="backend.tests.test_employee_portal_iteration_21.TestDashboardData" name="test_dashboard_pending_structure" time="0.094" /><testcase classname="backend.tests.test_employee_portal_iteration_21.TestEmployeeEndpoints" name="test_list_employees" time="0.084" /><testcase classname="backend.tests.test_employee_portal_iteration_21.TestFraudAlerts" name="test_list_fraud_alerts" time="0.126" /></testsuite></testsuites>