<?xml version="1.0" encoding="utf-8"?><testsuites name="pytest tests"><testsuite name="pytest" errors="0" failures="0" skipped="0" tests="11" time="4.800" timestamp="2026-02-12T23:11:34.572087+00:00" hostname="agent-env-94c398b8-5df6-4d10-b8b4-d13db612b999"><testcase classname="tests.test_device_checkout_flow.TestDeviceCheckout" name="test_health_check" time="0.083" /><testcase classname="tests.test_device_checkout_flow.TestDeviceCheckout" name="test_device_checkout_single_device" time="0.500" /><testcase classname="tests.test_device_checkout_flow.TestDeviceCheckout" name="test_device_checkout_multiple_devices_with_colors" time="0.313" /><testcase classname="tests.test_device_checkout_flow.TestDeviceCheckout" name="test_device_checkout_senior_style" time="0.280" /><testcase classname="tests.test_device_checkout_flow.TestDeviceCheckout" name="test_device_checkout_max_quantity" time="0.331" /><testcase classname="tests.test_device_checkout_flow.TestDeviceCheckout" name="test_device_checkout_missing_shipping" time="0.343" /><testcase classname="tests.test_device_checkout_flow.TestPaymentPlans" name="test_get_plans" time="0.039" /><testcase classname="tests.test_device_checkout_flow.TestPaymentPlans" name="test_plans_trial_info" time="0.037" /><testcase classname="tests.test_device_checkout_flow.TestShippingCosts" name="test_shipping_costs_scale" time="1.623" /><testcase classname="tests.test_device_checkout_flow.TestDeviceStyles" name="test_all_device_styles_accepted" time="0.895" /><testcase classname="tests.test_device_checkout_flow.TestColorOptions" name="test_all_colors_accepted" time="0.287" /></testsuite></testsuites>