<?xml version="1.0" encoding="utf-8"?><testsuites name="pytest tests"><testsuite name="pytest" errors="0" failures="0" skipped="0" tests="13" time="0.849" timestamp="2026-01-21T17:56:54.552030+00:00" hostname="agent-env-48ec0338-cb6d-49c7-90b2-282ebf892fdd"><testcase classname="tests.test_iteration_16.TestPublicScamEndpoints" name="test_verify_scam_phone_not_found" time="0.122" /><testcase classname="tests.test_iteration_16.TestPublicScamEndpoints" name="test_verify_scam_email_not_found" time="0.066" /><testcase classname="tests.test_iteration_16.TestPublicScamEndpoints" name="test_verify_scam_missing_value" time="0.040" /><testcase classname="tests.test_iteration_16.TestPublicScamEndpoints" name="test_report_scam_phone" time="0.063" /><testcase classname="tests.test_iteration_16.TestPublicScamEndpoints" name="test_report_scam_email" time="0.075" /><testcase classname="tests.test_iteration_16.TestPublicScamEndpoints" name="test_report_scam_missing_value" time="0.037" /><testcase classname="tests.test_iteration_16.TestPublicScamEndpoints" name="test_scam_stats" time="0.069" /><testcase classname="tests.test_iteration_16.TestEmployeeAuthentication" name="test_employee_login_step1" time="0.043" /><testcase classname="tests.test_iteration_16.TestEmployeeAuthentication" name="test_employee_login_invalid_credentials" time="0.042" /><testcase classname="tests.test_iteration_16.TestEmployeeAdminEndpoints" name="test_admin_dashboard_unauthorized" time="0.042" /><testcase classname="tests.test_iteration_16.TestEmployeeAdminEndpoints" name="test_admin_employees_unauthorized" time="0.038" /><testcase classname="tests.test_iteration_16.TestEmployeeAdminEndpoints" name="test_admin_loans_unauthorized" time="0.046" /><testcase classname="tests.test_iteration_16.TestPublicBankInfo" name="test_public_bank_info" time="0.042" /></testsuite></testsuites>