<?xml version="1.0" encoding="utf-8"?><testsuites name="pytest tests"><testsuite name="pytest" errors="0" failures="1" skipped="0" tests="12" time="2.846" timestamp="2026-02-04T10:25:47.312289+00:00" hostname="agent-env-041a6ed3-ba2c-4b5b-862c-e0d6b5f6eb7f"><testcase classname="backend.tests.test_sos_alert_contacts.TestSOSAlertContacts" name="test_01_health_check" time="0.095" /><testcase classname="backend.tests.test_sos_alert_contacts.TestSOSAlertContacts" name="test_02_login_superadmin" time="0.266"><failure message="AssertionError: assert 'user' in {'email': 'info@manoprotect.com', 'name': 'ManoProtect Admin', 'picture': None, 'plan': 'enterprise', ...}">backend/tests/test_sos_alert_contacts.py:45: in test_02_login_superadmin
    assert "user" in data
E   AssertionError: assert 'user' in {'email': 'info@manoprotect.com', 'name': 'ManoProtect Admin', 'picture': None, 'plan': 'enterprise', ...}</failure></testcase><testcase classname="backend.tests.test_sos_alert_contacts.TestSOSAlertContacts" name="test_03_get_contacts" time="0.278" /><testcase classname="backend.tests.test_sos_alert_contacts.TestSOSAlertContacts" name="test_04_create_emergency_contact" time="0.278" /><testcase classname="backend.tests.test_sos_alert_contacts.TestSOSAlertContacts" name="test_05_create_receive_alerts_contact" time="0.270" /><testcase classname="backend.tests.test_sos_alert_contacts.TestSOSAlertContacts" name="test_06_send_sos_alert" time="0.837" /><testcase classname="backend.tests.test_sos_alert_contacts.TestSOSAlertContacts" name="test_07_verify_sos_history" time="0.267" /><testcase classname="backend.tests.test_sos_alert_contacts.TestSOSAlertContacts" name="test_08_app_ads_txt_accessible" time="0.048" /><testcase classname="backend.tests.test_sos_alert_contacts.TestSOSAlertContacts" name="test_09_cleanup_test_contacts" time="0.299" /><testcase classname="backend.tests.test_sos_alert_contacts.TestFrontendPages" name="test_10_sos_quick_page" time="0.041" /><testcase classname="backend.tests.test_sos_alert_contacts.TestFrontendPages" name="test_11_sos_alert_page" time="0.036" /><testcase classname="backend.tests.test_sos_alert_contacts.TestFrontendPages" name="test_12_app_ads_txt_from_root" time="0.037" /></testsuite></testsuites>