<?xml version="1.0" encoding="utf-8"?><testsuites name="pytest tests"><testsuite name="pytest" errors="0" failures="0" skipped="0" tests="11" time="3.009" timestamp="2026-03-01T18:10:29.969633+00:00" hostname="agent-env-88d65b48-546e-4ac4-8105-6aca123b2c68"><testcase classname="backend.tests.test_community_shield.TestCommunityShieldStats" name="test_stats_returns_200" time="0.243" /><testcase classname="backend.tests.test_community_shield.TestCommunityShieldIncidents" name="test_incidents_returns_200" time="0.138" /><testcase classname="backend.tests.test_community_shield.TestCommunityShieldCreateIncident" name="test_create_incident_success" time="0.152" /><testcase classname="backend.tests.test_community_shield.TestCommunityShieldCreateIncident" name="test_create_incident_invalid_type" time="0.109" /><testcase classname="backend.tests.test_community_shield.TestCommunityShieldCreateIncident" name="test_create_incident_all_types" time="0.955" /><testcase classname="backend.tests.test_community_shield.TestCommunityShieldConfirmIncident" name="test_confirm_existing_incident" time="0.284" /><testcase classname="backend.tests.test_community_shield.TestCommunityShieldConfirmIncident" name="test_confirm_nonexistent_incident" time="0.105" /><testcase classname="backend.tests.test_community_shield.TestCommunityShieldResolveIncident" name="test_resolve_existing_incident" time="0.262" /><testcase classname="backend.tests.test_community_shield.TestCommunityShieldResolveIncident" name="test_resolve_nonexistent_incident" time="0.147" /><testcase classname="backend.tests.test_community_shield.TestCommunityShieldHeatmap" name="test_heatmap_returns_200" time="0.117" /><testcase classname="backend.tests.test_community_shield.TestCommunityShieldIntegration" name="test_create_and_verify_incident_appears_in_list" time="0.404" /></testsuite></testsuites>