<?xml version="1.0" encoding="utf-8"?><testsuites name="pytest tests"><testsuite name="pytest" errors="0" failures="0" skipped="0" tests="13" time="0.946" timestamp="2026-01-14T12:09:45.977674+00:00" hostname="agent-env-4d280067-8990-4fd0-9964-6de60fdf3e20"><testcase classname="tests.test_iteration_9.TestBankingSupportedBanks" name="test_supported_banks_returns_11_banks" time="0.060" /><testcase classname="tests.test_iteration_9.TestBankingSupportedBanks" name="test_supported_banks_includes_new_banks" time="0.039" /><testcase classname="tests.test_iteration_9.TestBankingSupportedBanks" name="test_supported_banks_includes_original_banks" time="0.036" /><testcase classname="tests.test_iteration_9.TestAdminLogin" name="test_admin_login_success" time="0.035" /><testcase classname="tests.test_iteration_9.TestAdminLogin" name="test_admin_login_invalid_password" time="0.035" /><testcase classname="tests.test_iteration_9.TestAdminSubscriptions" name="test_subscriptions_requires_auth" time="0.033" /><testcase classname="tests.test_iteration_9.TestAdminSubscriptions" name="test_subscriptions_returns_data" time="0.087" /><testcase classname="tests.test_iteration_9.TestAdminUserPlanUpdate" name="test_plan_update_requires_auth" time="0.033" /><testcase classname="tests.test_iteration_9.TestAdminUserPlanUpdate" name="test_plan_update_invalid_plan" time="0.090" /><testcase classname="tests.test_iteration_9.TestAdminUserPlanUpdate" name="test_plan_update_success" time="0.147" /><testcase classname="tests.test_iteration_9.TestAdminUserPlanUpdate" name="test_plan_update_all_valid_plans" time="0.210" /><testcase classname="tests.test_iteration_9.TestAdminDashboard" name="test_dashboard_requires_auth" time="0.034" /><testcase classname="tests.test_iteration_9.TestAdminDashboard" name="test_dashboard_returns_stats" time="0.042" /></testsuite></testsuites>