<?xml version="1.0" encoding="utf-8"?><testsuites name="pytest tests"><testsuite name="pytest" errors="0" failures="2" skipped="0" tests="9" time="2.021" timestamp="2026-02-14T18:33:37.542458+00:00" hostname="agent-env-92b8ee8b-22b9-404b-90f2-dcccd7767b91"><testcase classname="backend.tests.test_2fa_login_flow.TestHealthCheck" name="test_api_health" time="0.658" /><testcase classname="backend.tests.test_2fa_login_flow.TestLoginWithout2FA" name="test_login_without_2fa_success" time="0.185"><failure message="AssertionError: Expected 200, got 401&#10;assert 401 == 200&#10; +  where 401 = &lt;Response [401]&gt;.status_code">backend/tests/test_2fa_login_flow.py:59: in test_login_without_2fa_success
    assert response.status_code == 200, f"Expected 200, got {response.status_code}"
E   AssertionError: Expected 200, got 401
E   assert 401 == 200
E    +  where 401 = &lt;Response [401]&gt;.status_code</failure></testcase><testcase classname="backend.tests.test_2fa_login_flow.TestLoginWithout2FA" name="test_login_invalid_credentials" time="0.122" /><testcase classname="backend.tests.test_2fa_login_flow.TestLoginWith2FARequired" name="test_login_with_2fa_requires_code" time="0.140" /><testcase classname="backend.tests.test_2fa_login_flow.TestLoginWith2FARequired" name="test_2fa_with_valid_totp_code" time="0.143" /><testcase classname="backend.tests.test_2fa_login_flow.TestLoginWith2FARequired" name="test_2fa_with_invalid_totp_code" time="0.142" /><testcase classname="backend.tests.test_2fa_login_flow.TestLoginWith2FARequired" name="test_2fa_with_backup_code" time="0.121" /><testcase classname="backend.tests.test_2fa_login_flow.TestLoginWith2FARequired" name="test_2fa_with_wrong_password" time="0.275" /><testcase classname="backend.tests.test_2fa_login_flow.TestNon2FAUserUsing2FAEndpoint" name="test_non_2fa_user_on_2fa_endpoint" time="0.135"><failure message="AssertionError: Should return 400 for user without 2FA&#10;assert 401 == 400&#10; +  where 401 = &lt;Response [401]&gt;.status_code">backend/tests/test_2fa_login_flow.py:214: in test_non_2fa_user_on_2fa_endpoint
    assert response.status_code == 400, "Should return 400 for user without 2FA"
E   AssertionError: Should return 400 for user without 2FA
E   assert 401 == 400
E    +  where 401 = &lt;Response [401]&gt;.status_code</failure></testcase></testsuite></testsuites>