<?xml version="1.0" encoding="utf-8"?><testsuites name="pytest tests"><testsuite name="pytest" errors="0" failures="0" skipped="0" tests="30" time="5.248" timestamp="2026-03-27T23:47:44.832727+00:00" hostname="agent-env-b96e1871-b2d6-44f9-a341-0ce16b8cb1e8"><testcase classname="backend.tests.test_iteration_138_appcliente_features.TestAlarmStatus" name="test_get_alarm_status" time="0.631" /><testcase classname="backend.tests.test_iteration_138_appcliente_features.TestAlarmStatus" name="test_arm_total_with_pin" time="0.125" /><testcase classname="backend.tests.test_iteration_138_appcliente_features.TestAlarmStatus" name="test_arm_partial_with_pin" time="0.128" /><testcase classname="backend.tests.test_iteration_138_appcliente_features.TestAlarmStatus" name="test_disarm_with_correct_pin" time="0.119" /><testcase classname="backend.tests.test_iteration_138_appcliente_features.TestAlarmStatus" name="test_disarm_with_wrong_pin_fails" time="0.122" /><testcase classname="backend.tests.test_iteration_138_appcliente_features.TestAlarmStatus" name="test_alarm_status_no_auth_fails" time="0.109" /><testcase classname="backend.tests.test_iteration_138_appcliente_features.TestSecurityZones" name="test_get_zones_returns_list" time="0.105" /><testcase classname="backend.tests.test_iteration_138_appcliente_features.TestSecurityZones" name="test_zones_have_required_fields" time="0.102" /><testcase classname="backend.tests.test_iteration_138_appcliente_features.TestSecurityZones" name="test_zones_have_valid_types" time="0.106" /><testcase classname="backend.tests.test_iteration_138_appcliente_features.TestSecurityZones" name="test_zones_no_auth_fails" time="0.108" /><testcase classname="backend.tests.test_iteration_138_appcliente_features.TestCameras" name="test_get_cameras_returns_list" time="0.170" /><testcase classname="backend.tests.test_iteration_138_appcliente_features.TestCameras" name="test_cameras_have_required_fields" time="0.159" /><testcase classname="backend.tests.test_iteration_138_appcliente_features.TestCameras" name="test_cameras_no_auth_fails" time="0.104" /><testcase classname="backend.tests.test_iteration_138_appcliente_features.TestEvents" name="test_get_events_returns_list" time="0.117" /><testcase classname="backend.tests.test_iteration_138_appcliente_features.TestEvents" name="test_events_created_after_arm_disarm" time="0.365" /><testcase classname="backend.tests.test_iteration_138_appcliente_features.TestEvents" name="test_events_no_auth_fails" time="0.106" /><testcase classname="backend.tests.test_iteration_138_appcliente_features.TestSOS" name="test_activate_sos_with_location" time="0.140" /><testcase classname="backend.tests.test_iteration_138_appcliente_features.TestSOS" name="test_activate_sos_without_location" time="0.156" /><testcase classname="backend.tests.test_iteration_138_appcliente_features.TestSOS" name="test_sos_creates_event" time="0.244" /><testcase classname="backend.tests.test_iteration_138_appcliente_features.TestSOS" name="test_sos_no_auth_fails" time="0.103" /><testcase classname="backend.tests.test_iteration_138_appcliente_features.TestEmergencyContacts" name="test_get_contacts_returns_list" time="0.136" /><testcase classname="backend.tests.test_iteration_138_appcliente_features.TestEmergencyContacts" name="test_add_emergency_contact" time="0.109" /><testcase classname="backend.tests.test_iteration_138_appcliente_features.TestEmergencyContacts" name="test_delete_emergency_contact" time="0.214" /><testcase classname="backend.tests.test_iteration_138_appcliente_features.TestEmergencyContacts" name="test_contacts_no_auth_fails" time="0.116" /><testcase classname="backend.tests.test_iteration_138_appcliente_features.TestSettings" name="test_get_settings" time="0.115" /><testcase classname="backend.tests.test_iteration_138_appcliente_features.TestSettings" name="test_change_pin" time="0.336" /><testcase classname="backend.tests.test_iteration_138_appcliente_features.TestSettings" name="test_update_night_mode_zones" time="0.227" /><testcase classname="backend.tests.test_iteration_138_appcliente_features.TestSettings" name="test_settings_empty_update_fails" time="0.112" /><testcase classname="backend.tests.test_iteration_138_appcliente_features.TestSettings" name="test_settings_no_auth_fails" time="0.121" /><testcase classname="backend.tests.test_iteration_138_appcliente_features.TestExistingUser" name="test_login_existing_user" time="0.333" /></testsuite></testsuites>