<?xml version="1.0" encoding="utf-8"?><testsuites name="pytest tests"><testsuite name="pytest" errors="0" failures="1" skipped="0" tests="20" time="6.886" timestamp="2026-03-06T12:16:36.519060+00:00" hostname="agent-env-e59138a7-317c-4fdb-ad7b-6e738af8ba31"><testcase classname="backend.tests.test_iteration_90_auth_bcrypt_seo.TestGestionAuthLogin" name="test_gestion_admin_login_returns_token" time="1.177" /><testcase classname="backend.tests.test_iteration_90_auth_bcrypt_seo.TestGestionAuthLogin" name="test_gestion_comercial_login_returns_token_with_rol" time="0.343" /><testcase classname="backend.tests.test_iteration_90_auth_bcrypt_seo.TestGestionAuthLogin" name="test_gestion_instalador_login_returns_token_with_rol" time="0.354" /><testcase classname="backend.tests.test_iteration_90_auth_bcrypt_seo.TestCEOAuth" name="test_ceo_login_returns_user_data" time="0.338" /><testcase classname="backend.tests.test_iteration_90_auth_bcrypt_seo.TestAuthErrorMessages" name="test_wrong_password_returns_contrasena_incorrecta" time="0.332" /><testcase classname="backend.tests.test_iteration_90_auth_bcrypt_seo.TestAuthErrorMessages" name="test_nonexistent_email_returns_usuario_no_encontrado" time="0.144" /><testcase classname="backend.tests.test_iteration_90_auth_bcrypt_seo.TestAutoSeed" name="test_seed_admin_creates_or_updates_users" time="0.802" /><testcase classname="backend.tests.test_iteration_90_auth_bcrypt_seo.TestBcryptHashing" name="test_login_works_after_seed_with_bcrypt" time="1.144" /><testcase classname="backend.tests.test_iteration_90_auth_bcrypt_seo.TestRBACGestion" name="test_admin_can_access_usuarios" time="0.496" /><testcase classname="backend.tests.test_iteration_90_auth_bcrypt_seo.TestRBACGestion" name="test_comercial_cannot_access_usuarios" time="0.458" /><testcase classname="backend.tests.test_iteration_90_auth_bcrypt_seo.TestSEORobotsTxt" name="test_robots_txt_accessible" time="0.102" /><testcase classname="backend.tests.test_iteration_90_auth_bcrypt_seo.TestSEORobotsTxt" name="test_robots_txt_contains_disallow_gestion" time="0.100" /><testcase classname="backend.tests.test_iteration_90_auth_bcrypt_seo.TestSEORobotsTxt" name="test_robots_txt_contains_allow_familia" time="0.119" /><testcase classname="backend.tests.test_iteration_90_auth_bcrypt_seo.TestSEOSitemap" name="test_sitemap_xml_accessible" time="0.104" /><testcase classname="backend.tests.test_iteration_90_auth_bcrypt_seo.TestSEOSitemap" name="test_sitemap_contains_familia_page" time="0.109" /><testcase classname="backend.tests.test_iteration_90_auth_bcrypt_seo.TestSEOAssetLinks" name="test_assetlinks_json_accessible" time="0.100" /><testcase classname="backend.tests.test_iteration_90_auth_bcrypt_seo.TestSEOMetaTags" name="test_html_contains_ga4_id" time="0.114" /><testcase classname="backend.tests.test_iteration_90_auth_bcrypt_seo.TestSEOMetaTags" name="test_html_contains_gtm_id" time="0.109" /><testcase classname="backend.tests.test_iteration_90_auth_bcrypt_seo.TestSEOMetaTags" name="test_meta_descriptions_consistent" time="0.104"><failure message="AssertionError: og:description and twitter:description should match&#10;assert 'Alarmas prof...3,90 EUR/mes.' == 'Alarmas prof...3,90 EUR/mes.'&#10;  &#10;  - Alarmas profesionales 24/7. Sentinel Lock, CRA, App movil. Instalacion GRATIS. Desde 33,90 EUR/mes.&#10;  ?                      ^^^^^^                   ^^^^^^^^^^^&#10;  + Alarmas profesionales, Sentinel Lock, Central CRA 24/7. Instalacion GRATIS, sin permanencia. Desde 33,90 EUR/mes.&#10;  ?                      ^                ++++++++   ^^^^^                    +++++++++++++++++">backend/tests/test_iteration_90_auth_bcrypt_seo.py:336: in test_meta_descriptions_consistent
    assert og_desc == twitter_desc, \
E   AssertionError: og:description and twitter:description should match
E   assert 'Alarmas prof...3,90 EUR/mes.' == 'Alarmas prof...3,90 EUR/mes.'
E     
E     - Alarmas profesionales 24/7. Sentinel Lock, CRA, App movil. Instalacion GRATIS. Desde 33,90 EUR/mes.
E     ?                      ^^^^^^                   ^^^^^^^^^^^
E     + Alarmas profesionales, Sentinel Lock, Central CRA 24/7. Instalacion GRATIS, sin permanencia. Desde 33,90 EUR/mes.
E     ?                      ^                ++++++++   ^^^^^                    +++++++++++++++++</failure></testcase><testcase classname="backend.tests.test_iteration_90_auth_bcrypt_seo.TestHealthCheck" name="test_api_health" time="0.144" /></testsuite></testsuites>