<?xml version="1.0" encoding="utf-8"?><testsuites name="pytest tests"><testsuite name="pytest" errors="0" failures="2" skipped="0" tests="20" time="11.511" timestamp="2026-02-11T09:48:35.130164+00:00" hostname="agent-env-87de7531-e0a7-434c-a26d-ef3135f3f344"><testcase classname="backend.tests.test_realtime_scam_verification.TestAPIStatus" name="test_api_status_endpoint" time="0.248" /><testcase classname="backend.tests.test_realtime_scam_verification.TestURLVerification" name="test_check_safe_url" time="0.309" /><testcase classname="backend.tests.test_realtime_scam_verification.TestURLVerification" name="test_check_suspicious_url" time="0.763" /><testcase classname="backend.tests.test_realtime_scam_verification.TestURLVerification" name="test_check_url_with_bank_pattern" time="2.763"><failure message="AssertionError: Should be flagged as unsafe or high risk&#10;assert (True == False or 25 &gt;= 50)">backend/tests/test_realtime_scam_verification.py:109: in test_check_url_with_bank_pattern
    assert data["is_safe"] == False or data["risk_score"] &gt;= 50, "Should be flagged as unsafe or high risk"
E   AssertionError: Should be flagged as unsafe or high risk
E   assert (True == False or 25 &gt;= 50)</failure></testcase><testcase classname="backend.tests.test_realtime_scam_verification.TestURLVerification" name="test_url_normalization" time="2.098" /><testcase classname="backend.tests.test_realtime_scam_verification.TestPhoneVerification" name="test_check_spanish_phone" time="0.053" /><testcase classname="backend.tests.test_realtime_scam_verification.TestPhoneVerification" name="test_check_premium_rate_number" time="0.038" /><testcase classname="backend.tests.test_realtime_scam_verification.TestPhoneVerification" name="test_check_nigerian_phone" time="0.040" /><testcase classname="backend.tests.test_realtime_scam_verification.TestPhoneVerification" name="test_phone_normalization" time="0.037" /><testcase classname="backend.tests.test_realtime_scam_verification.TestEmailVerification" name="test_check_normal_email" time="0.037" /><testcase classname="backend.tests.test_realtime_scam_verification.TestEmailVerification" name="test_check_temp_email" time="0.040" /><testcase classname="backend.tests.test_realtime_scam_verification.TestEmailVerification" name="test_check_suspicious_bank_email" time="0.034" /><testcase classname="backend.tests.test_realtime_scam_verification.TestIPVerification" name="test_check_valid_ip" time="0.465" /><testcase classname="backend.tests.test_realtime_scam_verification.TestIPVerification" name="test_check_invalid_ip_format" time="0.032" /><testcase classname="backend.tests.test_realtime_scam_verification.TestIPVerification" name="test_check_private_ip" time="0.283" /><testcase classname="backend.tests.test_realtime_scam_verification.TestScamReporting" name="test_report_phone_scam" time="1.069"><failure message="AssertionError: Reported phone should have elevated risk&#10;assert 0 &gt;= 40">backend/tests/test_realtime_scam_verification.py:330: in test_report_phone_scam
    assert check_data["risk_score"] &gt;= 40, "Reported phone should have elevated risk"
E   AssertionError: Reported phone should have elevated risk
E   assert 0 &gt;= 40</failure></testcase><testcase classname="backend.tests.test_realtime_scam_verification.TestScamReporting" name="test_report_email_scam" time="0.043" /><testcase classname="backend.tests.test_realtime_scam_verification.TestScamReporting" name="test_duplicate_report_increments_count" time="0.067" /><testcase classname="backend.tests.test_realtime_scam_verification.TestTrendingScams" name="test_get_trending_scams" time="0.036" /><testcase classname="backend.tests.test_realtime_scam_verification.TestBulkCheck" name="test_bulk_url_check" time="2.826" /></testsuite></testsuites>