<?xml version="1.0" encoding="utf-8"?><testsuites name="pytest tests"><testsuite name="pytest" errors="0" failures="0" skipped="0" tests="23" time="1.633" timestamp="2026-01-14T12:25:50.321222+00:00" hostname="agent-env-4d280067-8990-4fd0-9964-6de60fdf3e20"><testcase classname="tests.test_iteration_10.TestAdminAuth" name="test_admin_login_success" time="0.074" /><testcase classname="tests.test_iteration_10.TestFamilyDashboard" name="test_family_dashboard_requires_auth" time="0.077" /><testcase classname="tests.test_iteration_10.TestFamilyDashboard" name="test_family_dashboard_returns_data" time="0.049" /><testcase classname="tests.test_iteration_10.TestFamilyMembers" name="test_add_family_member_requires_auth" time="0.038" /><testcase classname="tests.test_iteration_10.TestFamilyMembers" name="test_add_family_member_success" time="0.135" /><testcase classname="tests.test_iteration_10.TestFamilyMembers" name="test_add_senior_family_member" time="0.012" /><testcase classname="tests.test_iteration_10.TestFamilyMembers" name="test_update_family_member" time="0.062" /><testcase classname="tests.test_iteration_10.TestFamilyMembers" name="test_delete_family_member" time="0.066" /><testcase classname="tests.test_iteration_10.TestEnterpriseDashboard" name="test_enterprise_dashboard_requires_auth" time="0.034" /><testcase classname="tests.test_iteration_10.TestEnterpriseDashboard" name="test_enterprise_dashboard_returns_summary" time="0.085" /><testcase classname="tests.test_iteration_10.TestEnterpriseDashboard" name="test_enterprise_dashboard_returns_risk_distribution" time="0.009" /><testcase classname="tests.test_iteration_10.TestEnterpriseDashboard" name="test_enterprise_dashboard_returns_departments" time="0.010" /><testcase classname="tests.test_iteration_10.TestEnterpriseDashboard" name="test_enterprise_dashboard_returns_trend_data" time="0.010" /><testcase classname="tests.test_iteration_10.TestEnterpriseReports" name="test_enterprise_reports_requires_auth" time="0.031" /><testcase classname="tests.test_iteration_10.TestEnterpriseReports" name="test_enterprise_reports_default_period" time="0.085" /><testcase classname="tests.test_iteration_10.TestEnterpriseReports" name="test_enterprise_reports_different_periods" time="0.076" /><testcase classname="tests.test_iteration_10.TestAdminSubscriptions" name="test_admin_subscriptions_requires_auth" time="0.042" /><testcase classname="tests.test_iteration_10.TestAdminSubscriptions" name="test_admin_subscriptions_returns_data" time="0.085" /><testcase classname="tests.test_iteration_10.TestAdminSubscriptions" name="test_admin_users_list" time="0.011" /><testcase classname="tests.test_iteration_10.TestAdminPlanUpdate" name="test_plan_update_requires_auth" time="0.035" /><testcase classname="tests.test_iteration_10.TestAdminPlanUpdate" name="test_plan_update_invalid_plan" time="0.098" /><testcase classname="tests.test_iteration_10.TestAdminPlanUpdate" name="test_plan_update_all_valid_plans" time="0.313" /><testcase classname="tests.test_iteration_10.TestCleanup" name="test_cleanup_test_members" time="0.108" /></testsuite></testsuites>