<?xml version="1.0" encoding="utf-8"?><testsuites name="pytest tests"><testsuite name="pytest" errors="0" failures="1" skipped="0" tests="23" time="3.596" timestamp="2026-01-16T17:16:57.259725+00:00" hostname="agent-env-37cc3496-6002-45c4-9c68-725439101d3a"><testcase classname="tests.test_iteration_13.TestPlansEndpoint" name="test_plans_endpoint_returns_200" time="0.073" /><testcase classname="tests.test_iteration_13.TestPlansEndpoint" name="test_plans_returns_individual_plans" time="0.036" /><testcase classname="tests.test_iteration_13.TestPlansEndpoint" name="test_plans_returns_family_plans" time="0.037" /><testcase classname="tests.test_iteration_13.TestPlansEndpoint" name="test_weekly_price_is_9_99" time="0.034" /><testcase classname="tests.test_iteration_13.TestPlansEndpoint" name="test_monthly_price_is_29_99" time="0.038" /><testcase classname="tests.test_iteration_13.TestPlansEndpoint" name="test_quarterly_price_is_74_99" time="0.039" /><testcase classname="tests.test_iteration_13.TestPlansEndpoint" name="test_yearly_price_is_249_99" time="0.033" /><testcase classname="tests.test_iteration_13.TestPlansEndpoint" name="test_family_monthly_price_is_49_99" time="0.030" /><testcase classname="tests.test_iteration_13.TestPlansEndpoint" name="test_family_quarterly_price_is_129_99" time="0.035" /><testcase classname="tests.test_iteration_13.TestPlansEndpoint" name="test_family_yearly_price_is_399_99" time="0.040" /><testcase classname="tests.test_iteration_13.TestCreateCheckoutSession" name="test_checkout_weekly_plan" time="0.445" /><testcase classname="tests.test_iteration_13.TestCreateCheckoutSession" name="test_checkout_monthly_plan" time="0.279" /><testcase classname="tests.test_iteration_13.TestCreateCheckoutSession" name="test_checkout_quarterly_plan" time="0.279" /><testcase classname="tests.test_iteration_13.TestCreateCheckoutSession" name="test_checkout_yearly_plan" time="0.289" /><testcase classname="tests.test_iteration_13.TestCreateCheckoutSession" name="test_checkout_family_monthly_plan" time="0.287" /><testcase classname="tests.test_iteration_13.TestCreateCheckoutSession" name="test_checkout_family_quarterly_plan" time="0.263" /><testcase classname="tests.test_iteration_13.TestCreateCheckoutSession" name="test_checkout_family_yearly_plan" time="0.291" /><testcase classname="tests.test_iteration_13.TestCreateCheckoutSession" name="test_checkout_invalid_plan_returns_400" time="0.033" /><testcase classname="tests.test_iteration_13.TestCreateCheckoutSession" name="test_checkout_success_url_contains_payment_success" time="0.266" /><testcase classname="tests.test_iteration_13.TestCheckoutStatus" name="test_checkout_status_invalid_session" time="0.138"><failure message="AssertionError: Expected 404 or 500, got 520&#10;assert 520 in [404, 500]&#10; +  where 520 = &lt;Response [520]&gt;.status_code">tests/test_iteration_13.py:267: in test_checkout_status_invalid_session
    assert response.status_code in [404, 500], f"Expected 404 or 500, got {response.status_code}"
E   AssertionError: Expected 404 or 500, got 520
E   assert 520 in [404, 500]
E    +  where 520 = &lt;Response [520]&gt;.status_code</failure></testcase><testcase classname="tests.test_iteration_13.TestCheckoutStatus" name="test_checkout_status_valid_session" time="0.462" /><testcase classname="tests.test_iteration_13.TestPriceSynchronization" name="test_all_individual_plan_prices_match" time="0.036" /><testcase classname="tests.test_iteration_13.TestPriceSynchronization" name="test_all_family_plan_prices_match" time="0.033" /></testsuite></testsuites>