<?xml version="1.0" encoding="utf-8"?><testsuites name="pytest tests"><testsuite name="pytest" errors="0" failures="0" skipped="0" tests="12" time="7.611" timestamp="2026-03-06T21:17:08.646473+00:00" hostname="agent-env-b96e1871-b2d6-44f9-a341-0ce16b8cb1e8"><testcase classname="backend.tests.test_gestion_auth_sw.TestGestionAuth" name="test_admin_login_success" time="4.856" /><testcase classname="backend.tests.test_gestion_auth_sw.TestGestionAuth" name="test_comercial_login_success" time="0.377" /><testcase classname="backend.tests.test_gestion_auth_sw.TestGestionAuth" name="test_instalador_login_success" time="0.391" /><testcase classname="backend.tests.test_gestion_auth_sw.TestGestionAuth" name="test_wrong_password_returns_error" time="0.353" /><testcase classname="backend.tests.test_gestion_auth_sw.TestGestionAuth" name="test_nonexistent_user_returns_error" time="0.128" /><testcase classname="backend.tests.test_gestion_auth_sw.TestCEOAuth" name="test_ceo_login_success" time="0.393" /><testcase classname="backend.tests.test_gestion_auth_sw.TestServiceWorker" name="test_sw_returns_v5" time="0.200" /><testcase classname="backend.tests.test_gestion_auth_sw.TestServiceWorker" name="test_sw_contains_spa_app_shell_pattern" time="0.134" /><testcase classname="backend.tests.test_gestion_auth_sw.TestServiceWorker" name="test_sw_precaches_index_html" time="0.123" /><testcase classname="backend.tests.test_gestion_auth_sw.TestOfflinePage" name="test_offline_html_exists" time="0.125" /><testcase classname="backend.tests.test_gestion_auth_sw.TestOfflinePage" name="test_offline_html_has_retry_button" time="0.117" /><testcase classname="backend.tests.test_gestion_auth_sw.TestAPIHealth" name="test_health_endpoint" time="0.141" /></testsuite></testsuites>