<?xml version="1.0" encoding="utf-8"?><testsuites name="pytest tests"><testsuite name="pytest" errors="0" failures="3" skipped="0" tests="24" time="0.940" timestamp="2026-01-23T18:11:00.987605+00:00" hostname="agent-env-59a3ad66-39a7-49e3-abe5-6a389496d0c0"><testcase classname="tests.test_banking_core_iteration_18.TestLedgerAPIs" name="test_ledger_summary" time="0.134" /><testcase classname="tests.test_banking_core_iteration_18.TestLedgerAPIs" name="test_ledger_verify_integrity" time="0.016" /><testcase classname="tests.test_banking_core_iteration_18.TestLedgerAPIs" name="test_ledger_verify_with_range" time="0.013" /><testcase classname="tests.test_banking_core_iteration_18.TestLedgerAPIs" name="test_ledger_summary_unauthorized" time="0.036" /><testcase classname="tests.test_banking_core_iteration_18.TestAMLAPIs" name="test_aml_dashboard" time="0.013" /><testcase classname="tests.test_banking_core_iteration_18.TestAMLAPIs" name="test_aml_alerts_list" time="0.011" /><testcase classname="tests.test_banking_core_iteration_18.TestAMLAPIs" name="test_aml_alerts_with_limit" time="0.052" /><testcase classname="tests.test_banking_core_iteration_18.TestAMLAPIs" name="test_aml_screen_customer" time="0.019"><failure message="AssertionError: Expected 200, got 520: Internal Server Error&#10;assert 520 == 200&#10; +  where 520 = &lt;Response [520]&gt;.status_code">tests/test_banking_core_iteration_18.py:171: in test_aml_screen_customer
    assert response.status_code == 200, f"Expected 200, got {response.status_code}: {response.text}"
E   AssertionError: Expected 200, got 520: Internal Server Error
E   assert 520 == 200
E    +  where 520 = &lt;Response [520]&gt;.status_code</failure></testcase><testcase classname="tests.test_banking_core_iteration_18.TestAMLAPIs" name="test_aml_screen_high_risk_nationality" time="0.013"><failure message="AssertionError: Expected 200, got 520: Internal Server Error&#10;assert 520 == 200&#10; +  where 520 = &lt;Response [520]&gt;.status_code">tests/test_banking_core_iteration_18.py:198: in test_aml_screen_high_risk_nationality
    assert response.status_code == 200, f"Expected 200, got {response.status_code}: {response.text}"
E   AssertionError: Expected 200, got 520: Internal Server Error
E   assert 520 == 200
E    +  where 520 = &lt;Response [520]&gt;.status_code</failure></testcase><testcase classname="tests.test_banking_core_iteration_18.TestAMLAPIs" name="test_aml_dashboard_unauthorized" time="0.035" /><testcase classname="tests.test_banking_core_iteration_18.TestKYCAPIs" name="test_kyc_dashboard" time="0.016" /><testcase classname="tests.test_banking_core_iteration_18.TestKYCAPIs" name="test_kyc_pending_list" time="0.053" /><testcase classname="tests.test_banking_core_iteration_18.TestKYCAPIs" name="test_kyc_initiate" time="0.031" /><testcase classname="tests.test_banking_core_iteration_18.TestKYCAPIs" name="test_kyc_initiate_enhanced" time="0.051" /><testcase classname="tests.test_banking_core_iteration_18.TestKYCAPIs" name="test_kyc_dashboard_unauthorized" time="0.040" /><testcase classname="tests.test_banking_core_iteration_18.TestReportingAPIs" name="test_reporting_dashboard" time="0.011" /><testcase classname="tests.test_banking_core_iteration_18.TestReportingAPIs" name="test_generate_monthly_operations_report" time="0.013" /><testcase classname="tests.test_banking_core_iteration_18.TestReportingAPIs" name="test_generate_daily_cash_report" time="0.012" /><testcase classname="tests.test_banking_core_iteration_18.TestReportingAPIs" name="test_generate_daily_cash_report_with_date" time="0.081" /><testcase classname="tests.test_banking_core_iteration_18.TestReportingAPIs" name="test_reporting_dashboard_unauthorized" time="0.033" /><testcase classname="tests.test_banking_core_iteration_18.TestComplianceAPIs" name="test_compliance_summary" time="0.013" /><testcase classname="tests.test_banking_core_iteration_18.TestComplianceAPIs" name="test_compliance_policies" time="0.053" /><testcase classname="tests.test_banking_core_iteration_18.TestComplianceAPIs" name="test_compliance_summary_unauthorized" time="0.035" /><testcase classname="tests.test_banking_core_iteration_18.TestIntegration" name="test_full_kyc_aml_flow" time="0.021"><failure message="AssertionError: AML screening failed: Internal Server Error&#10;assert 520 == 200&#10; +  where 520 = &lt;Response [520]&gt;.status_code">tests/test_banking_core_iteration_18.py:493: in test_full_kyc_aml_flow
    assert aml_response.status_code == 200, f"AML screening failed: {aml_response.text}"
E   AssertionError: AML screening failed: Internal Server Error
E   assert 520 == 200
E    +  where 520 = &lt;Response [520]&gt;.status_code</failure></testcase></testsuite></testsuites>