<?xml version="1.0" encoding="utf-8"?><testsuites name="pytest tests"><testsuite name="pytest" errors="0" failures="0" skipped="0" tests="26" time="8.405" timestamp="2026-02-28T17:08:10.318348+00:00" hostname="agent-env-ed8dc467-f6f0-4c7a-bd01-114525d119e3"><testcase classname="backend.tests.test_ceo_dashboard.TestHealthEndpoints" name="test_heartbeat_returns_alive" time="0.131" /><testcase classname="backend.tests.test_ceo_dashboard.TestHealthEndpoints" name="test_health_returns_healthy" time="0.107" /><testcase classname="backend.tests.test_ceo_dashboard.TestPromoStatus" name="test_promo_status_returns_stock" time="0.120" /><testcase classname="backend.tests.test_ceo_dashboard.TestCEOAuthentication" name="test_ceo_login_success" time="0.335" /><testcase classname="backend.tests.test_ceo_dashboard.TestCEOAuthentication" name="test_ceo_login_wrong_password" time="0.325" /><testcase classname="backend.tests.test_ceo_dashboard.TestCEODashboard" name="test_ceo_stats" time="0.397" /><testcase classname="backend.tests.test_ceo_dashboard.TestCEODashboard" name="test_ceo_users_list" time="0.412" /><testcase classname="backend.tests.test_ceo_dashboard.TestCEODashboard" name="test_ceo_users_search" time="0.413" /><testcase classname="backend.tests.test_ceo_dashboard.TestCEODashboard" name="test_ceo_subscriptions" time="0.399" /><testcase classname="backend.tests.test_ceo_dashboard.TestCEODashboard" name="test_ceo_orders" time="0.383" /><testcase classname="backend.tests.test_ceo_dashboard.TestCEODashboard" name="test_ceo_refunds" time="0.427" /><testcase classname="backend.tests.test_ceo_dashboard.TestCEODashboard" name="test_ceo_messages" time="0.395" /><testcase classname="backend.tests.test_ceo_dashboard.TestCEODashboard" name="test_ceo_activity" time="0.388" /><testcase classname="backend.tests.test_ceo_dashboard.TestUnauthorizedAccess" name="test_ceo_stats_requires_auth" time="0.102" /><testcase classname="backend.tests.test_ceo_dashboard.TestUnauthorizedAccess" name="test_ceo_users_requires_auth" time="0.102" /><testcase classname="backend.tests.test_ceo_dashboard_v2.TestChartData" name="test_chart_data_returns_all_charts" time="0.403" /><testcase classname="backend.tests.test_ceo_dashboard_v2.TestNotifications" name="test_notifications_returns_array" time="0.397" /><testcase classname="backend.tests.test_ceo_dashboard_v2.TestNotifications" name="test_notifications_auto_generated" time="0.429" /><testcase classname="backend.tests.test_ceo_dashboard_v2.TestSecurityOverview" name="test_security_overview_returns_stats" time="0.400" /><testcase classname="backend.tests.test_ceo_dashboard_v2.TestInventory" name="test_inventory_returns_paginated_items" time="0.447" /><testcase classname="backend.tests.test_ceo_dashboard_v2.TestInventory" name="test_inventory_filter_by_product" time="0.384" /><testcase classname="backend.tests.test_ceo_dashboard_v2.TestSecurityLogs" name="test_security_logs_returns_paginated_logs" time="0.393" /><testcase classname="backend.tests.test_ceo_dashboard_v2.TestSEOFiles" name="test_robots_txt_accessible" time="0.118" /><testcase classname="backend.tests.test_ceo_dashboard_v2.TestSEOFiles" name="test_sitemap_xml_accessible" time="0.113" /><testcase classname="backend.tests.test_ceo_dashboard_v2.TestExportEndpoints" name="test_export_users_csv" time="0.413" /><testcase classname="backend.tests.test_ceo_dashboard_v2.TestExportEndpoints" name="test_export_payments_csv" time="0.389" /></testsuite></testsuites>