<?xml version="1.0" encoding="utf-8"?><testsuites name="pytest tests"><testsuite name="pytest" errors="0" failures="0" skipped="0" tests="19" time="6.196" timestamp="2026-03-06T01:04:45.501333+00:00" hostname="agent-env-e59138a7-317c-4fdb-ad7b-6e738af8ba31"><testcase classname="backend.tests.test_iteration_89_equipos.TestGestionAuth" name="test_admin_login" time="0.284" /><testcase classname="backend.tests.test_iteration_89_equipos.TestGestionAuth" name="test_comercial_login" time="0.119" /><testcase classname="backend.tests.test_iteration_89_equipos.TestGestionAuth" name="test_instalador_login" time="0.125" /><testcase classname="backend.tests.test_iteration_89_equipos.TestEquiposCRUD" name="test_list_equipos" time="0.361" /><testcase classname="backend.tests.test_iteration_89_equipos.TestEquiposCRUD" name="test_create_equipo_admin" time="0.342" /><testcase classname="backend.tests.test_iteration_89_equipos.TestEquiposCRUD" name="test_create_equipo_comercial_denied" time="0.292" /><testcase classname="backend.tests.test_iteration_89_equipos.TestEquiposCRUD" name="test_get_equipo_detail" time="0.373" /><testcase classname="backend.tests.test_iteration_89_equipos.TestEquiposCRUD" name="test_update_equipo_admin" time="0.448" /><testcase classname="backend.tests.test_iteration_89_equipos.TestEquiposCRUD" name="test_update_equipo_comercial_denied" time="0.507" /><testcase classname="backend.tests.test_iteration_89_equipos.TestEquiposCRUD" name="test_delete_equipo_admin" time="0.497" /><testcase classname="backend.tests.test_iteration_89_equipos.TestEquiposCRUD" name="test_delete_equipo_comercial_denied" time="0.499" /><testcase classname="backend.tests.test_iteration_89_equipos.TestTeamAssignment" name="test_assign_equipo_to_installation" time="0.476" /><testcase classname="backend.tests.test_iteration_89_equipos.TestTeamAssignment" name="test_installation_has_team_fields" time="0.256" /><testcase classname="backend.tests.test_iteration_89_equipos.TestDashboardStats" name="test_dashboard_stats_includes_total_equipos" time="0.245" /><testcase classname="backend.tests.test_iteration_89_equipos.TestPWAManifests" name="test_manifest_comerciales_accessible" time="0.111" /><testcase classname="backend.tests.test_iteration_89_equipos.TestPWAManifests" name="test_manifest_instaladores_accessible" time="0.130" /><testcase classname="backend.tests.test_iteration_89_equipos.TestPWAManifests" name="test_pwa_comerciales_html_accessible" time="0.137" /><testcase classname="backend.tests.test_iteration_89_equipos.TestPWAManifests" name="test_pwa_instaladores_html_accessible" time="0.114" /><testcase classname="backend.tests.test_iteration_89_equipos.TestNotifications" name="test_instalador_receives_notifications" time="0.780" /></testsuite></testsuites>