<?xml version="1.0" encoding="utf-8"?><testsuites name="pytest tests"><testsuite name="pytest" errors="0" failures="0" skipped="0" tests="8" time="1.260" timestamp="2026-03-02T03:15:51.597318+00:00" hostname="agent-env-5df08b65-af06-4d5c-9ca1-fec3b567511b"><testcase classname="backend.tests.test_iteration_79_chatbot.TestChatbotLeadAPI" name="test_create_chatbot_lead" time="0.180" /><testcase classname="backend.tests.test_iteration_79_chatbot.TestChatbotLeadAPI" name="test_verify_chatbot_lead_persistence" time="0.287" /><testcase classname="backend.tests.test_iteration_79_chatbot.TestChatbotLeadAPI" name="test_lead_with_generated_email" time="0.120" /><testcase classname="backend.tests.test_iteration_79_chatbot.TestChatbotLeadAPI" name="test_get_leads_list" time="0.124" /><testcase classname="backend.tests.test_iteration_79_chatbot.TestChatbotLeadAPI" name="test_get_leads_with_source_filter" time="0.113" /><testcase classname="backend.tests.test_iteration_79_chatbot.TestLeadPipelineAPI" name="test_get_pipeline" time="0.128" /><testcase classname="backend.tests.test_iteration_79_chatbot.TestAPIHealthCheck" name="test_health_endpoint" time="0.121" /><testcase classname="backend.tests.test_iteration_79_chatbot.TestAPIHealthCheck" name="test_heartbeat_endpoint" time="0.105" /></testsuite></testsuites>