<?xml version="1.0" encoding="utf-8"?><testsuites name="pytest tests"><testsuite name="pytest" errors="0" failures="0" skipped="0" tests="13" time="3.085" timestamp="2026-03-04T15:34:36.767088+00:00" hostname="agent-env-425da1c1-8fc1-47da-b840-987e3191cde6"><testcase classname="tests.test_iteration_84_features.TestEnterpriseAuth" name="test_enterprise_login_success" time="0.950" /><testcase classname="tests.test_iteration_84_features.TestEnterpriseAuth" name="test_enterprise_login_invalid_password" time="0.355" /><testcase classname="tests.test_iteration_84_features.TestEnterpriseAuth" name="test_enterprise_login_invalid_email" time="0.140" /><testcase classname="tests.test_iteration_84_features.TestRegularAuth" name="test_auth_login_success" time="0.342" /><testcase classname="tests.test_iteration_84_features.TestClientAppInstallations" name="test_my_installations" time="0.148" /><testcase classname="tests.test_iteration_84_features.TestClientAppInstallations" name="test_my_installations_requires_auth" time="0.102" /><testcase classname="tests.test_iteration_84_features.TestClientAppCameras" name="test_cameras_for_installation" time="0.236" /><testcase classname="tests.test_iteration_84_features.TestCORSHeaders" name="test_cors_with_origin_header" time="0.121" /><testcase classname="tests.test_iteration_84_features.TestCORSHeaders" name="test_cors_preflight_options" time="0.085" /><testcase classname="tests.test_iteration_84_features.TestDesktopDownload" name="test_desktop_download_with_valid_key" time="0.138" /><testcase classname="tests.test_iteration_84_features.TestDesktopDownload" name="test_desktop_download_invalid_key" time="0.140" /><testcase classname="tests.test_iteration_84_features.TestHealthAndAPI" name="test_health_endpoint" time="0.140" /><testcase classname="tests.test_iteration_84_features.TestHealthAndAPI" name="test_plans_endpoint" time="0.113" /></testsuite></testsuites>