<?xml version="1.0" encoding="utf-8"?><testsuites name="pytest tests"><testsuite name="pytest" errors="0" failures="0" skipped="0" tests="13" time="2.375" timestamp="2026-03-27T12:42:39.502343+00:00" hostname="agent-env-b96e1871-b2d6-44f9-a341-0ce16b8cb1e8"><testcase classname="backend.tests.test_domain_change_iteration_130.TestHealthEndpoint" name="test_health_endpoint_returns_healthy" time="0.911" /><testcase classname="backend.tests.test_domain_change_iteration_130.TestDomainChangeInSEOFiles" name="test_sitemap_has_manoprotectt_domain" time="0.148" /><testcase classname="backend.tests.test_domain_change_iteration_130.TestDomainChangeInSEOFiles" name="test_robots_txt_has_manoprotectt_sitemap" time="0.103" /><testcase classname="backend.tests.test_domain_change_iteration_130.TestGestionAuthLogin" name="test_admin_login_with_new_domain_email" time="0.325" /><testcase classname="backend.tests.test_domain_change_iteration_130.TestGestionAuthLogin" name="test_comercial_login_with_new_domain_email" time="0.334" /><testcase classname="backend.tests.test_domain_change_iteration_130.TestGestionAuthLogin" name="test_instalador_login_with_new_domain_email" time="0.362" /><testcase classname="backend.tests.test_domain_change_iteration_130.TestGestionAuthLogin" name="test_invalid_login_returns_error" time="0.111" /><testcase classname="backend.tests.test_domain_change_iteration_130.TestDesktopAppsConfiguration" name="test_cra_operador_main_js_has_correct_domain" time="0.000" /><testcase classname="backend.tests.test_domain_change_iteration_130.TestDesktopAppsConfiguration" name="test_crm_ventas_main_js_has_correct_domain" time="0.000" /><testcase classname="backend.tests.test_domain_change_iteration_130.TestIndexHtmlSEO" name="test_index_html_canonical_url" time="0.000" /><testcase classname="backend.tests.test_domain_change_iteration_130.TestIndexHtmlSEO" name="test_index_html_og_url" time="0.000" /><testcase classname="backend.tests.test_domain_change_iteration_130.TestIndexHtmlSEO" name="test_index_html_schema_org_urls" time="0.000" /><testcase classname="backend.tests.test_domain_change_iteration_130.TestWebsocketManagerCORS" name="test_websocket_manager_has_manoprotectt_cors" time="0.000" /></testsuite></testsuites>