<?xml version="1.0" encoding="utf-8"?><testsuites name="pytest tests"><testsuite name="pytest" errors="0" failures="0" skipped="0" tests="15" time="3.443" timestamp="2026-02-14T17:41:27.417145+00:00" hostname="agent-env-03c13b30-4942-4441-80b1-44bd1bda4326"><testcase classname="backend.tests.test_reviews_system.TestPublicReviewsAPI" name="test_get_public_reviews" time="1.068" /><testcase classname="backend.tests.test_reviews_system.TestPublicReviewsAPI" name="test_get_public_reviews_with_min_rating" time="0.110" /><testcase classname="backend.tests.test_reviews_system.TestPublicReviewsAPI" name="test_get_public_reviews_with_limit" time="0.150" /><testcase classname="backend.tests.test_reviews_system.TestReviewStatsAPI" name="test_get_review_stats" time="0.110" /><testcase classname="backend.tests.test_reviews_system.TestLandingStatsAPI" name="test_landing_stats_includes_rating" time="0.128" /><testcase classname="backend.tests.test_reviews_system.TestAdminReviewsAPI" name="test_admin_reviews_requires_auth" time="0.148" /><testcase classname="backend.tests.test_reviews_system.TestAdminReviewsAPI" name="test_get_all_reviews_admin" time="0.178" /><testcase classname="backend.tests.test_reviews_system.TestAdminReviewsAPI" name="test_admin_reviews_filter_by_status" time="0.125" /><testcase classname="backend.tests.test_reviews_system.TestAdminReviewsAPI" name="test_admin_reviews_pagination" time="0.058" /><testcase classname="backend.tests.test_reviews_system.TestAdminReviewsAPI" name="test_approve_review_requires_auth" time="0.114" /><testcase classname="backend.tests.test_reviews_system.TestAdminReviewsAPI" name="test_reject_review_requires_auth" time="0.151" /><testcase classname="backend.tests.test_reviews_system.TestReviewsIntegration" name="test_public_reviews_match_stats" time="0.253" /><testcase classname="backend.tests.test_reviews_system.TestReviewsIntegration" name="test_landing_stats_rating_matches_review_stats" time="0.386" /><testcase classname="backend.tests.test_reviews_system.TestSeedDataVerification" name="test_verify_seeded_reviews_exist" time="0.188" /><testcase classname="backend.tests.test_reviews_system.TestSeedDataVerification" name="test_public_api_returns_only_approved" time="0.186" /></testsuite></testsuites>