<?xml version="1.0" encoding="utf-8"?><testsuites name="pytest tests"><testsuite name="pytest" errors="0" failures="0" skipped="0" tests="36" time="2.515" timestamp="2026-01-16T23:52:34.606076+00:00" hostname="agent-env-37cc3496-6002-45c4-9c68-725439101d3a"><testcase classname="tests.test_iteration_14.TestIntegrationStatus" name="test_banking_status_returns_200" time="0.097" /><testcase classname="tests.test_iteration_14.TestIntegrationStatus" name="test_banking_status_shows_not_configured" time="0.039" /><testcase classname="tests.test_iteration_14.TestIntegrationStatus" name="test_email_status_returns_200" time="0.040" /><testcase classname="tests.test_iteration_14.TestIntegrationStatus" name="test_email_status_shows_not_configured" time="0.038" /><testcase classname="tests.test_iteration_14.TestIntegrationStatus" name="test_whatsapp_status_returns_200" time="0.040" /><testcase classname="tests.test_iteration_14.TestIntegrationStatus" name="test_whatsapp_status_shows_not_configured" time="0.038" /><testcase classname="tests.test_iteration_14.TestExistingAuthRoutes" name="test_root_endpoint" time="0.082" /><testcase classname="tests.test_iteration_14.TestExistingAuthRoutes" name="test_login_with_valid_credentials" time="0.081" /><testcase classname="tests.test_iteration_14.TestExistingAuthRoutes" name="test_login_with_invalid_credentials" time="0.040" /><testcase classname="tests.test_iteration_14.TestExistingAuthRoutes" name="test_auth_me_without_token" time="0.041" /><testcase classname="tests.test_iteration_14.TestExistingAuthRoutes" name="test_auth_me_with_cookie" time="0.092" /><testcase classname="tests.test_iteration_14.TestExistingPaymentRoutes" name="test_plans_endpoint" time="0.037" /><testcase classname="tests.test_iteration_14.TestExistingPaymentRoutes" name="test_plans_prices_correct" time="0.035" /><testcase classname="tests.test_iteration_14.TestExistingPaymentRoutes" name="test_create_checkout_session_weekly" time="0.393" /><testcase classname="tests.test_iteration_14.TestExistingPaymentRoutes" name="test_create_checkout_session_monthly" time="0.305" /><testcase classname="tests.test_iteration_14.TestExistingPaymentRoutes" name="test_create_checkout_session_invalid_plan" time="0.041" /><testcase classname="tests.test_iteration_14.TestAdminRoutesAccessControl" name="test_admin_stats_requires_superadmin" time="0.048" /><testcase classname="tests.test_iteration_14.TestAdminRoutesAccessControl" name="test_admin_users_requires_superadmin" time="0.082" /><testcase classname="tests.test_iteration_14.TestAdminRoutesAccessControl" name="test_admin_investors_accessible_to_investor" time="0.050" /><testcase classname="tests.test_iteration_14.TestExistingThreatRoutes" name="test_stats_endpoint" time="0.039" /><testcase classname="tests.test_iteration_14.TestExistingThreatRoutes" name="test_community_alerts" time="0.079" /><testcase classname="tests.test_iteration_14.TestExistingThreatRoutes" name="test_knowledge_base" time="0.038" /><testcase classname="tests.test_iteration_14.TestBankingRoutesAuth" name="test_banking_institutions_requires_auth" time="0.036" /><testcase classname="tests.test_iteration_14.TestBankingRoutesAuth" name="test_banking_institutions_returns_error_when_not_configured" time="0.047" /><testcase classname="tests.test_iteration_14.TestBankingRoutesAuth" name="test_banking_accounts_requires_auth" time="0.035" /><testcase classname="tests.test_iteration_14.TestBankingRoutesAuth" name="test_banking_accounts_returns_empty_list" time="0.051" /><testcase classname="tests.test_iteration_14.TestEmailRoutes" name="test_send_welcome_email_queued" time="0.078" /><testcase classname="tests.test_iteration_14.TestEmailRoutes" name="test_send_threat_alert_email_queued" time="0.038" /><testcase classname="tests.test_iteration_14.TestEmailRoutes" name="test_send_receipt_email_queued" time="0.037" /><testcase classname="tests.test_iteration_14.TestEmailRoutes" name="test_send_custom_email_queued" time="0.050" /><testcase classname="tests.test_iteration_14.TestWhatsAppRoutes" name="test_send_whatsapp_message_requires_auth" time="0.038" /><testcase classname="tests.test_iteration_14.TestWhatsAppRoutes" name="test_send_whatsapp_message_with_auth" time="0.053" /><testcase classname="tests.test_iteration_14.TestWhatsAppRoutes" name="test_send_whatsapp_threat_alert_queued" time="0.037" /><testcase classname="tests.test_iteration_14.TestWhatsAppRoutes" name="test_send_whatsapp_sos_alert_queued" time="0.036" /><testcase classname="tests.test_iteration_14.TestWhatsAppRoutes" name="test_whatsapp_webhook_verification" time="0.039" /><testcase classname="tests.test_iteration_14.TestWhatsAppRoutes" name="test_whatsapp_webhook_invalid_token" time="0.042" /></testsuite></testsuites>