<?xml version="1.0" encoding="utf-8"?><testsuites name="pytest tests"><testsuite name="pytest" errors="0" failures="0" skipped="0" tests="12" time="6.725" timestamp="2026-03-02T02:59:55.402462+00:00" hostname="agent-env-5df08b65-af06-4d5c-9ca1-fec3b567511b"><testcase classname="backend.tests.test_iteration_78_pricing_verification.TestPricingAPI" name="test_api_plans_alarm_essential_price" time="5.126" /><testcase classname="backend.tests.test_iteration_78_pricing_verification.TestPricingAPI" name="test_api_plans_alarm_premium_price" time="0.155" /><testcase classname="backend.tests.test_iteration_78_pricing_verification.TestPricingAPI" name="test_api_plans_alarm_business_prices" time="0.150" /><testcase classname="backend.tests.test_iteration_78_pricing_verification.TestPricingAPI" name="test_api_plans_sentinel_prices" time="0.111" /><testcase classname="backend.tests.test_iteration_78_pricing_verification.TestPricingAPI" name="test_api_plans_installation_free" time="0.116" /><testcase classname="backend.tests.test_iteration_78_pricing_verification.TestPricingAPI" name="test_api_plans_no_commitment" time="0.137" /><testcase classname="backend.tests.test_iteration_78_pricing_verification.TestReferralValidation" name="test_invalid_referral_code" time="0.128" /><testcase classname="backend.tests.test_iteration_78_pricing_verification.TestReferralValidation" name="test_empty_referral_code" time="0.115" /><testcase classname="backend.tests.test_iteration_78_pricing_verification.TestHealthAndCore" name="test_health_endpoint" time="0.116" /><testcase classname="backend.tests.test_iteration_78_pricing_verification.TestHealthAndCore" name="test_public_landing_stats" time="0.176" /><testcase classname="backend.tests.test_iteration_78_pricing_verification.TestPanelVecinalAndDashboard" name="test_panel_vecinal_plan_info" time="0.179" /><testcase classname="backend.tests.test_iteration_78_pricing_verification.TestPanelVecinalAndDashboard" name="test_dashboard_barrio_public_stats" time="0.132" /></testsuite></testsuites>