<?xml version="1.0" encoding="utf-8"?><testsuites name="pytest tests"><testsuite name="pytest" errors="0" failures="0" skipped="0" tests="25" time="13.441" timestamp="2026-03-27T17:11:30.342727+00:00" hostname="agent-env-b96e1871-b2d6-44f9-a341-0ce16b8cb1e8"><testcase classname="backend.tests.test_iteration_136_backoffice_pipeline.TestBackOfficeAuth" name="test_admin_login_success" time="0.458" /><testcase classname="backend.tests.test_iteration_136_backoffice_pipeline.TestBackOfficeAuth" name="test_admin_login_wrong_password" time="0.338" /><testcase classname="backend.tests.test_iteration_136_backoffice_pipeline.TestBackOfficeAuth" name="test_admin_login_nonexistent_user" time="0.128" /><testcase classname="backend.tests.test_iteration_136_backoffice_pipeline.TestBackOfficeUserManagement" name="test_create_user_comercial" time="0.668" /><testcase classname="backend.tests.test_iteration_136_backoffice_pipeline.TestBackOfficeUserManagement" name="test_create_user_instalador" time="0.675" /><testcase classname="backend.tests.test_iteration_136_backoffice_pipeline.TestBackOfficeUserManagement" name="test_create_user_invalid_rol" time="0.455" /><testcase classname="backend.tests.test_iteration_136_backoffice_pipeline.TestBackOfficeUserManagement" name="test_list_usuarios" time="0.453" /><testcase classname="backend.tests.test_iteration_136_backoffice_pipeline.TestBackOfficeUserManagement" name="test_deactivate_user" time="0.788" /><testcase classname="backend.tests.test_iteration_136_backoffice_pipeline.TestBackOfficeUserManagement" name="test_reset_password" time="1.047" /><testcase classname="backend.tests.test_iteration_136_backoffice_pipeline.TestPipelineCRM" name="test_create_lead" time="0.465" /><testcase classname="backend.tests.test_iteration_136_backoffice_pipeline.TestPipelineCRM" name="test_create_lead_minimal" time="0.449" /><testcase classname="backend.tests.test_iteration_136_backoffice_pipeline.TestPipelineCRM" name="test_create_lead_missing_required" time="0.489" /><testcase classname="backend.tests.test_iteration_136_backoffice_pipeline.TestPipelineCRM" name="test_list_pipeline" time="0.441" /><testcase classname="backend.tests.test_iteration_136_backoffice_pipeline.TestPipelineCRM" name="test_advance_lead_stage" time="0.563" /><testcase classname="backend.tests.test_iteration_136_backoffice_pipeline.TestPipelineCRM" name="test_advance_lead_invalid_stage" time="0.599" /><testcase classname="backend.tests.test_iteration_136_backoffice_pipeline.TestPipelineCRM" name="test_save_estudio" time="0.544" /><testcase classname="backend.tests.test_iteration_136_backoffice_pipeline.TestPipelineCRM" name="test_save_propuesta" time="0.591" /><testcase classname="backend.tests.test_iteration_136_backoffice_pipeline.TestPipelineCRM" name="test_activate_client_wrong_stage" time="0.557" /><testcase classname="backend.tests.test_iteration_136_backoffice_pipeline.TestPipelineCRM" name="test_activate_client_full_flow" time="1.417" /><testcase classname="backend.tests.test_iteration_136_backoffice_pipeline.TestAuditTrail" name="test_get_auditoria" time="0.463" /><testcase classname="backend.tests.test_iteration_136_backoffice_pipeline.TestAuditTrail" name="test_audit_logs_after_action" time="0.914" /><testcase classname="backend.tests.test_iteration_136_backoffice_pipeline.TestZIPDownloads" name="test_download_zip_endpoint" time="0.112" /><testcase classname="backend.tests.test_iteration_136_backoffice_pipeline.TestZIPDownloads" name="test_download_nonexistent_zip" time="0.099" /><testcase classname="backend.tests.test_iteration_136_backoffice_pipeline.TestBackOfficeAuthorization" name="test_comercial_cannot_access_backoffice_usuarios" time="0.506" /><testcase classname="backend.tests.test_iteration_136_backoffice_pipeline.TestBackOfficeAuthorization" name="test_no_token_returns_401" time="0.125" /></testsuite></testsuites>