<?xml version="1.0" encoding="utf-8"?><testsuites name="pytest tests"><testsuite name="pytest" errors="0" failures="0" skipped="0" tests="19" time="50.366" timestamp="2026-03-28T12:52:59.351014+00:00" hostname="agent-env-b96e1871-b2d6-44f9-a341-0ce16b8cb1e8"><testcase classname="backend.tests.test_iteration_139_tiktok_promo.TestHealthEndpoint" name="test_health_returns_200" time="0.284" /><testcase classname="backend.tests.test_iteration_139_tiktok_promo.TestTikTokPromoCodes" name="test_get_tiktok_codes_returns_100_total" time="0.106" /><testcase classname="backend.tests.test_iteration_139_tiktok_promo.TestTikTokPromoCodes" name="test_get_tiktok_codes_has_available" time="0.105" /><testcase classname="backend.tests.test_iteration_139_tiktok_promo.TestTikTokPromoCodes" name="test_validate_valid_code" time="0.259" /><testcase classname="backend.tests.test_iteration_139_tiktok_promo.TestTikTokPromoCodes" name="test_validate_invalid_code_returns_404" time="0.119" /><testcase classname="backend.tests.test_iteration_139_tiktok_promo.TestTikTokPromoCodes" name="test_validate_empty_code_returns_400" time="0.126" /><testcase classname="backend.tests.test_iteration_139_tiktok_promo.TestTikTokPromoCodes" name="test_redeem_code_with_email" time="0.259" /><testcase classname="backend.tests.test_iteration_139_tiktok_promo.TestTikTokPromoCodes" name="test_redeem_without_email_returns_400" time="0.137" /><testcase classname="backend.tests.test_iteration_139_tiktok_promo.TestSentinelSPromoStatus" name="test_promo_status_returns_active" time="0.112" /><testcase classname="backend.tests.test_iteration_139_tiktok_promo.TestSecurityHeaders" name="test_x_content_type_options_header" time="0.119" /><testcase classname="backend.tests.test_iteration_139_tiktok_promo.TestSecurityHeaders" name="test_x_frame_options_header" time="0.100" /><testcase classname="backend.tests.test_iteration_139_tiktok_promo.TestSecurityHeaders" name="test_strict_transport_security_header" time="0.103" /><testcase classname="backend.tests.test_iteration_139_tiktok_promo.TestSecurityHeaders" name="test_content_security_policy_header" time="0.105" /><testcase classname="backend.tests.test_iteration_139_tiktok_promo.TestSecurityHeaders" name="test_referrer_policy_header" time="0.106" /><testcase classname="backend.tests.test_iteration_139_tiktok_promo.TestSecurityHeaders" name="test_x_xss_protection_header" time="0.099" /><testcase classname="backend.tests.test_iteration_139_tiktok_promo.TestServiceWorker" name="test_sw_js_served" time="0.120" /><testcase classname="backend.tests.test_iteration_139_tiktok_promo.TestRateLimiting" name="test_rate_limit_not_triggered_normal_usage" time="1.033" /><testcase classname="backend.tests.test_iteration_139_tiktok_promo.TestRateLimiting" name="test_rate_limit_returns_429_after_100_requests" time="46.874" /><testcase classname="backend.tests.test_iteration_139_tiktok_promo.TestTikTokCodeFormat" name="test_codes_have_correct_format" time="0.111" /></testsuite></testsuites>