<?xml version="1.0" encoding="utf-8"?><testsuites name="pytest tests"><testsuite name="pytest" errors="0" failures="0" skipped="0" tests="28" time="4.430" timestamp="2026-03-02T01:55:57.012896+00:00" hostname="agent-env-5df08b65-af06-4d5c-9ca1-fec3b567511b"><testcase classname="backend.tests.test_iteration_75_new_features.TestDashboardBarrioPublicStats" name="test_public_stats_returns_200" time="0.272" /><testcase classname="backend.tests.test_iteration_75_new_features.TestDashboardBarrioPublicStats" name="test_public_stats_has_security_overview" time="0.181" /><testcase classname="backend.tests.test_iteration_75_new_features.TestDashboardBarrioPublicStats" name="test_public_stats_has_alerts_data" time="0.123" /><testcase classname="backend.tests.test_iteration_75_new_features.TestDashboardBarrioPublicStats" name="test_public_stats_has_community_data" time="0.124" /><testcase classname="backend.tests.test_iteration_75_new_features.TestDashboardBarrioPublicStats" name="test_public_stats_has_by_type_breakdown" time="0.133" /><testcase classname="backend.tests.test_iteration_75_new_features.TestDashboardBarrioPublicStats" name="test_public_stats_has_plan_info" time="0.206" /><testcase classname="backend.tests.test_iteration_75_new_features.TestDashboardBarrioLeaderboard" name="test_leaderboard_returns_200" time="0.111" /><testcase classname="backend.tests.test_iteration_75_new_features.TestDashboardBarrioLeaderboard" name="test_leaderboard_has_expected_structure" time="0.172" /><testcase classname="backend.tests.test_iteration_75_new_features.TestEnterpriseCentralDashboard" name="test_dashboard_returns_200" time="0.121" /><testcase classname="backend.tests.test_iteration_75_new_features.TestEnterpriseCentralDashboard" name="test_dashboard_has_overview" time="0.174" /><testcase classname="backend.tests.test_iteration_75_new_features.TestEnterpriseCentralDashboard" name="test_dashboard_has_revenue_data" time="0.138" /><testcase classname="backend.tests.test_iteration_75_new_features.TestEnterpriseCentralDashboard" name="test_dashboard_has_sales_pipeline" time="0.127" /><testcase classname="backend.tests.test_iteration_75_new_features.TestEnterpriseCentralDashboard" name="test_dashboard_has_operations" time="0.129" /><testcase classname="backend.tests.test_iteration_75_new_features.TestEnterpriseCentralLeadsCRUD" name="test_create_lead" time="0.134" /><testcase classname="backend.tests.test_iteration_75_new_features.TestEnterpriseCentralLeadsCRUD" name="test_get_leads_list" time="0.114" /><testcase classname="backend.tests.test_iteration_75_new_features.TestEnterpriseCentralLeadsCRUD" name="test_get_leads_with_status_filter" time="0.112" /><testcase classname="backend.tests.test_iteration_75_new_features.TestEnterpriseCentralLeadsCRUD" name="test_update_lead_status" time="0.281" /><testcase classname="backend.tests.test_iteration_75_new_features.TestEnterpriseCentralLeadsCRUD" name="test_update_nonexistent_lead_returns_404" time="0.137" /><testcase classname="backend.tests.test_iteration_75_new_features.TestEnterpriseCentralLeadsCRUD" name="test_get_pipeline_stats" time="0.115" /><testcase classname="backend.tests.test_iteration_75_new_features.TestEnterpriseCentralInstallations" name="test_create_installation" time="0.139" /><testcase classname="backend.tests.test_iteration_75_new_features.TestEnterpriseCentralInstallations" name="test_get_installations_list" time="0.155" /><testcase classname="backend.tests.test_iteration_75_new_features.TestEnterpriseCentralInstallations" name="test_update_installation_status" time="0.338" /><testcase classname="backend.tests.test_iteration_75_new_features.TestEnterpriseCentralInstallations" name="test_update_installation_status_required" time="0.117" /><testcase classname="backend.tests.test_iteration_75_new_features.TestEnterpriseCentralInstallations" name="test_update_nonexistent_installation_returns_404" time="0.174" /><testcase classname="backend.tests.test_iteration_75_new_features.TestPushNotificationServiceExists" name="test_push_service_file_exists" time="0.000" /><testcase classname="backend.tests.test_iteration_75_new_features.TestPushNotificationServiceExists" name="test_push_service_has_required_functions" time="0.000" /><testcase classname="backend.tests.test_iteration_75_new_features.TestPushNotificationServiceExists" name="test_push_service_integrated_in_panel_vecinal" time="0.000" /><testcase classname="backend.tests.test_iteration_75_new_features.TestFullCRUDWorkflow" name="test_lead_lifecycle" time="0.484" /></testsuite></testsuites>