<?xml version="1.0" encoding="utf-8"?><testsuites name="pytest tests"><testsuite name="pytest" errors="0" failures="0" skipped="0" tests="12" time="2.406" timestamp="2026-03-01T23:46:03.781040+00:00" hostname="agent-env-88d65b48-546e-4ac4-8105-6aca123b2c68"><testcase classname="backend.tests.test_panel_vecinal.TestPanelVecinalPlanInfo" name="test_plan_info_returns_correct_price" time="0.302" /><testcase classname="backend.tests.test_panel_vecinal.TestPanelVecinalPlanInfo" name="test_plan_info_annual_only" time="0.156" /><testcase classname="backend.tests.test_panel_vecinal.TestPanelVecinalPlanInfo" name="test_plan_info_per_family" time="0.119" /><testcase classname="backend.tests.test_panel_vecinal.TestPanelVecinalPlanInfo" name="test_plan_info_has_features" time="0.136" /><testcase classname="backend.tests.test_panel_vecinal.TestPanelVecinalPlanInfo" name="test_plan_info_plan_id" time="0.115" /><testcase classname="backend.tests.test_panel_vecinal.TestPanelVecinalCheckAccess" name="test_check_access_without_auth_returns_not_logged_in" time="0.103" /><testcase classname="backend.tests.test_panel_vecinal.TestPanelVecinalProtectedEndpoints" name="test_dashboard_without_auth_returns_401" time="0.146" /><testcase classname="backend.tests.test_panel_vecinal.TestPanelVecinalProtectedEndpoints" name="test_alerts_get_without_auth_returns_401" time="0.164" /><testcase classname="backend.tests.test_panel_vecinal.TestPanelVecinalProtectedEndpoints" name="test_alerts_post_without_auth_returns_401" time="0.109" /><testcase classname="backend.tests.test_panel_vecinal.TestPanelVecinalProtectedEndpoints" name="test_neighbors_without_auth_returns_401" time="0.107" /><testcase classname="backend.tests.test_panel_vecinal.TestVecinalCheckout" name="test_create_checkout_vecinal_anual" time="0.510" /><testcase classname="backend.tests.test_panel_vecinal.TestExistingAlarmCheckout" name="test_alarm_essential_checkout_still_works" time="0.366" /></testsuite></testsuites>