<?xml version="1.0" encoding="utf-8"?><testsuites name="pytest tests"><testsuite name="pytest" errors="0" failures="4" skipped="0" tests="24" time="0.902" timestamp="2026-01-24T17:06:19.725775+00:00" hostname="agent-env-59a3ad66-39a7-49e3-abe5-6a389496d0c0"><testcase classname="backend.tests.test_manobank_admin_iteration_19.TestAuthLogin" name="test_login_success" time="0.148"><failure message="AssertionError: assert ('user' in {'email': 'rrhh.milchollos@gmail.com', 'name': 'Ivan Rubio Cano', 'picture': 'https://lh3.googleusercontent.com/a-/ALV-UjXDag53k0OM-HHYuuWCCna5HZ8Z88yr_wDmicVbXHUF1GyLj_hDSFUJh8_v44hKfLsbWvnd6dEAEIt10K0Mv8-EC5bQ71wDpXjmEiX2OYRUzbnKppeLHbzHm-f5yP6jVWvsW8s5cuVDkAc1SKtFJlXFw0utDuONPt7Zl9IENSbAkofvus_Y9qqCTkTrkU48akKFVZ7ZG4jYAHHy1SCAcawVuHp4ydjDJS_a6G5px_Yyj9ASlNrmmc2a3hTBxTxzZXXWpcF9MTAGBf88lMEwfphwIeUDGAsf8ARmi8k5kVWVHl_gPOT87sXQNbqz0LSTWBeiat2r6_UxuLqZ4IrOzcnZaI1Qh3UOwNujGuaqVJhnkAyA-8yGwoitqB-ywAavdxvFTva3bqQbVFAXdmx_1tEuw6CMnq1JIxaUFtfBEZ1ftYys5tHyT4a3HfbhGQHF4KSb2hx6T8yssjKYiaC70XqJ3ZA_F2-WqTJ3aiWQpWAdgzsGHX-dt7Y8V_TbXwAy9zsngWKaHALg094ULjlFEhIfWkkb0WIbEA_i0TrOjsN7U-INnd1BBWKWBW4QDVNlSmtYlqRFgoyPTcOAkDGCSgtmm5-nK7eBLxrOmLlRhaJgj_TP4ogKd_IBVoz_28_xUByHr--HeeDH2TH-TgZJnmyCVGN6zRb_LYQbjhOfsqmN7yQ6XJkRJ7QwYbyI2o8SslbuVy5WwjhjLXDhdUDP0VSVng03MBaDPwEoLT9PJqcsuuZ7h-KE9kJoXxnY5bIswojEWToO1AHNwzwWhA3zeUQ0f_W8citX7SiOmUsOO3oZERbiHg2_xqzIaz2zMLZertuDHBvn6aI1QnZqsYYKXf1qtc356jBXA-kH2t_M34rscjIWxsKVR88qxRsXXKJ6BMFWVmEEyp9hvHwx4LjVvZnTfHpH8az9bTWLoqqGF8ngv04HbgIv8dImI4zjfadfD9PRkdqWl8NY1uiEZ3rxvFq5hBzCdIzkXjf9OpWTAPkiSh_p9NtYdk0WZ2tZa0fTCv1Ikm2XreTViDkNBLDma27lzEfxz9cH8kPimsFv-R3YOPD1xQN0Kw=s96-c', 'plan': 'enterprise', ...} or 'token' in {'email': 'rrhh.milchollos@gmail.com', 'name': 'Ivan Rubio Cano', 'picture': 'https://lh3.googleusercontent.com/a-/ALV-UjXDag53k0OM-HHYuuWCCna5HZ8Z88yr_wDmicVbXHUF1GyLj_hDSFUJh8_v44hKfLsbWvnd6dEAEIt10K0Mv8-EC5bQ71wDpXjmEiX2OYRUzbnKppeLHbzHm-f5yP6jVWvsW8s5cuVDkAc1SKtFJlXFw0utDuONPt7Zl9IENSbAkofvus_Y9qqCTkTrkU48akKFVZ7ZG4jYAHHy1SCAcawVuHp4ydjDJS_a6G5px_Yyj9ASlNrmmc2a3hTBxTxzZXXWpcF9MTAGBf88lMEwfphwIeUDGAsf8ARmi8k5kVWVHl_gPOT87sXQNbqz0LSTWBeiat2r6_UxuLqZ4IrOzcnZaI1Qh3UOwNujGuaqVJhnkAyA-8yGwoitqB-ywAavdxvFTva3bqQbVFAXdmx_1tEuw6CMnq1JIxaUFtfBEZ1ftYys5tHyT4a3HfbhGQHF4KSb2hx6T8yssjKYiaC70XqJ3ZA_F2-WqTJ3aiWQpWAdgzsGHX-dt7Y8V_TbXwAy9zsngWKaHALg094ULjlFEhIfWkkb0WIbEA_i0TrOjsN7U-INnd1BBWKWBW4QDVNlSmtYlqRFgoyPTcOAkDGCSgtmm5-nK7eBLxrOmLlRhaJgj_TP4ogKd_IBVoz_28_xUByHr--HeeDH2TH-TgZJnmyCVGN6zRb_LYQbjhOfsqmN7yQ6XJkRJ7QwYbyI2o8SslbuVy5WwjhjLXDhdUDP0VSVng03MBaDPwEoLT9PJqcsuuZ7h-KE9kJoXxnY5bIswojEWToO1AHNwzwWhA3zeUQ0f_W8citX7SiOmUsOO3oZERbiHg2_xqzIaz2zMLZertuDHBvn6aI1QnZqsYYKXf1qtc356jBXA-kH2t_M34rscjIWxsKVR88qxRsXXKJ6BMFWVmEEyp9hvHwx4LjVvZnTfHpH8az9bTWLoqqGF8ngv04HbgIv8dImI4zjfadfD9PRkdqWl8NY1uiEZ3rxvFq5hBzCdIzkXjf9OpWTAPkiSh_p9NtYdk0WZ2tZa0fTCv1Ikm2XreTViDkNBLDma27lzEfxz9cH8kPimsFv-R3YOPD1xQN0Kw=s96-c', 'plan': 'enterprise', ...} or 'session_token' in {'email': 'rrhh.milchollos@gmail.com', 'name': 'Ivan Rubio Cano', 'picture': 'https://lh3.googleusercontent.com/a-/ALV-UjXDag53k0OM-HHYuuWCCna5HZ8Z88yr_wDmicVbXHUF1GyLj_hDSFUJh8_v44hKfLsbWvnd6dEAEIt10K0Mv8-EC5bQ71wDpXjmEiX2OYRUzbnKppeLHbzHm-f5yP6jVWvsW8s5cuVDkAc1SKtFJlXFw0utDuONPt7Zl9IENSbAkofvus_Y9qqCTkTrkU48akKFVZ7ZG4jYAHHy1SCAcawVuHp4ydjDJS_a6G5px_Yyj9ASlNrmmc2a3hTBxTxzZXXWpcF9MTAGBf88lMEwfphwIeUDGAsf8ARmi8k5kVWVHl_gPOT87sXQNbqz0LSTWBeiat2r6_UxuLqZ4IrOzcnZaI1Qh3UOwNujGuaqVJhnkAyA-8yGwoitqB-ywAavdxvFTva3bqQbVFAXdmx_1tEuw6CMnq1JIxaUFtfBEZ1ftYys5tHyT4a3HfbhGQHF4KSb2hx6T8yssjKYiaC70XqJ3ZA_F2-WqTJ3aiWQpWAdgzsGHX-dt7Y8V_TbXwAy9zsngWKaHALg094ULjlFEhIfWkkb0WIbEA_i0TrOjsN7U-INnd1BBWKWBW4QDVNlSmtYlqRFgoyPTcOAkDGCSgtmm5-nK7eBLxrOmLlRhaJgj_TP4ogKd_IBVoz_28_xUByHr--HeeDH2TH-TgZJnmyCVGN6zRb_LYQbjhOfsqmN7yQ6XJkRJ7QwYbyI2o8SslbuVy5WwjhjLXDhdUDP0VSVng03MBaDPwEoLT9PJqcsuuZ7h-KE9kJoXxnY5bIswojEWToO1AHNwzwWhA3zeUQ0f_W8citX7SiOmUsOO3oZERbiHg2_xqzIaz2zMLZertuDHBvn6aI1QnZqsYYKXf1qtc356jBXA-kH2t_M34rscjIWxsKVR88qxRsXXKJ6BMFWVmEEyp9hvHwx4LjVvZnTfHpH8az9bTWLoqqGF8ngv04HbgIv8dImI4zjfadfD9PRkdqWl8NY1uiEZ3rxvFq5hBzCdIzkXjf9OpWTAPkiSh_p9NtYdk0WZ2tZa0fTCv1Ikm2XreTViDkNBLDma27lzEfxz9cH8kPimsFv-R3YOPD1xQN0Kw=s96-c', 'plan': 'enterprise', ...})">backend/tests/test_manobank_admin_iteration_19.py:30: in test_login_success
    assert "user" in data or "token" in data or "session_token" in data
E   AssertionError: assert ('user' in {'email': 'rrhh.milchollos@gmail.com', 'name': 'Ivan Rubio Cano', 'picture': 'https://lh3.googleusercontent.com/a-/ALV-UjXDag53k0OM-HHYuuWCCna5HZ8Z88yr_wDmicVbXHUF1GyLj_hDSFUJh8_v44hKfLsbWvnd6dEAEIt10K0Mv8-EC5bQ71wDpXjmEiX2OYRUzbnKppeLHbzHm-f5yP6jVWvsW8s5cuVDkAc1SKtFJlXFw0utDuONPt7Zl9IENSbAkofvus_Y9qqCTkTrkU48akKFVZ7ZG4jYAHHy1SCAcawVuHp4ydjDJS_a6G5px_Yyj9ASlNrmmc2a3hTBxTxzZXXWpcF9MTAGBf88lMEwfphwIeUDGAsf8ARmi8k5kVWVHl_gPOT87sXQNbqz0LSTWBeiat2r6_UxuLqZ4IrOzcnZaI1Qh3UOwNujGuaqVJhnkAyA-8yGwoitqB-ywAavdxvFTva3bqQbVFAXdmx_1tEuw6CMnq1JIxaUFtfBEZ1ftYys5tHyT4a3HfbhGQHF4KSb2hx6T8yssjKYiaC70XqJ3ZA_F2-WqTJ3aiWQpWAdgzsGHX-dt7Y8V_TbXwAy9zsngWKaHALg094ULjlFEhIfWkkb0WIbEA_i0TrOjsN7U-INnd1BBWKWBW4QDVNlSmtYlqRFgoyPTcOAkDGCSgtmm5-nK7eBLxrOmLlRhaJgj_TP4ogKd_IBVoz_28_xUByHr--HeeDH2TH-TgZJnmyCVGN6zRb_LYQbjhOfsqmN7yQ6XJkRJ7QwYbyI2o8SslbuVy5WwjhjLXDhdUDP0VSVng03MBaDPwEoLT9PJqcsuuZ7h-KE9kJoXxnY5bIswojEWToO1AHNwzwWhA3zeUQ0f_W8citX7SiOmUsOO3oZERbiHg2_xqzIaz2zMLZertuDHBvn6aI1QnZqsYYKXf1qtc356jBXA-kH2t_M34rscjIWxsKVR88qxRsXXKJ6BMFWVmEEyp9hvHwx4LjVvZnTfHpH8az9bTWLoqqGF8ngv04HbgIv8dImI4zjfadfD9PRkdqWl8NY1uiEZ3rxvFq5hBzCdIzkXjf9OpWTAPkiSh_p9NtYdk0WZ2tZa0fTCv1Ikm2XreTViDkNBLDma27lzEfxz9cH8kPimsFv-R3YOPD1xQN0Kw=s96-c', 'plan': 'enterprise', ...} or 'token' in {'email': 'rrhh.milchollos@gmail.com', 'name': 'Ivan Rubio Cano', 'picture': 'https://lh3.googleusercontent.com/a-/ALV-UjXDag53k0OM-HHYuuWCCna5HZ8Z88yr_wDmicVbXHUF1GyLj_hDSFUJh8_v44hKfLsbWvnd6dEAEIt10K0Mv8-EC5bQ71wDpXjmEiX2OYRUzbnKppeLHbzHm-f5yP6jVWvsW8s5cuVDkAc1SKtFJlXFw0utDuONPt7Zl9IENSbAkofvus_Y9qqCTkTrkU48akKFVZ7ZG4jYAHHy1SCAcawVuHp4ydjDJS_a6G5px_Yyj9ASlNrmmc2a3hTBxTxzZXXWpcF9MTAGBf88lMEwfphwIeUDGAsf8ARmi8k5kVWVHl_gPOT87sXQNbqz0LSTWBeiat2r6_UxuLqZ4IrOzcnZaI1Qh3UOwNujGuaqVJhnkAyA-8yGwoitqB-ywAavdxvFTva3bqQbVFAXdmx_1tEuw6CMnq1JIxaUFtfBEZ1ftYys5tHyT4a3HfbhGQHF4KSb2hx6T8yssjKYiaC70XqJ3ZA_F2-WqTJ3aiWQpWAdgzsGHX-dt7Y8V_TbXwAy9zsngWKaHALg094ULjlFEhIfWkkb0WIbEA_i0TrOjsN7U-INnd1BBWKWBW4QDVNlSmtYlqRFgoyPTcOAkDGCSgtmm5-nK7eBLxrOmLlRhaJgj_TP4ogKd_IBVoz_28_xUByHr--HeeDH2TH-TgZJnmyCVGN6zRb_LYQbjhOfsqmN7yQ6XJkRJ7QwYbyI2o8SslbuVy5WwjhjLXDhdUDP0VSVng03MBaDPwEoLT9PJqcsuuZ7h-KE9kJoXxnY5bIswojEWToO1AHNwzwWhA3zeUQ0f_W8citX7SiOmUsOO3oZERbiHg2_xqzIaz2zMLZertuDHBvn6aI1QnZqsYYKXf1qtc356jBXA-kH2t_M34rscjIWxsKVR88qxRsXXKJ6BMFWVmEEyp9hvHwx4LjVvZnTfHpH8az9bTWLoqqGF8ngv04HbgIv8dImI4zjfadfD9PRkdqWl8NY1uiEZ3rxvFq5hBzCdIzkXjf9OpWTAPkiSh_p9NtYdk0WZ2tZa0fTCv1Ikm2XreTViDkNBLDma27lzEfxz9cH8kPimsFv-R3YOPD1xQN0Kw=s96-c', 'plan': 'enterprise', ...} or 'session_token' in {'email': 'rrhh.milchollos@gmail.com', 'name': 'Ivan Rubio Cano', 'picture': 'https://lh3.googleusercontent.com/a-/ALV-UjXDag53k0OM-HHYuuWCCna5HZ8Z88yr_wDmicVbXHUF1GyLj_hDSFUJh8_v44hKfLsbWvnd6dEAEIt10K0Mv8-EC5bQ71wDpXjmEiX2OYRUzbnKppeLHbzHm-f5yP6jVWvsW8s5cuVDkAc1SKtFJlXFw0utDuONPt7Zl9IENSbAkofvus_Y9qqCTkTrkU48akKFVZ7ZG4jYAHHy1SCAcawVuHp4ydjDJS_a6G5px_Yyj9ASlNrmmc2a3hTBxTxzZXXWpcF9MTAGBf88lMEwfphwIeUDGAsf8ARmi8k5kVWVHl_gPOT87sXQNbqz0LSTWBeiat2r6_UxuLqZ4IrOzcnZaI1Qh3UOwNujGuaqVJhnkAyA-8yGwoitqB-ywAavdxvFTva3bqQbVFAXdmx_1tEuw6CMnq1JIxaUFtfBEZ1ftYys5tHyT4a3HfbhGQHF4KSb2hx6T8yssjKYiaC70XqJ3ZA_F2-WqTJ3aiWQpWAdgzsGHX-dt7Y8V_TbXwAy9zsngWKaHALg094ULjlFEhIfWkkb0WIbEA_i0TrOjsN7U-INnd1BBWKWBW4QDVNlSmtYlqRFgoyPTcOAkDGCSgtmm5-nK7eBLxrOmLlRhaJgj_TP4ogKd_IBVoz_28_xUByHr--HeeDH2TH-TgZJnmyCVGN6zRb_LYQbjhOfsqmN7yQ6XJkRJ7QwYbyI2o8SslbuVy5WwjhjLXDhdUDP0VSVng03MBaDPwEoLT9PJqcsuuZ7h-KE9kJoXxnY5bIswojEWToO1AHNwzwWhA3zeUQ0f_W8citX7SiOmUsOO3oZERbiHg2_xqzIaz2zMLZertuDHBvn6aI1QnZqsYYKXf1qtc356jBXA-kH2t_M34rscjIWxsKVR88qxRsXXKJ6BMFWVmEEyp9hvHwx4LjVvZnTfHpH8az9bTWLoqqGF8ngv04HbgIv8dImI4zjfadfD9PRkdqWl8NY1uiEZ3rxvFq5hBzCdIzkXjf9OpWTAPkiSh_p9NtYdk0WZ2tZa0fTCv1Ikm2XreTViDkNBLDma27lzEfxz9cH8kPimsFv-R3YOPD1xQN0Kw=s96-c', 'plan': 'enterprise', ...})</failure></testcase><testcase classname="backend.tests.test_manobank_admin_iteration_19.TestAuthLogin" name="test_login_invalid_credentials" time="0.048" /><testcase classname="backend.tests.test_manobank_admin_iteration_19.TestAdminDashboard" name="test_dashboard_returns_stats" time="0.090" /><testcase classname="backend.tests.test_manobank_admin_iteration_19.TestAdminDashboard" name="test_dashboard_requires_auth" time="0.042" /><testcase classname="backend.tests.test_manobank_admin_iteration_19.TestCustomerManagement" name="test_list_customers" time="0.012" /><testcase classname="backend.tests.test_manobank_admin_iteration_19.TestCustomerManagement" name="test_search_customers" time="0.017" /><testcase classname="backend.tests.test_manobank_admin_iteration_19.TestCustomerManagement" name="test_get_customer_accounts" time="0.014" /><testcase classname="backend.tests.test_manobank_admin_iteration_19.TestCustomerManagement" name="test_get_customer_cards" time="0.010" /><testcase classname="backend.tests.test_manobank_admin_iteration_19.TestCustomerManagement" name="test_get_customer_transactions" time="0.104" /><testcase classname="backend.tests.test_manobank_admin_iteration_19.TestCustomerManagement" name="test_get_customer_detail" time="0.016" /><testcase classname="backend.tests.test_manobank_admin_iteration_19.TestTellerOperations" name="test_deposit_to_account" time="0.009"><failure message="AssertionError: Deposit failed: {&quot;detail&quot;:[{&quot;type&quot;:&quot;missing&quot;,&quot;loc&quot;:[&quot;body&quot;],&quot;msg&quot;:&quot;Field required&quot;,&quot;input&quot;:null,&quot;url&quot;:&quot;https://errors.pydantic.dev/2.12/v/missing&quot;}]}&#10;assert 422 == 200&#10; +  where 422 = &lt;Response [422]&gt;.status_code">backend/tests/test_manobank_admin_iteration_19.py:167: in test_deposit_to_account
    assert response.status_code == 200, f"Deposit failed: {response.text}"
E   AssertionError: Deposit failed: {"detail":[{"type":"missing","loc":["body"],"msg":"Field required","input":null,"url":"https://errors.pydantic.dev/2.12/v/missing"}]}
E   assert 422 == 200
E    +  where 422 = &lt;Response [422]&gt;.status_code</failure></testcase><testcase classname="backend.tests.test_manobank_admin_iteration_19.TestTellerOperations" name="test_withdraw_from_account" time="0.008"><failure message="AssertionError: Withdraw failed: {&quot;detail&quot;:[{&quot;type&quot;:&quot;missing&quot;,&quot;loc&quot;:[&quot;body&quot;],&quot;msg&quot;:&quot;Field required&quot;,&quot;input&quot;:null,&quot;url&quot;:&quot;https://errors.pydantic.dev/2.12/v/missing&quot;}]}&#10;assert 422 == 200&#10; +  where 422 = &lt;Response [422]&gt;.status_code">backend/tests/test_manobank_admin_iteration_19.py:183: in test_withdraw_from_account
    assert response.status_code == 200, f"Withdraw failed: {response.text}"
E   AssertionError: Withdraw failed: {"detail":[{"type":"missing","loc":["body"],"msg":"Field required","input":null,"url":"https://errors.pydantic.dev/2.12/v/missing"}]}
E   assert 422 == 200
E    +  where 422 = &lt;Response [422]&gt;.status_code</failure></testcase><testcase classname="backend.tests.test_manobank_admin_iteration_19.TestTellerOperations" name="test_withdraw_insufficient_funds" time="0.010" /><testcase classname="backend.tests.test_manobank_admin_iteration_19.TestComplianceEndpoints" name="test_compliance_summary" time="0.015"><failure message="AssertionError: assert ('entity_name' in {'entity': {'cif': 'B19427723', 'license_type': 'Entidad de Dinero Electrónico', 'name': 'ManoBank S.A.', 'regulator': 'Banco de España'}, 'generated_at': '2026-01-24T17:06:20.388371+00:00', 'recent_high_risk': [], 'stats': {'events_today': 0, 'high_risk_events': 0, 'total_audit_events': 0}} or 'regulated_entity' in {'entity': {'cif': 'B19427723', 'license_type': 'Entidad de Dinero Electrónico', 'name': 'ManoBank S.A.', 'regulator': 'Banco de España'}, 'generated_at': '2026-01-24T17:06:20.388371+00:00', 'recent_high_risk': [], 'stats': {'events_today': 0, 'high_risk_events': 0, 'total_audit_events': 0}})">backend/tests/test_manobank_admin_iteration_19.py:212: in test_compliance_summary
    assert "entity_name" in data or "regulated_entity" in data
E   AssertionError: assert ('entity_name' in {'entity': {'cif': 'B19427723', 'license_type': 'Entidad de Dinero Electrónico', 'name': 'ManoBank S.A.', 'regulator': 'Banco de España'}, 'generated_at': '2026-01-24T17:06:20.388371+00:00', 'recent_high_risk': [], 'stats': {'events_today': 0, 'high_risk_events': 0, 'total_audit_events': 0}} or 'regulated_entity' in {'entity': {'cif': 'B19427723', 'license_type': 'Entidad de Dinero Electrónico', 'name': 'ManoBank S.A.', 'regulator': 'Banco de España'}, 'generated_at': '2026-01-24T17:06:20.388371+00:00', 'recent_high_risk': [], 'stats': {'events_today': 0, 'high_risk_events': 0, 'total_audit_events': 0}})</failure></testcase><testcase classname="backend.tests.test_manobank_admin_iteration_19.TestComplianceEndpoints" name="test_aml_dashboard" time="0.012" /><testcase classname="backend.tests.test_manobank_admin_iteration_19.TestComplianceEndpoints" name="test_kyc_dashboard" time="0.042" /><testcase classname="backend.tests.test_manobank_admin_iteration_19.TestComplianceEndpoints" name="test_ledger_summary" time="0.011" /><testcase classname="backend.tests.test_manobank_admin_iteration_19.TestComplianceEndpoints" name="test_reporting_dashboard" time="0.053" /><testcase classname="backend.tests.test_manobank_admin_iteration_19.TestAccountManagement" name="test_list_accounts" time="0.012" /><testcase classname="backend.tests.test_manobank_admin_iteration_19.TestAccountManagement" name="test_get_account_detail" time="0.012" /><testcase classname="backend.tests.test_manobank_admin_iteration_19.TestCardsManagement" name="test_list_cards" time="0.011" /><testcase classname="backend.tests.test_manobank_admin_iteration_19.TestLoansManagement" name="test_list_loans" time="0.009" /><testcase classname="backend.tests.test_manobank_admin_iteration_19.TestEmployeeManagement" name="test_list_employees" time="0.010" /><testcase classname="backend.tests.test_manobank_admin_iteration_19.TestFraudAlerts" name="test_list_fraud_alerts" time="0.052" /></testsuite></testsuites>