<?xml version="1.0" encoding="utf-8"?><testsuites name="pytest tests"><testsuite name="pytest" errors="0" failures="1" skipped="0" tests="14" time="4.718" timestamp="2026-02-05T02:19:09.254060+00:00" hostname="agent-env-1843c7ca-dd3d-45f1-8485-aaf655799dd1"><testcase classname="tests.test_iteration_32.TestHealthEndpoint" name="test_health_returns_healthy" time="0.107" /><testcase classname="tests.test_iteration_32.TestAuthEndpoints" name="test_login_with_valid_credentials" time="0.278"><failure message="AssertionError: assert (None == True or 'user' in {'email': 'info@manoprotect.com', 'name': 'ManoProtect Admin', 'picture': None, 'plan': 'enterprise', ...})&#10; +  where None = &lt;built-in method get of dict object at 0xffb68cc03380&gt;('success')&#10; +    where &lt;built-in method get of dict object at 0xffb68cc03380&gt; = {'email': 'info@manoprotect.com', 'name': 'ManoProtect Admin', 'picture': None, 'plan': 'enterprise', ...}.get">tests/test_iteration_32.py:44: in test_login_with_valid_credentials
    assert data.get("success") == True or "user" in data
E   AssertionError: assert (None == True or 'user' in {'email': 'info@manoprotect.com', 'name': 'ManoProtect Admin', 'picture': None, 'plan': 'enterprise', ...})
E    +  where None = &lt;built-in method get of dict object at 0xffb68cc03380&gt;('success')
E    +    where &lt;built-in method get of dict object at 0xffb68cc03380&gt; = {'email': 'info@manoprotect.com', 'name': 'ManoProtect Admin', 'picture': None, 'plan': 'enterprise', ...}.get</failure></testcase><testcase classname="tests.test_iteration_32.TestAuthEndpoints" name="test_login_with_invalid_credentials" time="0.267" /><testcase classname="tests.test_iteration_32.TestAuthEndpoints" name="test_get_current_user_without_auth" time="0.039" /><testcase classname="tests.test_iteration_32.TestAuthEndpoints" name="test_get_current_user_with_auth" time="0.308" /><testcase classname="tests.test_iteration_32.TestEnterpriseDashboard" name="test_enterprise_dashboard_requires_auth" time="0.307" /><testcase classname="tests.test_iteration_32.TestEnterpriseDashboard" name="test_enterprise_dashboard_with_auth" time="0.279" /><testcase classname="tests.test_iteration_32.TestEnterpriseDashboard" name="test_enterprise_reports_endpoint" time="0.292" /><testcase classname="tests.test_iteration_32.TestEmployeePortal" name="test_employee_connect" time="0.309" /><testcase classname="tests.test_iteration_32.TestEmployeePortal" name="test_get_connected_employees" time="0.316" /><testcase classname="tests.test_iteration_32.TestEmployeePortal" name="test_get_unread_messages" time="0.292" /><testcase classname="tests.test_iteration_32.TestChatEndpoints" name="test_chat_message_endpoint" time="1.733" /><testcase classname="tests.test_iteration_32.TestCommunityAlerts" name="test_get_community_alerts" time="0.044" /><testcase classname="tests.test_iteration_32.TestPlansEndpoint" name="test_get_available_plans" time="0.039" /></testsuite></testsuites>