<?xml version="1.0" encoding="utf-8"?><testsuites name="pytest tests"><testsuite name="pytest" errors="0" failures="0" skipped="0" tests="9" time="2.092" timestamp="2026-03-27T15:48:55.988956+00:00" hostname="agent-env-b96e1871-b2d6-44f9-a341-0ce16b8cb1e8"><testcase classname="backend.tests.test_iteration_133_tiktok_superadmin.TestSuperadminLogin" name="test_superadmin_login_success" time="0.737" /><testcase classname="backend.tests.test_iteration_133_tiktok_superadmin.TestSuperadminLogin" name="test_admin_login_success" time="0.397" /><testcase classname="backend.tests.test_iteration_133_tiktok_superadmin.TestTikTokCodes" name="test_get_tiktok_codes_list" time="0.132" /><testcase classname="backend.tests.test_iteration_133_tiktok_superadmin.TestTikTokCodes" name="test_validate_tiktok_code_valid" time="0.129" /><testcase classname="backend.tests.test_iteration_133_tiktok_superadmin.TestTikTokCodes" name="test_validate_tiktok_code_invalid" time="0.161" /><testcase classname="backend.tests.test_iteration_133_tiktok_superadmin.TestTikTokCodes" name="test_redeem_tiktok_code" time="0.108" /><testcase classname="backend.tests.test_iteration_133_tiktok_superadmin.TestEscudoVecinalDynamicCounter" name="test_escudo_vecinal_status" time="0.127" /><testcase classname="backend.tests.test_iteration_133_tiktok_superadmin.TestPromoSentinelStatus" name="test_sentinel_s_status" time="0.116" /><testcase classname="backend.tests.test_iteration_133_tiktok_superadmin.TestHealthCheck" name="test_health_endpoint" time="0.111" /></testsuite></testsuites>