<?xml version="1.0" encoding="utf-8"?><testsuites name="pytest tests"><testsuite name="pytest" errors="0" failures="0" skipped="0" tests="13" time="2.755" timestamp="2026-03-01T23:34:22.665561+00:00" hostname="agent-env-88d65b48-546e-4ac4-8105-6aca123b2c68"><testcase classname="tests.test_iteration_72_full_audit.TestHealthCheck" name="test_api_health" time="0.162" /><testcase classname="tests.test_iteration_72_full_audit.TestAlarmCheckout" name="test_alarm_essential_checkout" time="0.490" /><testcase classname="tests.test_iteration_72_full_audit.TestAlarmCheckout" name="test_alarm_premium_checkout" time="0.347" /><testcase classname="tests.test_iteration_72_full_audit.TestAlarmCheckout" name="test_alarm_business_checkout" time="0.407" /><testcase classname="tests.test_iteration_72_full_audit.TestAlarmCheckout" name="test_invalid_plan_type" time="0.103" /><testcase classname="tests.test_iteration_72_full_audit.TestNewsletterAPI" name="test_newsletter_subscribe_new" time="0.155" /><testcase classname="tests.test_iteration_72_full_audit.TestNewsletterAPI" name="test_newsletter_subscribe_duplicate" time="0.231" /><testcase classname="tests.test_iteration_72_full_audit.TestNewsletterAPI" name="test_newsletter_stats" time="0.137" /><testcase classname="tests.test_iteration_72_full_audit.TestEmployeePortalLogin" name="test_employee_login_success" time="0.132" /><testcase classname="tests.test_iteration_72_full_audit.TestEmployeePortalLogin" name="test_employee_login_invalid" time="0.107" /><testcase classname="tests.test_iteration_72_full_audit.TestEmployeePortalLogin" name="test_employee_roles_endpoint" time="0.168" /><testcase classname="tests.test_iteration_72_full_audit.TestCommunityShieldPersistence" name="test_community_shield_stats" time="0.116" /><testcase classname="tests.test_iteration_72_full_audit.TestCommunityShieldPersistence" name="test_community_shield_incidents" time="0.136" /></testsuite></testsuites>