<?xml version="1.0" encoding="utf-8"?><testsuites name="pytest tests"><testsuite name="pytest" errors="0" failures="0" skipped="0" tests="30" time="6.879" timestamp="2026-02-02T20:49:57.501600+00:00" hostname="agent-env-30363361-4c34-413d-9c5f-47d8ecc43474"><testcase classname="backend.tests.test_final_production_audit.TestHealthAndPublicAPIs" name="test_health_endpoint" time="0.073" /><testcase classname="backend.tests.test_final_production_audit.TestHealthAndPublicAPIs" name="test_plans_endpoint" time="0.036" /><testcase classname="backend.tests.test_final_production_audit.TestHealthAndPublicAPIs" name="test_knowledge_base_endpoint" time="0.040" /><testcase classname="backend.tests.test_final_production_audit.TestHealthAndPublicAPIs" name="test_community_alerts_endpoint" time="0.044" /><testcase classname="backend.tests.test_final_production_audit.TestAuthentication" name="test_superadmin_login" time="0.266" /><testcase classname="backend.tests.test_final_production_audit.TestAuthentication" name="test_test_user_login" time="0.269" /><testcase classname="backend.tests.test_final_production_audit.TestAuthentication" name="test_invalid_login" time="0.040" /><testcase classname="backend.tests.test_final_production_audit.TestAuthenticatedAPIs" name="test_auth_me" time="0.268" /><testcase classname="backend.tests.test_final_production_audit.TestAuthenticatedAPIs" name="test_profile" time="0.270" /><testcase classname="backend.tests.test_final_production_audit.TestAuthenticatedAPIs" name="test_notifications" time="0.267" /><testcase classname="backend.tests.test_final_production_audit.TestAuthenticatedAPIs" name="test_notification_preferences" time="0.268" /><testcase classname="backend.tests.test_final_production_audit.TestAuthenticatedAPIs" name="test_alerts_history" time="0.265" /><testcase classname="backend.tests.test_final_production_audit.TestAuthenticatedAPIs" name="test_threats" time="0.270" /><testcase classname="backend.tests.test_final_production_audit.TestAuthenticatedAPIs" name="test_stats" time="0.275" /><testcase classname="backend.tests.test_final_production_audit.TestFamilyFeatures" name="test_family_dashboard" time="0.269" /><testcase classname="backend.tests.test_final_production_audit.TestFamilyFeatures" name="test_family_members" time="0.264" /><testcase classname="backend.tests.test_final_production_audit.TestFamilyFeatures" name="test_family_my_status" time="0.271" /><testcase classname="backend.tests.test_final_production_audit.TestFamilyFeatures" name="test_family_linked_members" time="0.270" /><testcase classname="backend.tests.test_final_production_audit.TestSOSFeatures" name="test_sos_history" time="0.270" /><testcase classname="backend.tests.test_final_production_audit.TestSOSFeatures" name="test_sos_premium_active" time="0.273" /><testcase classname="backend.tests.test_final_production_audit.TestSOSFeatures" name="test_sos_premium_history" time="0.272" /><testcase classname="backend.tests.test_final_production_audit.TestContactsFeatures" name="test_get_contacts" time="0.268" /><testcase classname="backend.tests.test_final_production_audit.TestContactsFeatures" name="test_get_trusted_contacts" time="0.272" /><testcase classname="backend.tests.test_final_production_audit.TestHealthProfile" name="test_get_health_profile" time="0.288" /><testcase classname="backend.tests.test_final_production_audit.TestAdminFeatures" name="test_admin_dashboard" time="0.276" /><testcase classname="backend.tests.test_final_production_audit.TestAdminFeatures" name="test_admin_users" time="0.275" /><testcase classname="backend.tests.test_final_production_audit.TestAdminFeatures" name="test_admin_subscriptions" time="0.279" /><testcase classname="backend.tests.test_final_production_audit.TestChildTracking" name="test_family_children" time="0.270" /><testcase classname="backend.tests.test_final_production_audit.TestLocationFeatures" name="test_family_locations" time="0.273" /><testcase classname="backend.tests.test_final_production_audit.TestRegistration" name="test_register_endpoint_exists" time="0.040" /></testsuite></testsuites>