<?xml version="1.0" encoding="utf-8"?><testsuites name="pytest tests"><testsuite name="pytest" errors="0" failures="1" skipped="0" tests="23" time="5.512" timestamp="2026-02-02T09:18:18.072376+00:00" hostname="agent-env-30363361-4c34-413d-9c5f-47d8ecc43474"><testcase classname="backend.tests.test_production_readiness.TestHealthAndBasicAPIs" name="test_api_health" time="0.075"><failure message="AssertionError: Health check failed: 404&#10;assert 404 == 200&#10; +  where 404 = &lt;Response [404]&gt;.status_code">backend/tests/test_production_readiness.py:30: in test_api_health
    assert response.status_code == 200, f"Health check failed: {response.status_code}"
E   AssertionError: Health check failed: 404
E   assert 404 == 200
E    +  where 404 = &lt;Response [404]&gt;.status_code</failure></testcase><testcase classname="backend.tests.test_production_readiness.TestHealthAndBasicAPIs" name="test_plans_endpoint" time="0.032" /><testcase classname="backend.tests.test_production_readiness.TestHealthAndBasicAPIs" name="test_knowledge_base" time="0.037" /><testcase classname="backend.tests.test_production_readiness.TestHealthAndBasicAPIs" name="test_community_alerts" time="0.037" /><testcase classname="backend.tests.test_production_readiness.TestAuthentication" name="test_login_superadmin" time="0.263" /><testcase classname="backend.tests.test_production_readiness.TestAuthentication" name="test_login_test_user" time="0.261" /><testcase classname="backend.tests.test_production_readiness.TestAuthentication" name="test_auth_me_endpoint" time="0.267" /><testcase classname="backend.tests.test_production_readiness.TestDashboardAndProfile" name="test_profile_endpoint" time="0.276" /><testcase classname="backend.tests.test_production_readiness.TestDashboardAndProfile" name="test_notifications_endpoint" time="0.276" /><testcase classname="backend.tests.test_production_readiness.TestDashboardAndProfile" name="test_alerts_history" time="0.271" /><testcase classname="backend.tests.test_production_readiness.TestDashboardAndProfile" name="test_threats_endpoint" time="0.276" /><testcase classname="backend.tests.test_production_readiness.TestDashboardAndProfile" name="test_stats_endpoint" time="0.266" /><testcase classname="backend.tests.test_production_readiness.TestFamilyFeatures" name="test_family_dashboard" time="0.280" /><testcase classname="backend.tests.test_production_readiness.TestFamilyFeatures" name="test_family_members" time="0.264" /><testcase classname="backend.tests.test_production_readiness.TestFamilyFeatures" name="test_sos_history" time="0.271" /><testcase classname="backend.tests.test_production_readiness.TestContactsFeatures" name="test_get_contacts" time="0.270" /><testcase classname="backend.tests.test_production_readiness.TestContactsFeatures" name="test_add_contact" time="0.274" /><testcase classname="backend.tests.test_production_readiness.TestHealthProfile" name="test_health_profile" time="0.269" /><testcase classname="backend.tests.test_production_readiness.TestAdminFeatures" name="test_admin_users" time="0.272" /><testcase classname="backend.tests.test_production_readiness.TestAdminFeatures" name="test_admin_dashboard" time="0.276" /><testcase classname="backend.tests.test_production_readiness.TestSOSQuickButton" name="test_sos_premium_active" time="0.271" /><testcase classname="backend.tests.test_production_readiness.TestSOSQuickButton" name="test_sos_premium_history" time="0.292" /><testcase classname="backend.tests.test_production_readiness.TestPushNotifications" name="test_notification_preferences" time="0.304" /></testsuite></testsuites>