<?xml version="1.0" encoding="utf-8"?><testsuites name="pytest tests"><testsuite name="pytest" errors="0" failures="0" skipped="0" tests="10" time="1.474" timestamp="2026-02-28T18:17:18.852234+00:00" hostname="agent-env-ed8dc467-f6f0-4c7a-bd01-114525d119e3"><testcase classname="tests.test_iteration_64_ip_blocking.TestIPBlockingSystem" name="test_01_ceo_login" time="0.770" /><testcase classname="tests.test_iteration_64_ip_blocking.TestIPBlockingSystem" name="test_02_block_ip" time="0.083" /><testcase classname="tests.test_iteration_64_ip_blocking.TestIPBlockingSystem" name="test_03_get_blocked_ips" time="0.059" /><testcase classname="tests.test_iteration_64_ip_blocking.TestIPBlockingSystem" name="test_04_security_overview_blocked_count" time="0.072" /><testcase classname="tests.test_iteration_64_ip_blocking.TestIPBlockingSystem" name="test_05_unblock_ip" time="0.087" /><testcase classname="tests.test_iteration_64_ip_blocking.TestIPBlockingSystem" name="test_06_verify_unblocked" time="0.074" /><testcase classname="tests.test_iteration_64_ip_blocking.TestMobileConfigFiles" name="test_android_manifest_background_location" time="0.000" /><testcase classname="tests.test_iteration_64_ip_blocking.TestMobileConfigFiles" name="test_ios_plist_background_modes" time="0.000" /><testcase classname="tests.test_iteration_64_ip_blocking.TestHealthAndBasicAPIs" name="test_heartbeat" time="0.140" /><testcase classname="tests.test_iteration_64_ip_blocking.TestHealthAndBasicAPIs" name="test_health_check" time="0.119" /></testsuite></testsuites>