<?xml version="1.0" encoding="utf-8"?><testsuites name="pytest tests"><testsuite name="pytest" errors="0" failures="0" skipped="0" tests="15" time="4.861" timestamp="2026-02-28T16:44:22.012698+00:00" hostname="agent-env-ed8dc467-f6f0-4c7a-bd01-114525d119e3"><testcase classname="backend.tests.test_ceo_dashboard.TestHealthEndpoints" name="test_heartbeat_returns_alive" time="0.479" /><testcase classname="backend.tests.test_ceo_dashboard.TestHealthEndpoints" name="test_health_returns_healthy" time="0.107" /><testcase classname="backend.tests.test_ceo_dashboard.TestPromoStatus" name="test_promo_status_returns_stock" time="0.097" /><testcase classname="backend.tests.test_ceo_dashboard.TestCEOAuthentication" name="test_ceo_login_success" time="0.336" /><testcase classname="backend.tests.test_ceo_dashboard.TestCEOAuthentication" name="test_ceo_login_wrong_password" time="0.325" /><testcase classname="backend.tests.test_ceo_dashboard.TestCEODashboard" name="test_ceo_stats" time="0.395" /><testcase classname="backend.tests.test_ceo_dashboard.TestCEODashboard" name="test_ceo_users_list" time="0.413" /><testcase classname="backend.tests.test_ceo_dashboard.TestCEODashboard" name="test_ceo_users_search" time="0.463" /><testcase classname="backend.tests.test_ceo_dashboard.TestCEODashboard" name="test_ceo_subscriptions" time="0.380" /><testcase classname="backend.tests.test_ceo_dashboard.TestCEODashboard" name="test_ceo_orders" time="0.379" /><testcase classname="backend.tests.test_ceo_dashboard.TestCEODashboard" name="test_ceo_refunds" time="0.389" /><testcase classname="backend.tests.test_ceo_dashboard.TestCEODashboard" name="test_ceo_messages" time="0.392" /><testcase classname="backend.tests.test_ceo_dashboard.TestCEODashboard" name="test_ceo_activity" time="0.384" /><testcase classname="backend.tests.test_ceo_dashboard.TestUnauthorizedAccess" name="test_ceo_stats_requires_auth" time="0.116" /><testcase classname="backend.tests.test_ceo_dashboard.TestUnauthorizedAccess" name="test_ceo_users_requires_auth" time="0.109" /></testsuite></testsuites>