<?xml version="1.0" encoding="utf-8"?><testsuites name="pytest tests"><testsuite name="pytest" errors="0" failures="1" skipped="0" tests="14" time="1.614" timestamp="2026-01-25T00:20:41.360984+00:00" hostname="agent-env-e078886f-1ebb-4d12-ae9b-76dcaed3266b"><testcase classname="backend.tests.test_manobank_registration_iteration_20.TestDirectorLogin" name="test_director_login_success" time="0.106" /><testcase classname="backend.tests.test_manobank_registration_iteration_20.TestDirectorLogin" name="test_director_access_admin_dashboard" time="0.085" /><testcase classname="backend.tests.test_manobank_registration_iteration_20.TestDirectorLogin" name="test_invalid_credentials_rejected" time="0.039" /><testcase classname="backend.tests.test_manobank_registration_iteration_20.TestNewCustomerRegistration" name="test_registration_endpoint_exists" time="0.038" /><testcase classname="backend.tests.test_manobank_registration_iteration_20.TestNewCustomerRegistration" name="test_registration_validation_required_fields" time="0.038" /><testcase classname="backend.tests.test_manobank_registration_iteration_20.TestNewCustomerRegistration" name="test_registration_creates_solicitud" time="0.045" /><testcase classname="backend.tests.test_manobank_registration_iteration_20.TestNewCustomerRegistration" name="test_duplicate_dni_rejected" time="0.097" /><testcase classname="backend.tests.test_manobank_registration_iteration_20.TestAdminRegistrationsEndpoint" name="test_get_registrations_list" time="0.092" /><testcase classname="backend.tests.test_manobank_registration_iteration_20.TestAdminRegistrationsEndpoint" name="test_get_registrations_filter_by_status" time="0.083" /><testcase classname="backend.tests.test_manobank_registration_iteration_20.TestApproveRegistration" name="test_approve_registration_creates_account" time="0.496"><failure message="AssertionError: Spanish IBAN should be 24 characters: ES11023400015852650667&#10;assert 22 == 24&#10; +  where 22 = len('ES11023400015852650667')">backend/tests/test_manobank_registration_iteration_20.py:340: in test_approve_registration_creates_account
    assert len(iban) == 24, f"Spanish IBAN should be 24 characters: {iban}"
E   AssertionError: Spanish IBAN should be 24 characters: ES11023400015852650667
E   assert 22 == 24
E    +  where 22 = len('ES11023400015852650667')</failure></testcase><testcase classname="backend.tests.test_manobank_registration_iteration_20.TestApproveRegistration" name="test_approve_already_approved_fails" time="0.123" /><testcase classname="backend.tests.test_manobank_registration_iteration_20.TestRejectRegistration" name="test_reject_registration_endpoint_exists" time="0.125" /><testcase classname="backend.tests.test_manobank_registration_iteration_20.TestEmployeePortalAperturas" name="test_account_requests_endpoint" time="0.071" /><testcase classname="backend.tests.test_manobank_registration_iteration_20.TestEmployeePortalAperturas" name="test_combined_registrations_and_requests" time="0.089" /></testsuite></testsuites>