<?xml version="1.0" encoding="utf-8"?><testsuites name="pytest tests"><testsuite name="pytest" errors="0" failures="0" skipped="0" tests="24" time="0.877" timestamp="2026-01-24T17:07:16.026866+00:00" hostname="agent-env-59a3ad66-39a7-49e3-abe5-6a389496d0c0"><testcase classname="backend.tests.test_manobank_admin_iteration_19.TestAuthLogin" name="test_login_success" time="0.110" /><testcase classname="backend.tests.test_manobank_admin_iteration_19.TestAuthLogin" name="test_login_invalid_credentials" time="0.039" /><testcase classname="backend.tests.test_manobank_admin_iteration_19.TestAdminDashboard" name="test_dashboard_returns_stats" time="0.094" /><testcase classname="backend.tests.test_manobank_admin_iteration_19.TestAdminDashboard" name="test_dashboard_requires_auth" time="0.077" /><testcase classname="backend.tests.test_manobank_admin_iteration_19.TestCustomerManagement" name="test_list_customers" time="0.018" /><testcase classname="backend.tests.test_manobank_admin_iteration_19.TestCustomerManagement" name="test_search_customers" time="0.057" /><testcase classname="backend.tests.test_manobank_admin_iteration_19.TestCustomerManagement" name="test_get_customer_accounts" time="0.011" /><testcase classname="backend.tests.test_manobank_admin_iteration_19.TestCustomerManagement" name="test_get_customer_cards" time="0.051" /><testcase classname="backend.tests.test_manobank_admin_iteration_19.TestCustomerManagement" name="test_get_customer_transactions" time="0.013" /><testcase classname="backend.tests.test_manobank_admin_iteration_19.TestCustomerManagement" name="test_get_customer_detail" time="0.011" /><testcase classname="backend.tests.test_manobank_admin_iteration_19.TestTellerOperations" name="test_deposit_to_account" time="0.016" /><testcase classname="backend.tests.test_manobank_admin_iteration_19.TestTellerOperations" name="test_withdraw_from_account" time="0.051" /><testcase classname="backend.tests.test_manobank_admin_iteration_19.TestTellerOperations" name="test_withdraw_insufficient_funds" time="0.014" /><testcase classname="backend.tests.test_manobank_admin_iteration_19.TestComplianceEndpoints" name="test_compliance_summary" time="0.056" /><testcase classname="backend.tests.test_manobank_admin_iteration_19.TestComplianceEndpoints" name="test_aml_dashboard" time="0.013" /><testcase classname="backend.tests.test_manobank_admin_iteration_19.TestComplianceEndpoints" name="test_kyc_dashboard" time="0.011" /><testcase classname="backend.tests.test_manobank_admin_iteration_19.TestComplianceEndpoints" name="test_ledger_summary" time="0.017" /><testcase classname="backend.tests.test_manobank_admin_iteration_19.TestComplianceEndpoints" name="test_reporting_dashboard" time="0.012" /><testcase classname="backend.tests.test_manobank_admin_iteration_19.TestAccountManagement" name="test_list_accounts" time="0.011" /><testcase classname="backend.tests.test_manobank_admin_iteration_19.TestAccountManagement" name="test_get_account_detail" time="0.012" /><testcase classname="backend.tests.test_manobank_admin_iteration_19.TestCardsManagement" name="test_list_cards" time="0.013" /><testcase classname="backend.tests.test_manobank_admin_iteration_19.TestLoansManagement" name="test_list_loans" time="0.056" /><testcase classname="backend.tests.test_manobank_admin_iteration_19.TestEmployeeManagement" name="test_list_employees" time="0.013" /><testcase classname="backend.tests.test_manobank_admin_iteration_19.TestFraudAlerts" name="test_list_fraud_alerts" time="0.011" /></testsuite></testsuites>