<?xml version="1.0" encoding="utf-8"?><testsuites name="pytest tests"><testsuite name="pytest" errors="0" failures="0" skipped="0" tests="24" time="0.726" timestamp="2026-01-23T18:11:51.899258+00:00" hostname="agent-env-59a3ad66-39a7-49e3-abe5-6a389496d0c0"><testcase classname="tests.test_banking_core_iteration_18.TestLedgerAPIs" name="test_ledger_summary" time="0.104" /><testcase classname="tests.test_banking_core_iteration_18.TestLedgerAPIs" name="test_ledger_verify_integrity" time="0.009" /><testcase classname="tests.test_banking_core_iteration_18.TestLedgerAPIs" name="test_ledger_verify_with_range" time="0.017" /><testcase classname="tests.test_banking_core_iteration_18.TestLedgerAPIs" name="test_ledger_summary_unauthorized" time="0.035" /><testcase classname="tests.test_banking_core_iteration_18.TestAMLAPIs" name="test_aml_dashboard" time="0.017" /><testcase classname="tests.test_banking_core_iteration_18.TestAMLAPIs" name="test_aml_alerts_list" time="0.008" /><testcase classname="tests.test_banking_core_iteration_18.TestAMLAPIs" name="test_aml_alerts_with_limit" time="0.019" /><testcase classname="tests.test_banking_core_iteration_18.TestAMLAPIs" name="test_aml_screen_customer" time="0.016" /><testcase classname="tests.test_banking_core_iteration_18.TestAMLAPIs" name="test_aml_screen_high_risk_nationality" time="0.009" /><testcase classname="tests.test_banking_core_iteration_18.TestAMLAPIs" name="test_aml_dashboard_unauthorized" time="0.033" /><testcase classname="tests.test_banking_core_iteration_18.TestKYCAPIs" name="test_kyc_dashboard" time="0.052" /><testcase classname="tests.test_banking_core_iteration_18.TestKYCAPIs" name="test_kyc_pending_list" time="0.012" /><testcase classname="tests.test_banking_core_iteration_18.TestKYCAPIs" name="test_kyc_initiate" time="0.010" /><testcase classname="tests.test_banking_core_iteration_18.TestKYCAPIs" name="test_kyc_initiate_enhanced" time="0.011" /><testcase classname="tests.test_banking_core_iteration_18.TestKYCAPIs" name="test_kyc_dashboard_unauthorized" time="0.035" /><testcase classname="tests.test_banking_core_iteration_18.TestReportingAPIs" name="test_reporting_dashboard" time="0.014" /><testcase classname="tests.test_banking_core_iteration_18.TestReportingAPIs" name="test_generate_monthly_operations_report" time="0.050" /><testcase classname="tests.test_banking_core_iteration_18.TestReportingAPIs" name="test_generate_daily_cash_report" time="0.052" /><testcase classname="tests.test_banking_core_iteration_18.TestReportingAPIs" name="test_generate_daily_cash_report_with_date" time="0.008" /><testcase classname="tests.test_banking_core_iteration_18.TestReportingAPIs" name="test_reporting_dashboard_unauthorized" time="0.034" /><testcase classname="tests.test_banking_core_iteration_18.TestComplianceAPIs" name="test_compliance_summary" time="0.011" /><testcase classname="tests.test_banking_core_iteration_18.TestComplianceAPIs" name="test_compliance_policies" time="0.011" /><testcase classname="tests.test_banking_core_iteration_18.TestComplianceAPIs" name="test_compliance_summary_unauthorized" time="0.081" /><testcase classname="tests.test_banking_core_iteration_18.TestIntegration" name="test_full_kyc_aml_flow" time="0.018" /></testsuite></testsuites>