<?xml version="1.0" encoding="utf-8"?><testsuites name="pytest tests"><testsuite name="pytest" errors="0" failures="0" skipped="1" tests="9" time="1.588" timestamp="2026-02-14T18:36:52.000748+00:00" hostname="agent-env-92b8ee8b-22b9-404b-90f2-dcccd7767b91"><testcase classname="backend.tests.test_2fa_login_flow.TestHealthCheck" name="test_api_health" time="0.594" /><testcase classname="backend.tests.test_2fa_login_flow.TestLoginWithInvalidCredentials" name="test_login_invalid_password" time="0.134" /><testcase classname="backend.tests.test_2fa_login_flow.TestLoginWithInvalidCredentials" name="test_login_invalid_email" time="0.124" /><testcase classname="backend.tests.test_2fa_login_flow.TestLoginWith2FARequired" name="test_login_with_2fa_requires_code" time="0.154" /><testcase classname="backend.tests.test_2fa_login_flow.TestLoginWith2FARequired" name="test_2fa_with_valid_totp_code" time="0.108" /><testcase classname="backend.tests.test_2fa_login_flow.TestLoginWith2FARequired" name="test_2fa_with_invalid_totp_code" time="0.112" /><testcase classname="backend.tests.test_2fa_login_flow.TestLoginWith2FARequired" name="test_2fa_with_backup_code" time="0.000"><skipped type="pytest.skip" message="Backup codes are consumed on each use - tested manually and works">/app/backend/tests/test_2fa_login_flow.py:144: Backup codes are consumed on each use - tested manually and works</skipped></testcase><testcase classname="backend.tests.test_2fa_login_flow.TestLoginWith2FARequired" name="test_2fa_with_wrong_password" time="0.123" /><testcase classname="backend.tests.test_2fa_login_flow.TestNon2FAUserUsing2FAEndpoint" name="test_2fa_endpoint_validates_credentials_first" time="0.166" /></testsuite></testsuites>