<?xml version="1.0" encoding="utf-8"?><testsuites name="pytest tests"><testsuite name="pytest" errors="0" failures="0" skipped="0" tests="18" time="5.678" timestamp="2026-02-13T09:11:51.113979+00:00" hostname="agent-env-7deb6b63-5b6e-4792-a89a-53e918dab4c4"><testcase classname="tests.test_employee_portal.TestEmployeePortalLogin" name="test_health_check" time="0.143" /><testcase classname="tests.test_employee_portal.TestEmployeePortalLogin" name="test_director_login_success" time="0.194" /><testcase classname="tests.test_employee_portal.TestEmployeePortalLogin" name="test_director_login_invalid_password" time="0.139" /><testcase classname="tests.test_employee_portal.TestEmployeePortalLogin" name="test_director_login_invalid_email" time="0.120" /><testcase classname="tests.test_employee_portal.TestDashboardStats" name="test_get_dashboard_stats_with_auth" time="0.232" /><testcase classname="tests.test_employee_portal.TestDashboardStats" name="test_get_dashboard_stats_without_auth" time="0.133" /><testcase classname="tests.test_employee_portal.TestEmployeeInvitations" name="test_director_can_create_invite" time="0.345" /><testcase classname="tests.test_employee_portal.TestEmployeeInvitations" name="test_director_can_list_invites" time="0.289" /><testcase classname="tests.test_employee_portal.TestEmployeeInvitations" name="test_create_invite_without_auth_fails" time="0.116" /><testcase classname="tests.test_employee_portal.TestEmployeeInvitations" name="test_duplicate_invite_fails" time="0.338" /><testcase classname="tests.test_employee_portal.TestEmployeeRegistration" name="test_verify_valid_invite_token" time="0.440" /><testcase classname="tests.test_employee_portal.TestEmployeeRegistration" name="test_verify_invalid_token_fails" time="0.109" /><testcase classname="tests.test_employee_portal.TestEmployeeRegistration" name="test_employee_registration_flow" time="0.435" /><testcase classname="tests.test_employee_portal.TestEmployeeAuthorization" name="test_employee_cannot_create_invite" time="0.816" /><testcase classname="tests.test_employee_portal.TestEmployeeAuthorization" name="test_employee_cannot_list_employees" time="0.615" /><testcase classname="tests.test_employee_portal.TestEmployeeAuthorization" name="test_employee_can_access_own_stats" time="0.625" /><testcase classname="tests.test_employee_portal.TestEmployeeList" name="test_director_can_list_employees" time="0.272" /><testcase classname="tests.test_employee_portal.TestLogout" name="test_logout_clears_session" time="0.227" /></testsuite></testsuites>