<?xml version="1.0" encoding="utf-8"?><testsuites name="pytest tests"><testsuite name="pytest" errors="0" failures="0" skipped="0" tests="27" time="7.363" timestamp="2026-03-05T23:46:07.758897+00:00" hostname="agent-env-508d933e-e6c7-4a1b-9e1b-9306bb7b3b28"><testcase classname="backend.tests.test_gestion_cra_system.TestGestionAuth" name="test_seed_admin_already_exists" time="0.337" /><testcase classname="backend.tests.test_gestion_cra_system.TestGestionAuth" name="test_admin_login_success" time="0.121" /><testcase classname="backend.tests.test_gestion_cra_system.TestGestionAuth" name="test_comercial_login_success" time="0.104" /><testcase classname="backend.tests.test_gestion_cra_system.TestGestionAuth" name="test_instalador_login_success" time="0.153" /><testcase classname="backend.tests.test_gestion_cra_system.TestGestionAuth" name="test_invalid_credentials" time="0.157" /><testcase classname="backend.tests.test_gestion_cra_system.TestGestionAuth" name="test_get_current_user" time="0.266" /><testcase classname="backend.tests.test_gestion_cra_system.TestGestionDashboard" name="test_dashboard_stats" time="0.277" /><testcase classname="backend.tests.test_gestion_cra_system.TestGestionStock" name="test_list_stock" time="0.255" /><testcase classname="backend.tests.test_gestion_cra_system.TestGestionStock" name="test_create_stock_admin_only" time="0.297" /><testcase classname="backend.tests.test_gestion_cra_system.TestGestionStock" name="test_create_stock_comercial_forbidden" time="0.232" /><testcase classname="backend.tests.test_gestion_cra_system.TestGestionStock" name="test_update_stock_admin" time="0.388" /><testcase classname="backend.tests.test_gestion_cra_system.TestGestionPedidos" name="test_create_pedido_comercial" time="0.234" /><testcase classname="backend.tests.test_gestion_cra_system.TestGestionPedidos" name="test_create_pedido_instalador_forbidden" time="0.228" /><testcase classname="backend.tests.test_gestion_cra_system.TestGestionPedidos" name="test_list_pedidos_comercial" time="0.289" /><testcase classname="backend.tests.test_gestion_cra_system.TestGestionPedidos" name="test_update_pedido_status" time="0.347" /><testcase classname="backend.tests.test_gestion_cra_system.TestGestionInstalaciones" name="test_create_instalacion" time="0.214" /><testcase classname="backend.tests.test_gestion_cra_system.TestGestionInstalaciones" name="test_list_instalaciones_admin" time="0.245" /><testcase classname="backend.tests.test_gestion_cra_system.TestGestionInstalaciones" name="test_list_instalaciones_instalador" time="0.222" /><testcase classname="backend.tests.test_gestion_cra_system.TestGestionInstalaciones" name="test_update_instalacion_status" time="0.500" /><testcase classname="backend.tests.test_gestion_cra_system.TestGestionInstalaciones" name="test_assign_installer_admin_only" time="0.472" /><testcase classname="backend.tests.test_gestion_cra_system.TestGestionUsuarios" name="test_list_usuarios_admin" time="0.251" /><testcase classname="backend.tests.test_gestion_cra_system.TestGestionUsuarios" name="test_list_usuarios_comercial_forbidden" time="0.250" /><testcase classname="backend.tests.test_gestion_cra_system.TestGestionUsuarios" name="test_create_user_admin" time="0.221" /><testcase classname="backend.tests.test_gestion_cra_system.TestGestionUsuarios" name="test_update_user_admin" time="0.363" /><testcase classname="backend.tests.test_gestion_cra_system.TestGestionUsuarios" name="test_delete_user_admin" time="0.338" /><testcase classname="backend.tests.test_gestion_cra_system.TestGestionLogs" name="test_get_logs_admin" time="0.245" /><testcase classname="backend.tests.test_gestion_cra_system.TestGestionLogs" name="test_get_logs_comercial_forbidden" time="0.254" /></testsuite></testsuites>