<?xml version="1.0" encoding="utf-8"?><testsuites name="pytest tests"><testsuite name="pytest" errors="0" failures="0" skipped="0" tests="8" time="3.165" timestamp="2026-02-27T23:47:41.837432+00:00" hostname="agent-env-1ed45969-1267-4f49-bece-a303cdc146b5"><testcase classname="backend.tests.test_sentinel_x_subscription.TestSentinelXCheckout" name="test_subscription_checkout_basic" time="0.667" /><testcase classname="backend.tests.test_sentinel_x_subscription.TestSentinelXCheckout" name="test_subscription_checkout_anual" time="0.496" /><testcase classname="backend.tests.test_sentinel_x_subscription.TestSentinelXCheckout" name="test_full_payment_fundadores" time="0.401" /><testcase classname="backend.tests.test_sentinel_x_subscription.TestSentinelXCheckout" name="test_full_payment_premium" time="0.385" /><testcase classname="backend.tests.test_sentinel_x_subscription.TestSentinelXCheckout" name="test_subscription_sentinel_j" time="0.460" /><testcase classname="backend.tests.test_sentinel_x_subscription.TestSentinelXCheckout" name="test_subscription_sentinel_s" time="0.480" /><testcase classname="backend.tests.test_sentinel_x_subscription.TestHealthCheck" name="test_api_health" time="0.106" /><testcase classname="backend.tests.test_sentinel_x_subscription.TestHealthCheck" name="test_plans_endpoint" time="0.110" /></testsuite></testsuites>