<?xml version="1.0" encoding="utf-8"?><testsuites name="pytest tests"><testsuite name="pytest" errors="0" failures="0" skipped="0" tests="10" time="2.343" timestamp="2026-02-04T10:36:36.843123+00:00" hostname="agent-env-041a6ed3-ba2c-4b5b-862c-e0d6b5f6eb7f"><testcase classname="backend.tests.test_deploy_readiness.TestSEOFiles" name="test_app_ads_txt_accessible" time="0.078" /><testcase classname="backend.tests.test_deploy_readiness.TestSEOFiles" name="test_sitemap_xml_accessible" time="0.057" /><testcase classname="backend.tests.test_deploy_readiness.TestSEOFiles" name="test_robots_txt_accessible" time="0.038" /><testcase classname="backend.tests.test_deploy_readiness.TestHealthAndServices" name="test_health_endpoint" time="0.037" /><testcase classname="backend.tests.test_deploy_readiness.TestHealthAndServices" name="test_admin_services_status_requires_auth" time="0.037" /><testcase classname="backend.tests.test_deploy_readiness.TestAuthenticatedAdmin" name="test_admin_services_status" time="1.119" /><testcase classname="backend.tests.test_deploy_readiness.TestSOSAlert" name="test_sos_alert_endpoint_exists" time="0.548" /><testcase classname="backend.tests.test_deploy_readiness.TestSOSAlert" name="test_contacts_endpoint" time="0.274" /><testcase classname="backend.tests.test_deploy_readiness.TestFrontendPages" name="test_homepage_loads" time="0.041" /><testcase classname="backend.tests.test_deploy_readiness.TestFrontendPages" name="test_index_html_has_adsense_meta" time="0.034" /></testsuite></testsuites>