<?xml version="1.0" encoding="utf-8"?><testsuites name="pytest tests"><testsuite name="pytest" errors="0" failures="0" skipped="0" tests="14" time="6.379" timestamp="2026-01-28T17:26:03.967871+00:00" hostname="agent-env-92a2e1ca-a43f-43b2-8925-0d8597177c3f"><testcase classname="tests.test_alert_subscription.TestAlertSubscription" name="test_subscribe_new_user" time="0.381" /><testcase classname="tests.test_alert_subscription.TestAlertSubscription" name="test_subscribe_already_subscribed" time="0.287" /><testcase classname="tests.test_alert_subscription.TestAlertSubscription" name="test_subscribe_without_name" time="0.302" /><testcase classname="tests.test_alert_subscription.TestAlertSubscription" name="test_subscribe_invalid_email" time="0.040" /><testcase classname="tests.test_alert_subscription.TestAlertUnsubscribe" name="test_unsubscribe_invalid_token" time="0.038" /><testcase classname="tests.test_alert_subscription.TestAlertUnsubscribe" name="test_unsubscribe_missing_fields" time="0.039" /><testcase classname="tests.test_alert_subscription.TestSubscriptionCount" name="test_get_subscription_count" time="0.039" /><testcase classname="tests.test_alert_subscription.TestAlertBroadcast" name="test_broadcast_high_risk_alert" time="1.073" /><testcase classname="tests.test_alert_subscription.TestAlertBroadcast" name="test_broadcast_medium_risk_alert" time="1.206" /><testcase classname="tests.test_alert_subscription.TestAlertBroadcast" name="test_broadcast_low_risk_alert" time="1.015" /><testcase classname="tests.test_alert_subscription.TestAlertBroadcast" name="test_broadcast_missing_required_fields" time="0.039" /><testcase classname="tests.test_alert_subscription.TestAlertHistory" name="test_get_alert_history" time="0.040" /><testcase classname="tests.test_alert_subscription.TestAlertHistory" name="test_get_alert_history_with_limit" time="0.044" /><testcase classname="tests.test_alert_subscription.TestAlertIntegration" name="test_full_subscription_flow" time="1.761" /></testsuite></testsuites>