<?xml version="1.0" encoding="utf-8"?><testsuites name="pytest tests"><testsuite name="pytest" errors="0" failures="1" skipped="0" tests="6" time="0.456" timestamp="2026-02-04T19:31:36.728518+00:00" hostname="agent-env-04803f4f-e2e7-4b9c-86d8-daa224dfe23e"><testcase classname="backend.tests.test_instrucciones_familiares.TestRegistrationErrorHandling" name="test_register_short_password_returns_specific_error" time="0.077" /><testcase classname="backend.tests.test_instrucciones_familiares.TestRegistrationErrorHandling" name="test_register_duplicate_email_returns_specific_error" time="0.052"><failure message="assert ('ya está registrado' in &quot;{'message': 'La contraseña no cumple los requisitos de seguridad', 'feedback': ['La contraseña contiene patrones comunes no permitidos'], 'score': 80}&quot; or 'already' in &quot;{'message': 'la contraseña no cumple los requisitos de seguridad', 'feedback': ['la contraseña contiene patrones comunes no permitidos'], 'score': 80}&quot;)&#10; +  where &quot;{'message': 'la contraseña no cumple los requisitos de seguridad', 'feedback': ['la contraseña contiene patrones comunes no permitidos'], 'score': 80}&quot; = &lt;built-in method lower of str object at 0xfbedebb0e130&gt;()&#10; +    where &lt;built-in method lower of str object at 0xfbedebb0e130&gt; = &quot;{'message': 'La contraseña no cumple los requisitos de seguridad', 'feedback': ['La contraseña contiene patrones comunes no permitidos'], 'score': 80}&quot;.lower">backend/tests/test_instrucciones_familiares.py:45: in test_register_duplicate_email_returns_specific_error
    assert "ya está registrado" in detail_str or "already" in detail_str.lower()
E   assert ('ya está registrado' in "{'message': 'La contraseña no cumple los requisitos de seguridad', 'feedback': ['La contraseña contiene patrones comunes no permitidos'], 'score': 80}" or 'already' in "{'message': 'la contraseña no cumple los requisitos de seguridad', 'feedback': ['la contraseña contiene patrones comunes no permitidos'], 'score': 80}")
E    +  where "{'message': 'la contraseña no cumple los requisitos de seguridad', 'feedback': ['la contraseña contiene patrones comunes no permitidos'], 'score': 80}" = &lt;built-in method lower of str object at 0xfbedebb0e130&gt;()
E    +    where &lt;built-in method lower of str object at 0xfbedebb0e130&gt; = "{'message': 'La contraseña no cumple los requisitos de seguridad', 'feedback': ['La contraseña contiene patrones comunes no permitidos'], 'score': 80}".lower</failure></testcase><testcase classname="backend.tests.test_instrucciones_familiares.TestRegistrationErrorHandling" name="test_register_missing_fields_returns_validation_error" time="0.062" /><testcase classname="backend.tests.test_instrucciones_familiares.TestLoginAPI" name="test_login_with_valid_credentials" time="0.079" /><testcase classname="backend.tests.test_instrucciones_familiares.TestLoginAPI" name="test_login_with_invalid_credentials" time="0.042" /><testcase classname="backend.tests.test_instrucciones_familiares.TestInstruccionesFamiliaresPage" name="test_page_is_accessible" time="0.040" /></testsuite></testsuites>