<?xml version="1.0" encoding="utf-8"?><testsuites name="pytest tests"><testsuite name="pytest" errors="0" failures="0" skipped="0" tests="12" time="6.902" timestamp="2026-03-06T22:27:09.687002+00:00" hostname="agent-env-b96e1871-b2d6-44f9-a341-0ce16b8cb1e8"><testcase classname="backend.tests.test_promo_sentinel_tiktok.TestPromoStatus" name="test_promo_status_returns_valid_data" time="2.149" /><testcase classname="backend.tests.test_promo_sentinel_tiktok.TestPromoCheckout" name="test_checkout_monthly_plan_returns_checkout_url" time="0.560" /><testcase classname="backend.tests.test_promo_sentinel_tiktok.TestPromoCheckout" name="test_checkout_yearly_plan_returns_checkout_url" time="0.372" /><testcase classname="backend.tests.test_promo_sentinel_tiktok.TestPromoCheckout" name="test_checkout_invalid_plan_returns_400" time="0.152" /><testcase classname="backend.tests.test_promo_sentinel_tiktok.TestPromoCheckout" name="test_checkout_duplicate_email_returns_409" time="0.508" /><testcase classname="backend.tests.test_promo_sentinel_tiktok.TestPromoOrderAndShipping" name="test_get_order_by_id" time="0.496" /><testcase classname="backend.tests.test_promo_sentinel_tiktok.TestPromoOrderAndShipping" name="test_confirm_order" time="0.571" /><testcase classname="backend.tests.test_promo_sentinel_tiktok.TestPromoOrderAndShipping" name="test_shipping_form_saves_address" time="0.784" /><testcase classname="backend.tests.test_promo_sentinel_tiktok.TestPromoAdminEndpoints" name="test_admin_orders_list_returns_orders_and_stats" time="0.108" /><testcase classname="backend.tests.test_promo_sentinel_tiktok.TestPromoAdminEndpoints" name="test_admin_tracking_update" time="0.834" /><testcase classname="backend.tests.test_promo_sentinel_tiktok.TestServiceWorkerV5" name="test_sw_returns_version_5" time="0.124" /><testcase classname="backend.tests.test_promo_sentinel_tiktok.TestServiceWorkerV5" name="test_sw_has_spa_app_shell_pattern" time="0.150" /></testsuite></testsuites>