<?xml version="1.0" encoding="utf-8"?><testsuites name="pytest tests"><testsuite name="pytest" errors="0" failures="0" skipped="0" tests="8" time="2.827" timestamp="2026-03-27T16:10:10.380589+00:00" hostname="agent-env-b96e1871-b2d6-44f9-a341-0ce16b8cb1e8"><testcase classname="backend.tests.test_iteration_134_standalone_apps.TestHealthAndBasics" name="test_health_endpoint" time="1.237" /><testcase classname="backend.tests.test_iteration_134_standalone_apps.TestSuperadminLogin" name="test_superadmin_login" time="0.342" /><testcase classname="backend.tests.test_iteration_134_standalone_apps.TestComercialLogin" name="test_comercial_login" time="0.346" /><testcase classname="backend.tests.test_iteration_134_standalone_apps.TestInstaladorLogin" name="test_instalador_login" time="0.354" /><testcase classname="backend.tests.test_iteration_134_standalone_apps.TestDownloadEndpoints" name="test_download_cra_operador_zip" time="0.115" /><testcase classname="backend.tests.test_iteration_134_standalone_apps.TestDownloadEndpoints" name="test_download_crm_ventas_zip" time="0.105" /><testcase classname="backend.tests.test_iteration_134_standalone_apps.TestDownloadEndpoints" name="test_download_build_kit_zip" time="0.125" /><testcase classname="backend.tests.test_iteration_134_standalone_apps.TestLandingPage" name="test_landing_page_loads" time="0.134" /></testsuite></testsuites>