<?xml version="1.0" encoding="utf-8"?><testsuites name="pytest tests"><testsuite name="pytest" errors="0" failures="0" skipped="0" tests="12" time="1.298" timestamp="2026-01-23T17:51:35.176692+00:00" hostname="agent-env-59a3ad66-39a7-49e3-abe5-6a389496d0c0"><testcase classname="backend.tests.test_iteration_17.TestAuthEndpoints" name="test_login_success" time="0.099" /><testcase classname="backend.tests.test_iteration_17.TestAuthEndpoints" name="test_login_invalid_credentials" time="0.010" /><testcase classname="backend.tests.test_iteration_17.TestAuthEndpoints" name="test_login_missing_password" time="0.048" /><testcase classname="backend.tests.test_iteration_17.TestDashboardEndpoints" name="test_dashboard_authenticated" time="0.083" /><testcase classname="backend.tests.test_iteration_17.TestDashboardEndpoints" name="test_dashboard_unauthenticated" time="0.048" /><testcase classname="backend.tests.test_iteration_17.TestComplianceEndpoints" name="test_compliance_summary" time="0.081" /><testcase classname="backend.tests.test_iteration_17.TestComplianceEndpoints" name="test_compliance_policies" time="0.011" /><testcase classname="backend.tests.test_iteration_17.TestComplianceEndpoints" name="test_compliance_summary_unauthenticated" time="0.033" /><testcase classname="backend.tests.test_iteration_17.TestLoansEndpoints" name="test_loans_list" time="0.076" /><testcase classname="backend.tests.test_iteration_17.TestLoansEndpoints" name="test_loans_list_unauthenticated" time="0.073" /><testcase classname="backend.tests.test_iteration_17.TestEmployeesEndpoints" name="test_employees_list" time="0.115" /><testcase classname="backend.tests.test_iteration_17.Test2FAEndpoints" name="test_2fa_send_code" time="0.546" /></testsuite></testsuites>