<?xml version="1.0" encoding="utf-8"?><testsuites name="pytest tests"><testsuite name="pytest" errors="0" failures="0" skipped="0" tests="10" time="50.121" timestamp="2026-02-14T19:21:36.245095+00:00" hostname="agent-env-92b8ee8b-22b9-404b-90f2-dcccd7767b91"><testcase classname="backend.tests.test_2fa_login_email_alerts.Test2FALoginEmailAlerts" name="test_api_health_check" time="0.342" /><testcase classname="backend.tests.test_2fa_login_email_alerts.Test2FALoginEmailAlerts" name="test_first_login_from_new_ip_creates_email_notification" time="2.435" /><testcase classname="backend.tests.test_2fa_login_email_alerts.Test2FALoginEmailAlerts" name="test_verify_email_notification_created_in_db" time="3.365" /><testcase classname="backend.tests.test_2fa_login_email_alerts.Test2FALoginEmailAlerts" name="test_email_notification_contains_correct_metadata" time="3.739" /><testcase classname="backend.tests.test_2fa_login_email_alerts.Test2FALoginEmailAlerts" name="test_subsequent_login_same_device_no_email" time="36.830" /><testcase classname="backend.tests.test_2fa_login_email_alerts.Test2FALoginEmailAlerts" name="test_sendgrid_email_expected_to_fail" time="3.349" /><testcase classname="backend.tests.test_2fa_login_email_alerts.TestLoginHistoryDetection" name="test_is_new_ip_detection_logic" time="0.000" /><testcase classname="backend.tests.test_2fa_login_email_alerts.TestLoginHistoryDetection" name="test_is_new_device_detection_logic" time="0.000" /><testcase classname="backend.tests.test_2fa_login_email_alerts.TestLoginHistoryDetection" name="test_email_only_sent_when_new_ip_or_device" time="0.000" /><testcase classname="backend.tests.test_2fa_login_email_alerts.TestEmailNotificationSchema" name="test_email_notification_schema" time="0.000" /></testsuite></testsuites>