<?xml version="1.0" encoding="utf-8"?><testsuites name="pytest tests"><testsuite name="pytest" errors="0" failures="0" skipped="0" tests="16" time="2.277" timestamp="2026-03-04T12:37:45.703180+00:00" hostname="agent-env-d69ec939-a345-4d34-9501-9f10669a9f90"><testcase classname="backend.tests.test_cra_client_modules.TestCRADashboard" name="test_cra_dashboard_returns_stats" time="0.319" /><testcase classname="backend.tests.test_cra_client_modules.TestCRAAlarms" name="test_get_alarms_list" time="0.066" /><testcase classname="backend.tests.test_cra_client_modules.TestCRAAlarms" name="test_create_alarm_and_log_action" time="0.193" /><testcase classname="backend.tests.test_cra_client_modules.TestCRAAlarms" name="test_assign_alarm_to_operator" time="0.184" /><testcase classname="backend.tests.test_cra_client_modules.TestCRAAlarms" name="test_action_updates_status_correctly" time="0.247" /><testcase classname="backend.tests.test_cra_client_modules.TestCRAProtocols" name="test_get_protocols_returns_4_protocols" time="0.057" /><testcase classname="backend.tests.test_cra_client_modules.TestCRAInstallations" name="test_get_installations_list" time="0.061" /><testcase classname="backend.tests.test_cra_client_modules.TestCRAInstallations" name="test_arm_installation" time="0.190" /><testcase classname="backend.tests.test_cra_client_modules.TestClientAppInstallations" name="test_my_installations_returns_user_installations" time="0.066" /><testcase classname="backend.tests.test_cra_client_modules.TestClientAppInstallations" name="test_my_installations_requires_auth" time="0.055" /><testcase classname="backend.tests.test_cra_client_modules.TestClientAppArmDisarm" name="test_client_arm_changes_mode" time="0.193" /><testcase classname="backend.tests.test_cra_client_modules.TestClientAppArmDisarm" name="test_client_arm_without_access_fails" time="0.055" /><testcase classname="backend.tests.test_cra_client_modules.TestClientAppEvents" name="test_get_installation_events" time="0.121" /><testcase classname="backend.tests.test_cra_client_modules.TestClientAppCameras" name="test_get_installation_cameras" time="0.120" /><testcase classname="backend.tests.test_cra_client_modules.TestClientAppUsers" name="test_list_users" time="0.112" /><testcase classname="backend.tests.test_cra_client_modules.TestCRAProvisionFromCRM" name="test_provision_from_crm_creates_installation_and_access" time="0.116" /></testsuite></testsuites>