<?xml version="1.0" encoding="utf-8"?><testsuites name="pytest tests"><testsuite name="pytest" errors="0" failures="0" skipped="6" tests="13" time="4.165" timestamp="2026-02-14T19:49:52.169103+00:00" hostname="agent-env-34fd13b0-0bdf-4b90-9ef2-cef1d9173402"><testcase classname="backend.tests.test_phase2_features.Test2FABruteForceProtection" name="test_01_api_health_check" time="0.374" /><testcase classname="backend.tests.test_phase2_features.Test2FABruteForceProtection" name="test_02_initial_login_requires_2fa" time="0.147" /><testcase classname="backend.tests.test_phase2_features.Test2FABruteForceProtection" name="test_03_invalid_2fa_code_shows_remaining_attempts" time="0.090" /><testcase classname="backend.tests.test_phase2_features.Test2FABruteForceProtection" name="test_04_multiple_failed_attempts_show_decreasing_count" time="0.054" /><testcase classname="backend.tests.test_phase2_features.Test2FABruteForceProtection" name="test_05_account_lockout_after_max_attempts" time="0.369" /><testcase classname="backend.tests.test_phase2_features.Test2FABruteForceProtection" name="test_06_locked_account_shows_retry_time" time="0.082" /><testcase classname="backend.tests.test_phase2_features.TestStripePaymentLookup" name="test_07_payment_lookup_requires_auth" time="0.129"><skipped type="pytest.skip" message="Could not authenticate with 2FA: Cuenta bloqueada temporalmente. Demasiados intentos fallidos. Inténtalo de nuevo en 15 minutos.">/app/backend/tests/test_phase2_features.py:155: Could not authenticate with 2FA: Cuenta bloqueada temporalmente. Demasiados intentos fallidos. Inténtalo de nuevo en 15 minutos.</skipped></testcase><testcase classname="backend.tests.test_phase2_features.TestStripePaymentLookup" name="test_08_payment_lookup_with_auth" time="0.176"><skipped type="pytest.skip" message="Could not authenticate with 2FA: Cuenta bloqueada temporalmente. Demasiados intentos fallidos. Inténtalo de nuevo en 15 minutos.">/app/backend/tests/test_phase2_features.py:165: Could not authenticate with 2FA: Cuenta bloqueada temporalmente. Demasiados intentos fallidos. Inténtalo de nuevo en 15 minutos.</skipped></testcase><testcase classname="backend.tests.test_phase2_features.TestStripePaymentLookup" name="test_09_payment_refund_requires_auth" time="0.174"><skipped type="pytest.skip" message="Could not authenticate with 2FA: Cuenta bloqueada temporalmente. Demasiados intentos fallidos. Inténtalo de nuevo en 15 minutos.">/app/backend/tests/test_phase2_features.py:181: Could not authenticate with 2FA: Cuenta bloqueada temporalmente. Demasiados intentos fallidos. Inténtalo de nuevo en 15 minutos.</skipped></testcase><testcase classname="backend.tests.test_phase2_features.TestStripePaymentLookup" name="test_10_payment_refund_with_short_reason" time="0.899"><skipped type="pytest.skip" message="Could not authenticate with 2FA: Cuenta bloqueada temporalmente. Demasiados intentos fallidos. Inténtalo de nuevo en 15 minutos.">/app/backend/tests/test_phase2_features.py:192: Could not authenticate with 2FA: Cuenta bloqueada temporalmente. Demasiados intentos fallidos. Inténtalo de nuevo en 15 minutos.</skipped></testcase><testcase classname="backend.tests.test_phase2_features.TestStripePaymentLookup" name="test_11_payment_logs_requires_auth" time="1.210"><skipped type="pytest.skip" message="Could not authenticate with 2FA: Cuenta bloqueada temporalmente. Demasiados intentos fallidos. Inténtalo de nuevo en 15 minutos.">/app/backend/tests/test_phase2_features.py:203: Could not authenticate with 2FA: Cuenta bloqueada temporalmente. Demasiados intentos fallidos. Inténtalo de nuevo en 15 minutos.</skipped></testcase><testcase classname="backend.tests.test_phase2_features.TestStripePaymentLookup" name="test_12_payment_logs_with_auth" time="0.120"><skipped type="pytest.skip" message="Could not authenticate with 2FA: Cuenta bloqueada temporalmente. Demasiados intentos fallidos. Inténtalo de nuevo en 15 minutos.">/app/backend/tests/test_phase2_features.py:211: Could not authenticate with 2FA: Cuenta bloqueada temporalmente. Demasiados intentos fallidos. Inténtalo de nuevo en 15 minutos.</skipped></testcase><testcase classname="backend.tests.test_phase2_features.TestRolePermissions" name="test_13_check_employee_role" time="0.255" /></testsuite></testsuites>