<?xml version="1.0" encoding="utf-8"?><testsuites name="pytest tests"><testsuite name="pytest" errors="0" failures="1" skipped="0" tests="17" time="6.034" timestamp="2026-02-11T19:51:52.579196+00:00" hostname="agent-env-1c8a4d44-f0c5-481a-bb22-5d866fa3eb34"><testcase classname="tests.test_voice_shield_and_realtime.TestVoiceShieldAPI" name="test_analyze_transcript_scam_detection" time="0.127" /><testcase classname="tests.test_voice_shield_and_realtime.TestVoiceShieldAPI" name="test_analyze_transcript_clean_conversation" time="0.040" /><testcase classname="tests.test_voice_shield_and_realtime.TestVoiceShieldAPI" name="test_analyze_transcript_urgency_detection" time="0.040" /><testcase classname="tests.test_voice_shield_and_realtime.TestVoiceShieldAPI" name="test_analyze_transcript_financial_pressure" time="0.040" /><testcase classname="tests.test_voice_shield_and_realtime.TestVoiceShieldAPI" name="test_analyze_transcript_emotional_manipulation" time="0.040" /><testcase classname="tests.test_voice_shield_and_realtime.TestVoiceShieldAPI" name="test_analyze_transcript_tech_support_scam" time="0.037" /><testcase classname="tests.test_voice_shield_and_realtime.TestVoiceShieldAPI" name="test_analyze_transcript_short_text_validation" time="0.043" /><testcase classname="tests.test_voice_shield_and_realtime.TestVoiceShieldAPI" name="test_scam_phrases_spanish" time="0.040" /><testcase classname="tests.test_voice_shield_and_realtime.TestVoiceShieldAPI" name="test_scam_phrases_english" time="0.034" /><testcase classname="tests.test_voice_shield_and_realtime.TestVoiceShieldAPI" name="test_voice_shield_stats" time="0.040" /><testcase classname="tests.test_voice_shield_and_realtime.TestVoiceShieldAPI" name="test_real_time_alert_with_scam" time="0.050"><failure message="assert False == True">tests/test_voice_shield_and_realtime.py:198: in test_real_time_alert_with_scam
    assert data["should_alert"] == True
E   assert False == True</failure></testcase><testcase classname="tests.test_voice_shield_and_realtime.TestRealtimeScamAPI" name="test_check_url_safe" time="1.228" /><testcase classname="tests.test_voice_shield_and_realtime.TestRealtimeScamAPI" name="test_check_url_suspicious_patterns" time="3.980" /><testcase classname="tests.test_voice_shield_and_realtime.TestRealtimeScamAPI" name="test_check_phone_spanish" time="0.069" /><testcase classname="tests.test_voice_shield_and_realtime.TestRealtimeScamAPI" name="test_check_phone_normalization" time="0.039" /><testcase classname="tests.test_voice_shield_and_realtime.TestRealtimeScamAPI" name="test_check_premium_rate_number" time="0.039" /><testcase classname="tests.test_voice_shield_and_realtime.TestRealtimeScamAPI" name="test_api_status" time="0.037" /></testsuite></testsuites>