<?xml version="1.0" encoding="utf-8"?><testsuites name="pytest tests"><testsuite name="pytest" errors="0" failures="0" skipped="0" tests="12" time="1.783" timestamp="2026-03-01T15:30:29.354781+00:00" hostname="agent-env-7667bb5f-4a0d-4469-a4a7-21a58a9e1c14"><testcase classname="backend.tests.test_iteration_67_alarm_features.TestAlarmPlansAPI" name="test_get_alarm_plans_success" time="0.210" /><testcase classname="backend.tests.test_iteration_67_alarm_features.TestAlarmPlansAPI" name="test_alarm_plans_essential_details" time="0.120" /><testcase classname="backend.tests.test_iteration_67_alarm_features.TestAlarmPlansAPI" name="test_alarm_plans_premium_details" time="0.111" /><testcase classname="backend.tests.test_iteration_67_alarm_features.TestAlarmPlansAPI" name="test_alarm_plans_business_details" time="0.102" /><testcase classname="backend.tests.test_iteration_67_alarm_features.TestBudgetCalculatorAPI" name="test_budget_calculator_piso" time="0.136" /><testcase classname="backend.tests.test_iteration_67_alarm_features.TestBudgetCalculatorAPI" name="test_budget_calculator_chalet" time="0.120" /><testcase classname="backend.tests.test_iteration_67_alarm_features.TestBudgetCalculatorAPI" name="test_budget_calculator_local" time="0.105" /><testcase classname="backend.tests.test_iteration_67_alarm_features.TestBudgetCalculatorAPI" name="test_budget_calculator_with_garden" time="0.223" /><testcase classname="backend.tests.test_iteration_67_alarm_features.TestBudgetCalculatorAPI" name="test_budget_calculator_extra_cameras" time="0.223" /><testcase classname="backend.tests.test_iteration_67_alarm_features.TestBudgetCalculatorAPI" name="test_budget_calculator_adosado" time="0.121" /><testcase classname="backend.tests.test_iteration_67_alarm_features.TestBudgetCalculatorAPI" name="test_budget_calculator_nave" time="0.107" /><testcase classname="backend.tests.test_iteration_67_alarm_features.TestBudgetCalculatorAPI" name="test_budget_calculator_oficina" time="0.106" /></testsuite></testsuites>