<?xml version="1.0" encoding="utf-8"?><testsuites name="pytest tests"><testsuite name="pytest" errors="0" failures="2" skipped="0" tests="23" time="1.475" timestamp="2026-01-14T12:24:33.819052+00:00" hostname="agent-env-4d280067-8990-4fd0-9964-6de60fdf3e20"><testcase classname="tests.test_iteration_10.TestAdminAuth" name="test_admin_login_success" time="0.076" /><testcase classname="tests.test_iteration_10.TestFamilyDashboard" name="test_family_dashboard_requires_auth" time="0.040" /><testcase classname="tests.test_iteration_10.TestFamilyDashboard" name="test_family_dashboard_returns_data" time="0.088" /><testcase classname="tests.test_iteration_10.TestFamilyMembers" name="test_add_family_member_requires_auth" time="0.037" /><testcase classname="tests.test_iteration_10.TestFamilyMembers" name="test_add_family_member_success" time="0.099" /><testcase classname="tests.test_iteration_10.TestFamilyMembers" name="test_add_senior_family_member" time="0.009" /><testcase classname="tests.test_iteration_10.TestFamilyMembers" name="test_update_family_member" time="0.064" /><testcase classname="tests.test_iteration_10.TestFamilyMembers" name="test_delete_family_member" time="0.112" /><testcase classname="tests.test_iteration_10.TestEnterpriseDashboard" name="test_enterprise_dashboard_requires_auth" time="0.036" /><testcase classname="tests.test_iteration_10.TestEnterpriseDashboard" name="test_enterprise_dashboard_returns_summary" time="0.045" /><testcase classname="tests.test_iteration_10.TestEnterpriseDashboard" name="test_enterprise_dashboard_returns_risk_distribution" time="0.006" /><testcase classname="tests.test_iteration_10.TestEnterpriseDashboard" name="test_enterprise_dashboard_returns_departments" time="0.006" /><testcase classname="tests.test_iteration_10.TestEnterpriseDashboard" name="test_enterprise_dashboard_returns_trend_data" time="0.007" /><testcase classname="tests.test_iteration_10.TestEnterpriseReports" name="test_enterprise_reports_requires_auth" time="0.032" /><testcase classname="tests.test_iteration_10.TestEnterpriseReports" name="test_enterprise_reports_default_period" time="0.122" /><testcase classname="tests.test_iteration_10.TestEnterpriseReports" name="test_enterprise_reports_different_periods" time="0.071" /><testcase classname="tests.test_iteration_10.TestAdminSubscriptions" name="test_admin_subscriptions_requires_auth" time="0.074" /><testcase classname="tests.test_iteration_10.TestAdminSubscriptions" name="test_admin_subscriptions_returns_data" time="0.046" /><testcase classname="tests.test_iteration_10.TestAdminSubscriptions" name="test_admin_users_list" time="0.010"><failure message="AssertionError: Missing 'user_id' in user&#10;assert 'user_id' in {'auto_block': True, 'created_at': '2026-01-13T20:43:54.564043+00:00', 'dark_mode': False, 'email': 'demo@mano.com', ...}">tests/test_iteration_10.py:374: in test_admin_users_list
    assert "user_id" in user, "Missing 'user_id' in user"
E   AssertionError: Missing 'user_id' in user
E   assert 'user_id' in {'auto_block': True, 'created_at': '2026-01-13T20:43:54.564043+00:00', 'dark_mode': False, 'email': 'demo@mano.com', ...}</failure></testcase><testcase classname="tests.test_iteration_10.TestAdminPlanUpdate" name="test_plan_update_requires_auth" time="0.074" /><testcase classname="tests.test_iteration_10.TestAdminPlanUpdate" name="test_plan_update_invalid_plan" time="0.045"><failure message="KeyError: 'user_id'">tests/test_iteration_10.py:407: in test_plan_update_invalid_plan
    user_id = users_data["users"][0]["user_id"]
              ^^^^^^^^^^^^^^^^^^^^^^^^^^^^^^^^^
E   KeyError: 'user_id'</failure></testcase><testcase classname="tests.test_iteration_10.TestAdminPlanUpdate" name="test_plan_update_all_valid_plans" time="0.153" /><testcase classname="tests.test_iteration_10.TestCleanup" name="test_cleanup_test_members" time="0.112" /></testsuite></testsuites>