<?xml version="1.0" encoding="utf-8"?><testsuites name="pytest tests"><testsuite name="pytest" errors="0" failures="0" skipped="0" tests="13" time="3.447" timestamp="2026-02-14T16:33:36.085395+00:00" hostname="agent-env-0f465130-93f3-4d68-bf52-81613c8c1947"><testcase classname="test_iteration_38.TestHealthCheck" name="test_api_health" time="0.143" /><testcase classname="test_iteration_38.TestSOSDeviceOrderStripeIntegration" name="test_sos_device_order_requires_auth" time="0.126" /><testcase classname="test_iteration_38.TestSOSDeviceOrderStripeIntegration" name="test_sos_device_order_creates_pending_payment" time="0.824" /><testcase classname="test_iteration_38.TestSOSDeviceOrderStripeIntegration" name="test_sos_device_order_no_devices_created_before_payment" time="0.552" /><testcase classname="test_iteration_38.TestEnterprisePortalAuthentication" name="test_enterprise_admin_login" time="0.116" /><testcase classname="test_iteration_38.TestEnterprisePortalAuthentication" name="test_enterprise_invalid_login" time="0.110" /><testcase classname="test_iteration_38.TestEnterprisePortalEndpoints" name="test_dashboard_stats" time="0.279" /><testcase classname="test_iteration_38.TestEnterprisePortalEndpoints" name="test_employees_list" time="0.233" /><testcase classname="test_iteration_38.TestEnterprisePortalEndpoints" name="test_clients_list" time="0.248" /><testcase classname="test_iteration_38.TestGooglePlayUserLogin" name="test_google_play_user_login_via_auth" time="0.173" /><testcase classname="test_iteration_38.TestGooglePlayUserLogin" name="test_google_play_user_exists_in_database" time="0.140" /><testcase classname="test_iteration_38.TestStripeWebhookEndpoint" name="test_webhook_endpoint_exists" time="0.141" /><testcase classname="test_iteration_38.TestUserOrdersEndpoint" name="test_get_user_orders" time="0.253" /></testsuite></testsuites>