<?xml version="1.0" encoding="utf-8"?><testsuites name="pytest tests"><testsuite name="pytest" errors="0" failures="0" skipped="10" tests="23" time="0.638" timestamp="2026-01-31T15:50:25.560096+00:00" hostname="agent-env-4841485b-ed17-4dad-b151-6af4e150e50a"><testcase classname="tests.test_sos_premium_child_tracking.TestSOSPremiumAndChildTracking" name="test_01_sos_premium_trigger_without_auth" time="0.124" /><testcase classname="tests.test_sos_premium_child_tracking.TestSOSPremiumAndChildTracking" name="test_02_sos_premium_trigger_with_auth" time="0.010"><skipped type="pytest.skip" message="User doesn't have premium plan - expected behavior">/app/backend/tests/test_sos_premium_child_tracking.py:83: User doesn't have premium plan - expected behavior</skipped></testcase><testcase classname="tests.test_sos_premium_child_tracking.TestSOSPremiumAndChildTracking" name="test_03_sos_premium_get_active_alerts" time="0.009" /><testcase classname="tests.test_sos_premium_child_tracking.TestSOSPremiumAndChildTracking" name="test_04_sos_premium_cancel" time="0.000"><skipped type="pytest.skip" message="No SOS ID available - previous test may have been skipped">/app/backend/tests/test_sos_premium_child_tracking.py:113: No SOS ID available - previous test may have been skipped</skipped></testcase><testcase classname="tests.test_sos_premium_child_tracking.TestSOSPremiumAndChildTracking" name="test_05_sos_premium_cancel_nonexistent" time="0.009" /><testcase classname="tests.test_sos_premium_child_tracking.TestSOSPremiumAndChildTracking" name="test_06_add_child_without_auth" time="0.034" /><testcase classname="tests.test_sos_premium_child_tracking.TestSOSPremiumAndChildTracking" name="test_07_add_child_as_nino" time="0.010"><skipped type="pytest.skip" message="User doesn't have family yearly plan - expected behavior">/app/backend/tests/test_sos_premium_child_tracking.py:162: User doesn't have family yearly plan - expected behavior</skipped></testcase><testcase classname="tests.test_sos_premium_child_tracking.TestSOSPremiumAndChildTracking" name="test_08_add_adult" time="0.008"><skipped type="pytest.skip" message="User doesn't have family yearly plan">/app/backend/tests/test_sos_premium_child_tracking.py:188: User doesn't have family yearly plan</skipped></testcase><testcase classname="tests.test_sos_premium_child_tracking.TestSOSPremiumAndChildTracking" name="test_09_add_elderly" time="0.009"><skipped type="pytest.skip" message="User doesn't have family yearly plan">/app/backend/tests/test_sos_premium_child_tracking.py:207: User doesn't have family yearly plan</skipped></testcase><testcase classname="tests.test_sos_premium_child_tracking.TestSOSPremiumAndChildTracking" name="test_10_add_boundary_age_17" time="0.008"><skipped type="pytest.skip" message="User doesn't have family yearly plan">/app/backend/tests/test_sos_premium_child_tracking.py:226: User doesn't have family yearly plan</skipped></testcase><testcase classname="tests.test_sos_premium_child_tracking.TestSOSPremiumAndChildTracking" name="test_11_add_boundary_age_18" time="0.009"><skipped type="pytest.skip" message="User doesn't have family yearly plan">/app/backend/tests/test_sos_premium_child_tracking.py:243: User doesn't have family yearly plan</skipped></testcase><testcase classname="tests.test_sos_premium_child_tracking.TestSOSPremiumAndChildTracking" name="test_12_add_boundary_age_64" time="0.009"><skipped type="pytest.skip" message="User doesn't have family yearly plan">/app/backend/tests/test_sos_premium_child_tracking.py:260: User doesn't have family yearly plan</skipped></testcase><testcase classname="tests.test_sos_premium_child_tracking.TestSOSPremiumAndChildTracking" name="test_13_add_boundary_age_65" time="0.011"><skipped type="pytest.skip" message="User doesn't have family yearly plan">/app/backend/tests/test_sos_premium_child_tracking.py:277: User doesn't have family yearly plan</skipped></testcase><testcase classname="tests.test_sos_premium_child_tracking.TestSOSPremiumAndChildTracking" name="test_14_get_family_children" time="0.008" /><testcase classname="tests.test_sos_premium_child_tracking.TestSOSPremiumAndChildTracking" name="test_15_add_child_missing_age" time="0.009"><skipped type="pytest.skip" message="User doesn't have family yearly plan">/app/backend/tests/test_sos_premium_child_tracking.py:305: User doesn't have family yearly plan</skipped></testcase><testcase classname="tests.test_sos_premium_child_tracking.TestSOSPremiumEndpointStructure" name="test_sos_premium_trigger_endpoint_exists" time="0.037" /><testcase classname="tests.test_sos_premium_child_tracking.TestSOSPremiumEndpointStructure" name="test_sos_premium_cancel_endpoint_exists" time="0.037" /><testcase classname="tests.test_sos_premium_child_tracking.TestSOSPremiumEndpointStructure" name="test_sos_premium_active_endpoint_exists" time="0.041" /><testcase classname="tests.test_sos_premium_child_tracking.TestSOSPremiumEndpointStructure" name="test_family_children_add_endpoint_exists" time="0.038" /><testcase classname="tests.test_sos_premium_child_tracking.TestPortalEmpleados" name="test_portal_empleados_api_stats" time="0.035" /><testcase classname="tests.test_sos_premium_child_tracking.TestPortalEmpleados" name="test_portal_empleados_community_alerts" time="0.038" /><testcase classname="tests.test_sos_premium_child_tracking.TestPortalEmpleados" name="test_windows_download_exists" time="0.034" /><testcase classname="tests.test_sos_premium_child_tracking.TestPortalEmpleados" name="test_android_download_exists" time="0.043" /></testsuite></testsuites>