<?xml version="1.0" encoding="utf-8"?><testsuites name="pytest tests"><testsuite name="pytest" errors="0" failures="0" skipped="0" tests="15" time="6.769" timestamp="2026-02-28T00:08:01.397459+00:00" hostname="agent-env-1ed45969-1267-4f49-bece-a303cdc146b5"><testcase classname="backend.tests.test_location_lock_pdf_whatsapp.TestLocationLockFeatures" name="test_01_location_status_endpoint" time="0.460" /><testcase classname="backend.tests.test_location_lock_pdf_whatsapp.TestLocationLockFeatures" name="test_02_location_lock_endpoint" time="0.399" /><testcase classname="backend.tests.test_location_lock_pdf_whatsapp.TestLocationLockFeatures" name="test_03_location_status_after_lock" time="0.462" /><testcase classname="backend.tests.test_location_lock_pdf_whatsapp.TestLocationLockFeatures" name="test_04_admin_unlock_requires_dni" time="0.423" /><testcase classname="backend.tests.test_location_lock_pdf_whatsapp.TestLocationLockFeatures" name="test_05_admin_unlock_requires_reason" time="0.402" /><testcase classname="backend.tests.test_location_lock_pdf_whatsapp.TestLocationLockFeatures" name="test_06_admin_unlock_success" time="0.397" /><testcase classname="backend.tests.test_location_lock_pdf_whatsapp.TestHeartbeatLocation" name="test_01_location_update_heartbeat" time="0.446" /><testcase classname="backend.tests.test_location_lock_pdf_whatsapp.TestHeartbeatLocation" name="test_02_get_member_location" time="0.555" /><testcase classname="backend.tests.test_location_lock_pdf_whatsapp.TestHeartbeatLocation" name="test_03_location_with_invalid_user" time="0.411" /><testcase classname="backend.tests.test_location_lock_pdf_whatsapp.TestPDFGeneration" name="test_01_welcome_pdf_generation" time="0.599" /><testcase classname="backend.tests.test_location_lock_pdf_whatsapp.TestPDFGeneration" name="test_02_setup_complete_pdf_generation" time="0.418" /><testcase classname="backend.tests.test_location_lock_pdf_whatsapp.TestPDFGeneration" name="test_03_pdf_requires_auth" time="0.489" /><testcase classname="backend.tests.test_location_lock_pdf_whatsapp.TestWhatsAppShare" name="test_01_whatsapp_share_welcome" time="0.412" /><testcase classname="backend.tests.test_location_lock_pdf_whatsapp.TestWhatsAppShare" name="test_02_whatsapp_share_setup_complete" time="0.411" /><testcase classname="backend.tests.test_location_lock_pdf_whatsapp.TestWhatsAppShare" name="test_03_whatsapp_share_invalid_type" time="0.400" /></testsuite></testsuites>