<?xml version="1.0" encoding="utf-8"?><testsuites name="pytest tests"><testsuite name="pytest" errors="0" failures="0" skipped="0" tests="15" time="2.829" timestamp="2026-03-02T01:35:57.730624+00:00" hostname="agent-env-88d65b48-546e-4ac4-8105-6aca123b2c68"><testcase classname="backend.tests.test_panel_vecinal_v2.TestPanelVecinalPlanInfoUpdated" name="test_plan_info_returns_new_price_299_99" time="0.283" /><testcase classname="backend.tests.test_panel_vecinal_v2.TestPanelVecinalPlanInfoUpdated" name="test_plan_info_standalone_true" time="0.122" /><testcase classname="backend.tests.test_panel_vecinal_v2.TestPanelVecinalPlanInfoUpdated" name="test_plan_info_requires_other_plan_false" time="0.128" /><testcase classname="backend.tests.test_panel_vecinal_v2.TestPanelVecinalPlanInfoUpdated" name="test_plan_info_unlimited_families_true" time="0.121" /><testcase classname="backend.tests.test_panel_vecinal_v2.TestPanelVecinalPlanInfoUpdated" name="test_plan_info_referral_bonus_text" time="0.121" /><testcase classname="backend.tests.test_panel_vecinal_v2.TestPanelVecinalPlanInfoUpdated" name="test_plan_info_features_include_referral" time="0.171" /><testcase classname="backend.tests.test_panel_vecinal_v2.TestPanelVecinalPlanInfoUpdated" name="test_plan_info_annual_only_unchanged" time="0.133" /><testcase classname="backend.tests.test_panel_vecinal_v2.TestPanelVecinalPlanInfoUpdated" name="test_plan_info_per_family_unchanged" time="0.149" /><testcase classname="backend.tests.test_panel_vecinal_v2.TestPanelVecinalPlanInfoUpdated" name="test_plan_info_plan_id_unchanged" time="0.140" /><testcase classname="backend.tests.test_panel_vecinal_v2.TestPanelVecinalCheckAccess" name="test_check_access_without_auth_returns_has_access_false" time="0.111" /><testcase classname="backend.tests.test_panel_vecinal_v2.TestPanelVecinalProtectedEndpoints" name="test_dashboard_without_auth_returns_401" time="0.122" /><testcase classname="backend.tests.test_panel_vecinal_v2.TestPanelVecinalProtectedEndpoints" name="test_alerts_post_without_auth_returns_401" time="0.113" /><testcase classname="backend.tests.test_panel_vecinal_v2.TestVecinalCheckoutUpdatedPrice" name="test_create_checkout_vecinal_anual_returns_checkout_url" time="0.508" /><testcase classname="backend.tests.test_panel_vecinal_v2.TestRegressionAlarmCheckout" name="test_alarm_essential_checkout_still_works" time="0.380" /><testcase classname="backend.tests.test_panel_vecinal_v2.TestRegressionCommunityShieldStats" name="test_community_shield_stats_returns_200" time="0.137" /></testsuite></testsuites>