<?xml version="1.0" encoding="utf-8"?><testsuites name="pytest tests"><testsuite name="pytest" errors="0" failures="0" skipped="0" tests="23" time="6.551" timestamp="2026-03-06T00:02:18.795874+00:00" hostname="agent-env-508d933e-e6c7-4a1b-9e1b-9306bb7b3b28"><testcase classname="backend.tests.test_iteration_86_new_features.TestGestionAuth" name="test_login_comercial" time="0.144" /><testcase classname="backend.tests.test_iteration_86_new_features.TestGestionAuth" name="test_login_admin" time="0.138" /><testcase classname="backend.tests.test_iteration_86_new_features.TestGestionAuth" name="test_login_instalador" time="0.124" /><testcase classname="backend.tests.test_iteration_86_new_features.TestGestionAuth" name="test_login_invalid_credentials" time="0.122" /><testcase classname="backend.tests.test_iteration_86_new_features.TestNotificationsSystem" name="test_get_notifications_returns_list" time="0.219" /><testcase classname="backend.tests.test_iteration_86_new_features.TestNotificationsSystem" name="test_mark_all_notifications_read" time="0.215" /><testcase classname="backend.tests.test_iteration_86_new_features.TestNotificationsSystem" name="test_pedido_creates_admin_notification" time="0.478" /><testcase classname="backend.tests.test_iteration_86_new_features.TestNotificationsSystem" name="test_low_stock_creates_comercial_notification" time="0.684" /><testcase classname="backend.tests.test_iteration_86_new_features.TestNotificationsSystem" name="test_assign_installer_creates_notification" time="0.946" /><testcase classname="backend.tests.test_iteration_86_new_features.TestAppVersionControl" name="test_get_app_versions" time="0.208" /><testcase classname="backend.tests.test_iteration_86_new_features.TestAppVersionControl" name="test_check_version_no_update" time="0.114" /><testcase classname="backend.tests.test_iteration_86_new_features.TestAppVersionControl" name="test_check_version_update_available" time="0.114" /><testcase classname="backend.tests.test_iteration_86_new_features.TestAppVersionControl" name="test_update_version_admin_only" time="0.375" /><testcase classname="backend.tests.test_iteration_86_new_features.TestAppVersionControl" name="test_update_version_comercial_denied" time="0.215" /><testcase classname="backend.tests.test_iteration_86_new_features.TestFamiliaIdAuth" name="test_familia_register_success" time="0.149" /><testcase classname="backend.tests.test_iteration_86_new_features.TestFamiliaIdAuth" name="test_familia_register_weak_password_rejected" time="0.126" /><testcase classname="backend.tests.test_iteration_86_new_features.TestFamiliaIdAuth" name="test_familia_login_success" time="0.289" /><testcase classname="backend.tests.test_iteration_86_new_features.TestFamiliaIdAuth" name="test_familia_login_wrong_familia_id" time="0.241" /><testcase classname="backend.tests.test_iteration_86_new_features.TestFamiliaIdAuth" name="test_familia_password_reset_flow" time="0.753" /><testcase classname="backend.tests.test_iteration_86_new_features.TestFamiliaIdAuth" name="test_familia_reset_invalid_token" time="0.115" /><testcase classname="backend.tests.test_iteration_86_new_features.TestRoleBasedAccessControl" name="test_comercial_cannot_access_usuarios" time="0.261" /><testcase classname="backend.tests.test_iteration_86_new_features.TestRoleBasedAccessControl" name="test_instalador_cannot_create_pedidos" time="0.224" /><testcase classname="backend.tests.test_iteration_86_new_features.TestRoleBasedAccessControl" name="test_instalador_cannot_access_logs" time="0.225" /></testsuite></testsuites>