<?xml version="1.0" encoding="utf-8"?><testsuites name="pytest tests"><testsuite name="pytest" errors="0" failures="0" skipped="0" tests="10" time="2.722" timestamp="2026-02-17T00:27:35.399873+00:00" hostname="agent-env-901f9055-d20d-411e-a561-5ae24582c44e"><testcase classname="tests.test_enterprise_portal_auth.TestEnterpriseAuth" name="test_login_returns_session_token" time="0.314" /><testcase classname="tests.test_enterprise_portal_auth.TestEnterpriseAuth" name="test_auth_me_with_header_token" time="0.247" /><testcase classname="tests.test_enterprise_portal_auth.TestEnterpriseAuth" name="test_auth_me_without_token_returns_401" time="0.212" /><testcase classname="tests.test_enterprise_portal_auth.TestEnterpriseAuth" name="test_auth_me_with_invalid_token_returns_401" time="0.192" /><testcase classname="tests.test_enterprise_portal_auth.TestEnterpriseDashboard" name="test_dashboard_stats_returns_data" time="0.398" /><testcase classname="tests.test_enterprise_portal_auth.TestEnterpriseDashboard" name="test_dashboard_charts_returns_data" time="0.342" /><testcase classname="tests.test_enterprise_portal_auth.TestEnterpriseDashboard" name="test_dashboard_stats_without_auth_returns_401" time="0.300" /><testcase classname="tests.test_enterprise_portal_auth.TestEnterpriseDashboard" name="test_dashboard_charts_without_auth_returns_401" time="0.327" /><testcase classname="tests.test_enterprise_portal_auth.TestLoginInvalidCredentials" name="test_login_wrong_email" time="0.152" /><testcase classname="tests.test_enterprise_portal_auth.TestLoginInvalidCredentials" name="test_login_wrong_password" time="0.160" /></testsuite></testsuites>