<?xml version="1.0" encoding="utf-8"?><testsuites name="pytest tests"><testsuite name="pytest" errors="0" failures="0" skipped="0" tests="6" time="0.370" timestamp="2026-02-04T19:32:04.297789+00:00" hostname="agent-env-04803f4f-e2e7-4b9c-86d8-daa224dfe23e"><testcase classname="backend.tests.test_instrucciones_familiares.TestRegistrationErrorHandling" name="test_register_short_password_returns_specific_error" time="0.068" /><testcase classname="backend.tests.test_instrucciones_familiares.TestRegistrationErrorHandling" name="test_register_duplicate_email_returns_specific_error" time="0.039" /><testcase classname="backend.tests.test_instrucciones_familiares.TestRegistrationErrorHandling" name="test_register_missing_fields_returns_validation_error" time="0.037" /><testcase classname="backend.tests.test_instrucciones_familiares.TestLoginAPI" name="test_login_with_valid_credentials" time="0.073" /><testcase classname="backend.tests.test_instrucciones_familiares.TestLoginAPI" name="test_login_with_invalid_credentials" time="0.041" /><testcase classname="backend.tests.test_instrucciones_familiares.TestInstruccionesFamiliaresPage" name="test_page_is_accessible" time="0.040" /></testsuite></testsuites>