<?xml version="1.0" encoding="utf-8"?><testsuites name="pytest tests"><testsuite name="pytest" errors="0" failures="0" skipped="0" tests="21" time="7.930" timestamp="2026-03-27T16:52:03.662626+00:00" hostname="agent-env-b96e1871-b2d6-44f9-a341-0ce16b8cb1e8"><testcase classname="backend.tests.test_iteration_135_real_data.TestHealthCheck" name="test_health_endpoint" time="0.209" /><testcase classname="backend.tests.test_iteration_135_real_data.TestClientAppLogin" name="test_client_login_success" time="0.385" /><testcase classname="backend.tests.test_iteration_135_real_data.TestClientAppLogin" name="test_client_login_wrong_password" time="0.343" /><testcase classname="backend.tests.test_iteration_135_real_data.TestClientAppLogin" name="test_client_installation_data" time="0.448" /><testcase classname="backend.tests.test_iteration_135_real_data.TestClientAppLogin" name="test_client_events" time="0.460" /><testcase classname="backend.tests.test_iteration_135_real_data.TestClientAppArm" name="test_arm_total" time="0.441" /><testcase classname="backend.tests.test_iteration_135_real_data.TestClientAppArm" name="test_disarm" time="0.455" /><testcase classname="backend.tests.test_iteration_135_real_data.TestClientAppSOS" name="test_sos_trigger" time="0.449" /><testcase classname="backend.tests.test_iteration_135_real_data.TestComercialAppLogin" name="test_comercial_login_success" time="0.325" /><testcase classname="backend.tests.test_iteration_135_real_data.TestComercialAppLogin" name="test_comercial_login_wrong_password" time="0.335" /><testcase classname="backend.tests.test_iteration_135_real_data.TestComercialAppLogin" name="test_comercial_stats" time="0.473" /><testcase classname="backend.tests.test_iteration_135_real_data.TestComercialCreateLead" name="test_create_lead" time="0.472" /><testcase classname="backend.tests.test_iteration_135_real_data.TestInstaladorAppLogin" name="test_instalador_login_success" time="0.338" /><testcase classname="backend.tests.test_iteration_135_real_data.TestInstaladorAppLogin" name="test_instalador_agenda" time="0.492" /><testcase classname="backend.tests.test_iteration_135_real_data.TestInstaladorChecklist" name="test_get_checklist" time="0.575" /><testcase classname="backend.tests.test_iteration_135_real_data.TestInstaladorChecklist" name="test_update_checklist" time="0.601" /><testcase classname="backend.tests.test_iteration_135_real_data.TestInstaladorEstado" name="test_update_estado" time="0.567" /><testcase classname="backend.tests.test_iteration_135_real_data.TestCRADashboard" name="test_cra_dashboard" time="0.116" /><testcase classname="backend.tests.test_iteration_135_real_data.TestCRADashboard" name="test_cra_alarms" time="0.131" /><testcase classname="backend.tests.test_iteration_135_real_data.TestCRADashboard" name="test_cra_installations" time="0.111" /><testcase classname="backend.tests.test_iteration_135_real_data.TestCRADashboard" name="test_cra_protocols" time="0.108" /></testsuite></testsuites>