<?xml version="1.0" encoding="utf-8"?><testsuites name="pytest tests"><testsuite name="pytest" errors="0" failures="2" skipped="0" tests="22" time="3.511" timestamp="2026-03-02T02:07:50.633557+00:00" hostname="agent-env-5df08b65-af06-4d5c-9ca1-fec3b567511b"><testcase classname="backend.tests.test_iteration_76_buttons_nav.TestDashboardBarrioRanking" name="test_ranking_endpoint_exists" time="0.268" /><testcase classname="backend.tests.test_iteration_76_buttons_nav.TestDashboardBarrioRanking" name="test_ranking_scores_structure" time="0.155" /><testcase classname="backend.tests.test_iteration_76_buttons_nav.TestDashboardBarrioRanking" name="test_ranking_overall_rank_structure" time="0.118" /><testcase classname="backend.tests.test_iteration_76_buttons_nav.TestDashboardBarrioRanking" name="test_ranking_badges_is_list" time="0.115" /><testcase classname="backend.tests.test_iteration_76_buttons_nav.TestDashboardBarrioRanking" name="test_ranking_next_milestone_structure" time="0.125" /><testcase classname="backend.tests.test_iteration_76_buttons_nav.TestPanelVecinalReferrals" name="test_validate_fake_referral_code" time="0.164" /><testcase classname="backend.tests.test_iteration_76_buttons_nav.TestPanelVecinalReferrals" name="test_validate_empty_code" time="0.113" /><testcase classname="backend.tests.test_iteration_76_buttons_nav.TestPanelVecinalReferrals" name="test_validate_random_code_formats" time="0.550" /><testcase classname="backend.tests.test_iteration_76_buttons_nav.TestPanelVecinalReferrals" name="test_redeem_requires_auth" time="0.125" /><testcase classname="backend.tests.test_iteration_76_buttons_nav.TestPanelVecinalBasicEndpoints" name="test_plan_info_endpoint" time="0.137" /><testcase classname="backend.tests.test_iteration_76_buttons_nav.TestPanelVecinalBasicEndpoints" name="test_check_access_unauthenticated" time="0.117" /><testcase classname="backend.tests.test_iteration_76_buttons_nav.TestDashboardBarrioExistingEndpoints" name="test_public_stats" time="0.136" /><testcase classname="backend.tests.test_iteration_76_buttons_nav.TestDashboardBarrioExistingEndpoints" name="test_leaderboard" time="0.120" /><testcase classname="backend.tests.test_iteration_76_buttons_nav.TestEnterpriseCentralEndpoints" name="test_dashboard_endpoint" time="0.124" /><testcase classname="backend.tests.test_iteration_76_buttons_nav.TestEnterpriseCentralEndpoints" name="test_leads_list" time="0.119" /><testcase classname="backend.tests.test_iteration_76_buttons_nav.TestEnterpriseCentralEndpoints" name="test_create_lead" time="0.169"><failure message="AssertionError: Expected 201, got 200&#10;assert 200 == 201&#10; +  where 200 = &lt;Response [200]&gt;.status_code">backend/tests/test_iteration_76_buttons_nav.py:222: in test_create_lead
    assert response.status_code == 201, f"Expected 201, got {response.status_code}"
E   AssertionError: Expected 201, got 200
E   assert 200 == 201
E    +  where 200 = &lt;Response [200]&gt;.status_code</failure></testcase><testcase classname="backend.tests.test_iteration_76_buttons_nav.TestEnterpriseCentralEndpoints" name="test_installations_list" time="0.114" /><testcase classname="backend.tests.test_iteration_76_buttons_nav.TestEnterpriseCentralEndpoints" name="test_pipeline" time="0.119"><failure message="AssertionError: assert 'total_value' in {'pipeline': {'contacted': 1, 'new': 3, 'qualified': 1}, 'stages': ['new', 'contacted', 'qualified', 'proposal', 'negotiation', 'closed', ...]}">backend/tests/test_iteration_76_buttons_nav.py:245: in test_pipeline
    assert "total_value" in data
E   AssertionError: assert 'total_value' in {'pipeline': {'contacted': 1, 'new': 3, 'qualified': 1}, 'stages': ['new', 'contacted', 'qualified', 'proposal', 'negotiation', 'closed', ...]}</failure></testcase><testcase classname="backend.tests.test_iteration_76_buttons_nav.TestCommunityShieldEndpoints" name="test_incidents_list" time="0.101" /><testcase classname="backend.tests.test_iteration_76_buttons_nav.TestCommunityShieldEndpoints" name="test_stats_endpoint" time="0.139" /><testcase classname="backend.tests.test_iteration_76_buttons_nav.TestCommunityShieldEndpoints" name="test_heatmap_endpoint" time="0.119" /><testcase classname="backend.tests.test_iteration_76_buttons_nav.TestBasicNavigation" name="test_heartbeat" time="0.137" /></testsuite></testsuites>