<?xml version="1.0" encoding="utf-8"?><testsuites name="pytest tests"><testsuite name="pytest" errors="0" failures="0" skipped="0" tests="14" time="1.498" timestamp="2026-01-25T00:20:58.492494+00:00" hostname="agent-env-e078886f-1ebb-4d12-ae9b-76dcaed3266b"><testcase classname="backend.tests.test_manobank_registration_iteration_20.TestDirectorLogin" name="test_director_login_success" time="0.097" /><testcase classname="backend.tests.test_manobank_registration_iteration_20.TestDirectorLogin" name="test_director_access_admin_dashboard" time="0.081" /><testcase classname="backend.tests.test_manobank_registration_iteration_20.TestDirectorLogin" name="test_invalid_credentials_rejected" time="0.037" /><testcase classname="backend.tests.test_manobank_registration_iteration_20.TestNewCustomerRegistration" name="test_registration_endpoint_exists" time="0.038" /><testcase classname="backend.tests.test_manobank_registration_iteration_20.TestNewCustomerRegistration" name="test_registration_validation_required_fields" time="0.034" /><testcase classname="backend.tests.test_manobank_registration_iteration_20.TestNewCustomerRegistration" name="test_registration_creates_solicitud" time="0.072" /><testcase classname="backend.tests.test_manobank_registration_iteration_20.TestNewCustomerRegistration" name="test_duplicate_dni_rejected" time="0.057" /><testcase classname="backend.tests.test_manobank_registration_iteration_20.TestAdminRegistrationsEndpoint" name="test_get_registrations_list" time="0.074" /><testcase classname="backend.tests.test_manobank_registration_iteration_20.TestAdminRegistrationsEndpoint" name="test_get_registrations_filter_by_status" time="0.089" /><testcase classname="backend.tests.test_manobank_registration_iteration_20.TestApproveRegistration" name="test_approve_registration_creates_account" time="0.534" /><testcase classname="backend.tests.test_manobank_registration_iteration_20.TestApproveRegistration" name="test_approve_already_approved_fails" time="0.085" /><testcase classname="backend.tests.test_manobank_registration_iteration_20.TestRejectRegistration" name="test_reject_registration_endpoint_exists" time="0.082" /><testcase classname="backend.tests.test_manobank_registration_iteration_20.TestEmployeePortalAperturas" name="test_account_requests_endpoint" time="0.069" /><testcase classname="backend.tests.test_manobank_registration_iteration_20.TestEmployeePortalAperturas" name="test_combined_registrations_and_requests" time="0.080" /></testsuite></testsuites>