<?xml version="1.0" encoding="utf-8"?><testsuites name="pytest tests"><testsuite name="pytest" errors="0" failures="1" skipped="1" tests="20" time="2.952" timestamp="2026-03-06T00:47:00.292374+00:00" hostname="agent-env-e59138a7-317c-4fdb-ad7b-6e738af8ba31"><testcase classname="backend.tests.test_iteration_88_predeployment.TestHealthCheck" name="test_health_check_returns_healthy" time="0.241" /><testcase classname="backend.tests.test_iteration_88_predeployment.TestCEOLogin" name="test_ceo_login_returns_user_data" time="0.300" /><testcase classname="backend.tests.test_iteration_88_predeployment.TestGestionAuth" name="test_gestion_admin_login_returns_token" time="0.063" /><testcase classname="backend.tests.test_iteration_88_predeployment.TestGestionAuth" name="test_gestion_comercial_login_returns_token" time="0.056" /><testcase classname="backend.tests.test_iteration_88_predeployment.TestGestionAuth" name="test_gestion_instalador_login_returns_token" time="0.075" /><testcase classname="backend.tests.test_iteration_88_predeployment.TestGestionAuth" name="test_gestion_login_invalid_credentials" time="0.066" /><testcase classname="backend.tests.test_iteration_88_predeployment.TestFamiliaAuth" name="test_familia_register_new_user" time="0.585"><failure message="AssertionError: assert 'test_2ab895e5@test.com' == 'test_2AB895E5@test.com'&#10;  &#10;  - test_2AB895E5@test.com&#10;  ?       ^^   ^&#10;  + test_2ab895e5@test.com&#10;  ?       ^^   ^">backend/tests/test_iteration_88_predeployment.py:156: in test_familia_register_new_user
    assert data["email"] == test_data["email"]
E   AssertionError: assert 'test_2ab895e5@test.com' == 'test_2AB895E5@test.com'
E     
E     - test_2AB895E5@test.com
E     ?       ^^   ^
E     + test_2ab895e5@test.com
E     ?       ^^   ^</failure></testcase><testcase classname="backend.tests.test_iteration_88_predeployment.TestFamiliaAuth" name="test_familia_login_existing_user" time="0.060"><skipped type="pytest.skip" message="Could not register user for login test">/app/backend/tests/test_iteration_88_predeployment.py:192: Could not register user for login test</skipped></testcase><testcase classname="backend.tests.test_iteration_88_predeployment.TestFamiliaAuth" name="test_familia_password_reset_request" time="0.054" /><testcase classname="backend.tests.test_iteration_88_predeployment.TestGestionStock" name="test_get_stock_list" time="0.112" /><testcase classname="backend.tests.test_iteration_88_predeployment.TestGestionPedidos" name="test_get_pedidos_list" time="0.065" /><testcase classname="backend.tests.test_iteration_88_predeployment.TestGestionInstalaciones" name="test_get_instalaciones_list" time="0.064" /><testcase classname="backend.tests.test_iteration_88_predeployment.TestGestionDashboard" name="test_get_dashboard_stats" time="0.067" /><testcase classname="backend.tests.test_iteration_88_predeployment.TestGestionUsuarios" name="test_get_usuarios_as_admin" time="0.091" /><testcase classname="backend.tests.test_iteration_88_predeployment.TestGestionUsuarios" name="test_get_usuarios_as_comercial_denied" time="0.116" /><testcase classname="backend.tests.test_iteration_88_predeployment.TestCatalogoDownload" name="test_catalogo_comercial_returns_pdf" time="0.056" /><testcase classname="backend.tests.test_iteration_88_predeployment.TestGestionAuthMe" name="test_gestion_auth_me" time="0.055" /><testcase classname="backend.tests.test_iteration_88_predeployment.TestGestionTokenRefresh" name="test_gestion_token_refresh" time="0.061" /><testcase classname="backend.tests.test_iteration_88_predeployment.TestSecurityNoDebugTokens" name="test_familia_register_no_debug_fields" time="0.550" /><testcase classname="backend.tests.test_iteration_88_predeployment.TestSecurityNoDebugTokens" name="test_regular_login_no_debug_fields" time="0.077" /></testsuite></testsuites>