<?xml version="1.0" encoding="utf-8"?><testsuites name="pytest tests"><testsuite name="pytest" errors="0" failures="0" skipped="0" tests="17" time="3.085" timestamp="2026-02-28T13:00:47.843318+00:00" hostname="agent-env-49d8b240-8fc6-418b-be6e-35be4e64f084"><testcase classname="backend.tests.test_cro_system.TestABTesting" name="test_get_hero_headline_variant" time="0.214" /><testcase classname="backend.tests.test_cro_system.TestABTesting" name="test_get_cta_text_variant" time="0.161" /><testcase classname="backend.tests.test_cro_system.TestABTesting" name="test_ab_test_not_found" time="0.192" /><testcase classname="backend.tests.test_cro_system.TestABTesting" name="test_get_hero_headline_results" time="0.114" /><testcase classname="backend.tests.test_cro_system.TestConversionTracking" name="test_track_page_view" time="0.136" /><testcase classname="backend.tests.test_cro_system.TestConversionTracking" name="test_track_cta_click" time="0.134" /><testcase classname="backend.tests.test_cro_system.TestConversionTracking" name="test_track_begin_checkout" time="0.118" /><testcase classname="backend.tests.test_cro_system.TestConversionTracking" name="test_track_purchase_complete" time="0.148" /><testcase classname="backend.tests.test_cro_system.TestConversionFunnel" name="test_get_funnel_metrics" time="0.134" /><testcase classname="backend.tests.test_cro_system.TestConversionFunnel" name="test_get_funnel_with_custom_days" time="0.110" /><testcase classname="backend.tests.test_cro_system.TestEmailSequences" name="test_start_email_sequence" time="0.171" /><testcase classname="backend.tests.test_cro_system.TestEmailSequences" name="test_start_duplicate_sequence" time="0.247" /><testcase classname="backend.tests.test_cro_system.TestEmailSequences" name="test_stop_email_sequence" time="0.220" /><testcase classname="backend.tests.test_cro_system.TestEmailSequences" name="test_mark_converted" time="0.262" /><testcase classname="backend.tests.test_cro_system.TestEmailSequences" name="test_get_pending_emails" time="0.116" /><testcase classname="backend.tests.test_cro_system.TestEmailSequences" name="test_process_pending_emails" time="0.129" /><testcase classname="backend.tests.test_cro_system.TestCRODashboard" name="test_get_dashboard" time="0.111" /></testsuite></testsuites>