<?xml version="1.0" encoding="utf-8"?><testsuites name="pytest tests"><testsuite name="pytest" errors="0" failures="0" skipped="0" tests="17" time="1.616" timestamp="2026-01-16T16:58:23.079355+00:00" hostname="agent-env-37cc3496-6002-45c4-9c68-725439101d3a"><testcase classname="tests.test_iteration_12.TestAdminAuthentication" name="test_superadmin_login" time="0.104" /><testcase classname="tests.test_iteration_12.TestAdminUserStatus" name="test_deactivate_user_baja" time="0.097" /><testcase classname="tests.test_iteration_12.TestAdminUserStatus" name="test_activate_user" time="0.137" /><testcase classname="tests.test_iteration_12.TestAdminUserStatus" name="test_cannot_deactivate_superadmin" time="0.088" /><testcase classname="tests.test_iteration_12.TestAdminCancelSubscription" name="test_cancel_subscription" time="0.109" /><testcase classname="tests.test_iteration_12.TestAdminChangePlan" name="test_change_plan_to_personal" time="0.084" /><testcase classname="tests.test_iteration_12.TestAdminChangePlan" name="test_change_plan_to_family" time="0.087" /><testcase classname="tests.test_iteration_12.TestAdminChangePlan" name="test_change_plan_to_enterprise" time="0.087" /><testcase classname="tests.test_iteration_12.TestAdminChangePlan" name="test_change_plan_to_business" time="0.074" /><testcase classname="tests.test_iteration_12.TestFamilyDashboard" name="test_family_dashboard_requires_auth" time="0.034" /><testcase classname="tests.test_iteration_12.TestFamilyDashboard" name="test_family_dashboard_returns_data" time="0.041" /><testcase classname="tests.test_iteration_12.TestFamilyDashboard" name="test_family_dashboard_enterprise_has_family_plan" time="0.097" /><testcase classname="tests.test_iteration_12.TestFamilyMembersCRUD" name="test_add_family_member" time="0.093" /><testcase classname="tests.test_iteration_12.TestFamilyMembersCRUD" name="test_add_senior_family_member" time="0.112" /><testcase classname="tests.test_iteration_12.TestFamilyMembersCRUD" name="test_update_family_member" time="0.099" /><testcase classname="tests.test_iteration_12.TestFamilyMembersCRUD" name="test_delete_family_member" time="0.106" /><testcase classname="tests.test_iteration_12.TestAdminUsersEndpoint" name="test_admin_users_list" time="0.042" /></testsuite></testsuites>