<?xml version="1.0" encoding="utf-8"?><testsuites name="pytest tests"><testsuite name="pytest" errors="0" failures="0" skipped="0" tests="13" time="2.852" timestamp="2026-03-01T23:28:45.578409+00:00" hostname="agent-env-88d65b48-546e-4ac4-8105-6aca123b2c68"><testcase classname="tests.test_iteration_72_full_audit.TestHealthCheck" name="test_api_health" time="0.256" /><testcase classname="tests.test_iteration_72_full_audit.TestAlarmCheckout" name="test_alarm_essential_checkout" time="0.496" /><testcase classname="tests.test_iteration_72_full_audit.TestAlarmCheckout" name="test_alarm_premium_checkout" time="0.358" /><testcase classname="tests.test_iteration_72_full_audit.TestAlarmCheckout" name="test_alarm_business_checkout" time="0.409" /><testcase classname="tests.test_iteration_72_full_audit.TestAlarmCheckout" name="test_invalid_plan_type" time="0.123" /><testcase classname="tests.test_iteration_72_full_audit.TestNewsletterAPI" name="test_newsletter_subscribe_new" time="0.153" /><testcase classname="tests.test_iteration_72_full_audit.TestNewsletterAPI" name="test_newsletter_subscribe_duplicate" time="0.244" /><testcase classname="tests.test_iteration_72_full_audit.TestNewsletterAPI" name="test_newsletter_stats" time="0.111" /><testcase classname="tests.test_iteration_72_full_audit.TestEmployeePortalLogin" name="test_employee_login_success" time="0.115" /><testcase classname="tests.test_iteration_72_full_audit.TestEmployeePortalLogin" name="test_employee_login_invalid" time="0.155" /><testcase classname="tests.test_iteration_72_full_audit.TestEmployeePortalLogin" name="test_employee_roles_endpoint" time="0.103" /><testcase classname="tests.test_iteration_72_full_audit.TestCommunityShieldPersistence" name="test_community_shield_stats" time="0.146" /><testcase classname="tests.test_iteration_72_full_audit.TestCommunityShieldPersistence" name="test_community_shield_incidents" time="0.107" /></testsuite></testsuites>