<?xml version="1.0" encoding="utf-8"?><testsuites name="pytest tests"><testsuite name="pytest" errors="0" failures="0" skipped="0" tests="14" time="4.207" timestamp="2026-02-05T02:19:29.127065+00:00" hostname="agent-env-1843c7ca-dd3d-45f1-8485-aaf655799dd1"><testcase classname="tests.test_iteration_32.TestHealthEndpoint" name="test_health_returns_healthy" time="0.063" /><testcase classname="tests.test_iteration_32.TestAuthEndpoints" name="test_login_with_valid_credentials" time="0.268" /><testcase classname="tests.test_iteration_32.TestAuthEndpoints" name="test_login_with_invalid_credentials" time="0.264" /><testcase classname="tests.test_iteration_32.TestAuthEndpoints" name="test_get_current_user_without_auth" time="0.039" /><testcase classname="tests.test_iteration_32.TestAuthEndpoints" name="test_get_current_user_with_auth" time="0.308" /><testcase classname="tests.test_iteration_32.TestEnterpriseDashboard" name="test_enterprise_dashboard_requires_auth" time="0.303" /><testcase classname="tests.test_iteration_32.TestEnterpriseDashboard" name="test_enterprise_dashboard_with_auth" time="0.279" /><testcase classname="tests.test_iteration_32.TestEnterpriseDashboard" name="test_enterprise_reports_endpoint" time="0.283" /><testcase classname="tests.test_iteration_32.TestEmployeePortal" name="test_employee_connect" time="0.272" /><testcase classname="tests.test_iteration_32.TestEmployeePortal" name="test_get_connected_employees" time="0.282" /><testcase classname="tests.test_iteration_32.TestEmployeePortal" name="test_get_unread_messages" time="0.278" /><testcase classname="tests.test_iteration_32.TestChatEndpoints" name="test_chat_message_endpoint" time="1.419" /><testcase classname="tests.test_iteration_32.TestCommunityAlerts" name="test_get_community_alerts" time="0.038" /><testcase classname="tests.test_iteration_32.TestPlansEndpoint" name="test_get_available_plans" time="0.032" /></testsuite></testsuites>