<?xml version="1.0" encoding="utf-8"?><testsuites name="pytest tests"><testsuite name="pytest" errors="0" failures="0" skipped="0" tests="10" time="0.990" timestamp="2026-01-20T15:57:48.421879+00:00" hostname="agent-env-66583c20-f5c5-488c-aff9-ad52d03795ea"><testcase classname="tests.test_manobank_admin.TestEmployeeLogin" name="test_login_success" time="0.100" /><testcase classname="tests.test_manobank_admin.TestEmployeeLogin" name="test_login_invalid_credentials" time="0.044" /><testcase classname="tests.test_manobank_admin.TestAdminDashboard" name="test_dashboard_access" time="0.128" /><testcase classname="tests.test_manobank_admin.TestAdminDashboard" name="test_dashboard_unauthorized" time="0.082" /><testcase classname="tests.test_manobank_admin.TestEmployeesManagement" name="test_get_employees" time="0.099" /><testcase classname="tests.test_manobank_admin.TestAccountRequests" name="test_get_account_requests" time="0.091" /><testcase classname="tests.test_manobank_admin.TestCustomers" name="test_get_customers" time="0.088" /><testcase classname="tests.test_manobank_admin.TestCustomers" name="test_search_customers" time="0.080" /><testcase classname="tests.test_manobank_admin.TestLoans" name="test_get_loans" time="0.079" /><testcase classname="tests.test_manobank_admin.TestCards" name="test_get_cards" time="0.083" /></testsuite></testsuites>