<?xml version="1.0" encoding="utf-8"?><testsuites name="pytest tests"><testsuite name="pytest" errors="0" failures="2" skipped="0" tests="22" time="8.217" timestamp="2026-01-14T13:22:09.343719+00:00" hostname="agent-env-dd203008-24df-4e5c-94fe-993c8f45edd3"><testcase classname="tests.test_mobile_app_endpoints.TestAuthLogin" name="test_login_success" time="0.091" /><testcase classname="tests.test_mobile_app_endpoints.TestAuthLogin" name="test_login_invalid_credentials" time="0.038" /><testcase classname="tests.test_mobile_app_endpoints.TestAuthLogin" name="test_login_missing_fields" time="0.040" /><testcase classname="tests.test_mobile_app_endpoints.TestAuthRegister" name="test_register_success" time="0.039" /><testcase classname="tests.test_mobile_app_endpoints.TestAuthRegister" name="test_register_duplicate_email" time="0.037" /><testcase classname="tests.test_mobile_app_endpoints.TestAuthRegister" name="test_register_weak_password" time="0.053" /><testcase classname="tests.test_mobile_app_endpoints.TestAuthMe" name="test_auth_me_requires_auth" time="0.039" /><testcase classname="tests.test_mobile_app_endpoints.TestAuthMe" name="test_auth_me_returns_user_data" time="0.054" /><testcase classname="tests.test_mobile_app_endpoints.TestThreats" name="test_threats_returns_list" time="0.083" /><testcase classname="tests.test_mobile_app_endpoints.TestThreats" name="test_threats_with_limit" time="0.050" /><testcase classname="tests.test_mobile_app_endpoints.TestBankingSupportedBanks" name="test_supported_banks_returns_list" time="0.045"><failure message="AssertionError: Bank should have 'id' or 'name'&#10;assert ('id' in 'Santander' or 'name' in 'Santander')">tests/test_mobile_app_endpoints.py:219: in test_supported_banks_returns_list
    assert "id" in bank or "name" in bank, "Bank should have 'id' or 'name'"
E   AssertionError: Bank should have 'id' or 'name'
E   assert ('id' in 'Santander' or 'name' in 'Santander')</failure></testcase><testcase classname="tests.test_mobile_app_endpoints.TestBankingAccounts" name="test_banking_accounts_requires_auth" time="0.044" /><testcase classname="tests.test_mobile_app_endpoints.TestBankingAccounts" name="test_banking_accounts_returns_data" time="0.063" /><testcase classname="tests.test_mobile_app_endpoints.TestFamilyMembers" name="test_family_members_requires_auth" time="0.042" /><testcase classname="tests.test_mobile_app_endpoints.TestFamilyMembers" name="test_family_members_returns_data" time="0.083" /><testcase classname="tests.test_mobile_app_endpoints.TestNotifications" name="test_notifications_requires_auth" time="0.036" /><testcase classname="tests.test_mobile_app_endpoints.TestNotifications" name="test_notifications_returns_data" time="0.053" /><testcase classname="tests.test_mobile_app_endpoints.TestStats" name="test_stats_returns_data" time="0.092" /><testcase classname="tests.test_mobile_app_endpoints.TestAnalyze" name="test_analyze_sms_threat" time="4.544"><failure message="AssertionError: Should detect as threat&#10;assert False == True">tests/test_mobile_app_endpoints.py:375: in test_analyze_sms_threat
    assert data["is_threat"] == True, "Should detect as threat"
E   AssertionError: Should detect as threat
E   assert False == True</failure></testcase><testcase classname="tests.test_mobile_app_endpoints.TestAnalyze" name="test_analyze_safe_content" time="2.323" /><testcase classname="tests.test_mobile_app_endpoints.TestMobileAppIntegration" name="test_full_login_flow" time="0.138" /><testcase classname="tests.test_mobile_app_endpoints.TestMobileAppIntegration" name="test_register_and_use_flow" time="0.048" /></testsuite></testsuites>