<?xml version="1.0" encoding="utf-8"?><testsuites name="pytest tests"><testsuite name="pytest" errors="0" failures="0" skipped="0" tests="22" time="6.455" timestamp="2026-01-14T13:24:08.339791+00:00" hostname="agent-env-dd203008-24df-4e5c-94fe-993c8f45edd3"><testcase classname="tests.test_mobile_app_endpoints.TestAuthLogin" name="test_login_success" time="0.077" /><testcase classname="tests.test_mobile_app_endpoints.TestAuthLogin" name="test_login_invalid_credentials" time="0.041" /><testcase classname="tests.test_mobile_app_endpoints.TestAuthLogin" name="test_login_missing_fields" time="0.080" /><testcase classname="tests.test_mobile_app_endpoints.TestAuthRegister" name="test_register_success" time="0.063" /><testcase classname="tests.test_mobile_app_endpoints.TestAuthRegister" name="test_register_duplicate_email" time="0.038" /><testcase classname="tests.test_mobile_app_endpoints.TestAuthRegister" name="test_register_weak_password" time="0.073" /><testcase classname="tests.test_mobile_app_endpoints.TestAuthMe" name="test_auth_me_requires_auth" time="0.042" /><testcase classname="tests.test_mobile_app_endpoints.TestAuthMe" name="test_auth_me_returns_user_data" time="0.130" /><testcase classname="tests.test_mobile_app_endpoints.TestThreats" name="test_threats_returns_list" time="0.054" /><testcase classname="tests.test_mobile_app_endpoints.TestThreats" name="test_threats_with_limit" time="0.013" /><testcase classname="tests.test_mobile_app_endpoints.TestBankingSupportedBanks" name="test_supported_banks_returns_list" time="0.050" /><testcase classname="tests.test_mobile_app_endpoints.TestBankingAccounts" name="test_banking_accounts_requires_auth" time="0.040" /><testcase classname="tests.test_mobile_app_endpoints.TestBankingAccounts" name="test_banking_accounts_returns_data" time="0.046" /><testcase classname="tests.test_mobile_app_endpoints.TestFamilyMembers" name="test_family_members_requires_auth" time="0.034" /><testcase classname="tests.test_mobile_app_endpoints.TestFamilyMembers" name="test_family_members_returns_data" time="0.050" /><testcase classname="tests.test_mobile_app_endpoints.TestNotifications" name="test_notifications_requires_auth" time="0.036" /><testcase classname="tests.test_mobile_app_endpoints.TestNotifications" name="test_notifications_returns_data" time="0.053" /><testcase classname="tests.test_mobile_app_endpoints.TestStats" name="test_stats_returns_data" time="0.074" /><testcase classname="tests.test_mobile_app_endpoints.TestAnalyze" name="test_analyze_sms_returns_response" time="2.986" /><testcase classname="tests.test_mobile_app_endpoints.TestAnalyze" name="test_analyze_safe_content" time="2.204" /><testcase classname="tests.test_mobile_app_endpoints.TestMobileAppIntegration" name="test_full_login_flow" time="0.133" /><testcase classname="tests.test_mobile_app_endpoints.TestMobileAppIntegration" name="test_register_and_use_flow" time="0.046" /></testsuite></testsuites>