<?xml version="1.0" encoding="utf-8"?><testsuites name="pytest tests"><testsuite name="pytest" errors="0" failures="3" skipped="0" tests="27" time="4.272" timestamp="2026-01-13T23:43:09.674498+00:00" hostname="agent-env-e3e5b127-1bde-4cc1-a469-aeefd3b9d824"><testcase classname="tests.test_new_features.TestEnterpriseDashboard" name="test_enterprise_dashboard_authenticated" time="0.196" /><testcase classname="tests.test_new_features.TestEnterpriseDashboard" name="test_enterprise_dashboard_unauthenticated" time="0.045" /><testcase classname="tests.test_new_features.TestEnterpriseReports" name="test_enterprise_reports_week" time="0.076" /><testcase classname="tests.test_new_features.TestEnterpriseReports" name="test_enterprise_reports_month" time="0.073" /><testcase classname="tests.test_new_features.TestFamilyDashboard" name="test_family_dashboard_authenticated" time="0.075" /><testcase classname="tests.test_new_features.TestFamilyDashboard" name="test_family_dashboard_unauthenticated" time="0.033" /><testcase classname="tests.test_new_features.TestFamilyMembers" name="test_add_family_member" time="0.089" /><testcase classname="tests.test_new_features.TestFamilyMembers" name="test_add_senior_family_member" time="0.116" /><testcase classname="tests.test_new_features.TestFamilyMembers" name="test_add_family_member_unauthenticated" time="0.039" /><testcase classname="tests.test_new_features.TestFamilyMembers" name="test_update_family_member" time="0.145" /><testcase classname="tests.test_new_features.TestFamilyMembers" name="test_delete_family_member" time="0.158" /><testcase classname="tests.test_new_features.TestAdminDashboard" name="test_admin_dashboard_with_admin" time="0.103" /><testcase classname="tests.test_new_features.TestAdminDashboard" name="test_admin_dashboard_non_admin" time="0.070" /><testcase classname="tests.test_new_features.TestAdminDashboard" name="test_admin_dashboard_unauthenticated" time="0.077" /><testcase classname="tests.test_new_features.TestAdminInvestors" name="test_list_investors_admin" time="0.109" /><testcase classname="tests.test_new_features.TestAdminInvestors" name="test_list_investors_filter_pending" time="0.110" /><testcase classname="tests.test_new_features.TestAdminInvestors" name="test_list_investors_non_admin" time="0.068" /><testcase classname="tests.test_new_features.TestNotifications" name="test_get_notifications_authenticated" time="0.069" /><testcase classname="tests.test_new_features.TestNotifications" name="test_get_notifications_unauthenticated" time="0.032" /><testcase classname="tests.test_new_features.TestNotifications" name="test_subscribe_push_notifications" time="0.081" /><testcase classname="tests.test_new_features.TestNotifications" name="test_subscribe_push_unauthenticated" time="0.035" /><testcase classname="tests.test_new_features.TestPDFGeneration" name="test_download_pdf_unauthenticated" time="0.611"><failure message="AssertionError: Expected 401, got 520&#10;assert 520 == 401&#10; +  where 520 = &lt;Response [520]&gt;.status_code">tests/test_new_features.py:627: in test_download_pdf_unauthenticated
    assert response.status_code == 401, f"Expected 401, got {response.status_code}"
E   AssertionError: Expected 401, got 520
E   assert 520 == 401
E    +  where 520 = &lt;Response [520]&gt;.status_code</failure></testcase><testcase classname="tests.test_new_features.TestPDFGeneration" name="test_download_pdf_non_investor" time="0.491"><failure message="AssertionError: Expected 403 for non-investor, got 520&#10;assert 520 == 403&#10; +  where 520 = &lt;Response [520]&gt;.status_code">tests/test_new_features.py:644: in test_download_pdf_non_investor
    assert response.status_code == 403, f"Expected 403 for non-investor, got {response.status_code}"
E   AssertionError: Expected 403 for non-investor, got 520
E   assert 520 == 403
E    +  where 520 = &lt;Response [520]&gt;.status_code</failure></testcase><testcase classname="tests.test_new_features.TestPDFGeneration" name="test_download_pdf_with_investor" time="0.514" /><testcase classname="tests.test_new_features.TestPDFGeneration" name="test_download_pdf_invalid_doc" time="0.458"><failure message="AssertionError: Expected 404, got 520&#10;assert 520 == 404&#10; +  where 520 = &lt;Response [520]&gt;.status_code">tests/test_new_features.py:711: in test_download_pdf_invalid_doc
    assert response.status_code == 404, f"Expected 404, got {response.status_code}"
E   AssertionError: Expected 404, got 520
E   assert 520 == 404
E    +  where 520 = &lt;Response [520]&gt;.status_code</failure></testcase><testcase classname="tests.test_new_features.TestAdminUsers" name="test_list_users_admin" time="0.107" /><testcase classname="tests.test_new_features.TestAdminPayments" name="test_list_payments_admin" time="0.106" /></testsuite></testsuites>