<?xml version="1.0" encoding="utf-8"?><testsuites name="pytest tests"><testsuite name="pytest" errors="0" failures="0" skipped="0" tests="24" time="0.929" timestamp="2026-01-31T15:12:56.740256+00:00" hostname="agent-env-4841485b-ed17-4dad-b151-6af4e150e50a"><testcase classname="backend.tests.test_public_apis.TestHealthAndBasicAPIs" name="test_scam_stats_endpoint" time="0.056" /><testcase classname="backend.tests.test_public_apis.TestHealthAndBasicAPIs" name="test_plans_endpoint" time="0.035" /><testcase classname="backend.tests.test_public_apis.TestHealthAndBasicAPIs" name="test_community_alerts_endpoint" time="0.033" /><testcase classname="backend.tests.test_public_apis.TestStaticFiles" name="test_android_zip_download" time="0.039" /><testcase classname="backend.tests.test_public_apis.TestStaticFiles" name="test_ios_zip_download" time="0.032" /><testcase classname="backend.tests.test_public_apis.TestStaticFiles" name="test_desktop_zip_download" time="0.036" /><testcase classname="backend.tests.test_public_apis.TestStaticFiles" name="test_manifest_json" time="0.034" /><testcase classname="backend.tests.test_public_apis.TestPublicPages" name="test_public_page_loads[/]" time="0.032" /><testcase classname="backend.tests.test_public_apis.TestPublicPages" name="test_public_page_loads[/how-it-works]" time="0.032" /><testcase classname="backend.tests.test_public_apis.TestPublicPages" name="test_public_page_loads[/pricing]" time="0.038" /><testcase classname="backend.tests.test_public_apis.TestPublicPages" name="test_public_page_loads[/knowledge]" time="0.037" /><testcase classname="backend.tests.test_public_apis.TestPublicPages" name="test_public_page_loads[/community]" time="0.035" /><testcase classname="backend.tests.test_public_apis.TestPublicPages" name="test_public_page_loads[/faq]" time="0.038" /><testcase classname="backend.tests.test_public_apis.TestPublicPages" name="test_public_page_loads[/verificar-estafa]" time="0.033" /><testcase classname="backend.tests.test_public_apis.TestPublicPages" name="test_public_page_loads[/login]" time="0.035" /><testcase classname="backend.tests.test_public_apis.TestPublicPages" name="test_public_page_loads[/registro]" time="0.043" /><testcase classname="backend.tests.test_public_apis.TestPublicPages" name="test_public_page_loads[/privacy-policy]" time="0.037" /><testcase classname="backend.tests.test_public_apis.TestPublicPages" name="test_public_page_loads[/terms-of-service]" time="0.034" /><testcase classname="backend.tests.test_public_apis.TestPublicPages" name="test_public_page_loads[/refund-policy]" time="0.035" /><testcase classname="backend.tests.test_public_apis.TestPublicPages" name="test_public_page_loads[/legal-notice]" time="0.033" /><testcase classname="backend.tests.test_public_apis.TestPublicPages" name="test_public_page_loads[/empleados/descargar]" time="0.032" /><testcase classname="backend.tests.test_public_apis.TestPublicPages" name="test_public_page_loads[/desarrolladores/descargas]" time="0.034" /><testcase classname="backend.tests.test_public_apis.TestFraudVerification" name="test_verify_scam_phone" time="0.038" /><testcase classname="backend.tests.test_public_apis.TestFraudVerification" name="test_fraud_check_endpoint" time="0.032" /></testsuite></testsuites>