<?xml version="1.0" encoding="utf-8"?><testsuites name="pytest tests"><testsuite name="pytest" errors="0" failures="2" skipped="0" tests="24" time="0.965" timestamp="2026-01-31T15:12:05.016980+00:00" hostname="agent-env-4841485b-ed17-4dad-b151-6af4e150e50a"><testcase classname="backend.tests.test_public_apis.TestHealthAndBasicAPIs" name="test_scam_stats_endpoint" time="0.066" /><testcase classname="backend.tests.test_public_apis.TestHealthAndBasicAPIs" name="test_plans_endpoint" time="0.034" /><testcase classname="backend.tests.test_public_apis.TestHealthAndBasicAPIs" name="test_community_alerts_endpoint" time="0.037" /><testcase classname="backend.tests.test_public_apis.TestStaticFiles" name="test_android_zip_download" time="0.035" /><testcase classname="backend.tests.test_public_apis.TestStaticFiles" name="test_ios_zip_download" time="0.034" /><testcase classname="backend.tests.test_public_apis.TestStaticFiles" name="test_desktop_zip_download" time="0.036" /><testcase classname="backend.tests.test_public_apis.TestStaticFiles" name="test_manifest_json" time="0.041" /><testcase classname="backend.tests.test_public_apis.TestPublicPages" name="test_public_page_loads[/]" time="0.036" /><testcase classname="backend.tests.test_public_apis.TestPublicPages" name="test_public_page_loads[/how-it-works]" time="0.034" /><testcase classname="backend.tests.test_public_apis.TestPublicPages" name="test_public_page_loads[/pricing]" time="0.032" /><testcase classname="backend.tests.test_public_apis.TestPublicPages" name="test_public_page_loads[/knowledge]" time="0.032" /><testcase classname="backend.tests.test_public_apis.TestPublicPages" name="test_public_page_loads[/community]" time="0.031" /><testcase classname="backend.tests.test_public_apis.TestPublicPages" name="test_public_page_loads[/faq]" time="0.031" /><testcase classname="backend.tests.test_public_apis.TestPublicPages" name="test_public_page_loads[/verificar-estafa]" time="0.033" /><testcase classname="backend.tests.test_public_apis.TestPublicPages" name="test_public_page_loads[/login]" time="0.034" /><testcase classname="backend.tests.test_public_apis.TestPublicPages" name="test_public_page_loads[/registro]" time="0.037" /><testcase classname="backend.tests.test_public_apis.TestPublicPages" name="test_public_page_loads[/privacy-policy]" time="0.032" /><testcase classname="backend.tests.test_public_apis.TestPublicPages" name="test_public_page_loads[/terms-of-service]" time="0.036" /><testcase classname="backend.tests.test_public_apis.TestPublicPages" name="test_public_page_loads[/refund-policy]" time="0.036" /><testcase classname="backend.tests.test_public_apis.TestPublicPages" name="test_public_page_loads[/legal-notice]" time="0.036" /><testcase classname="backend.tests.test_public_apis.TestPublicPages" name="test_public_page_loads[/empleados/descargar]" time="0.034" /><testcase classname="backend.tests.test_public_apis.TestPublicPages" name="test_public_page_loads[/desarrolladores/descargas]" time="0.039" /><testcase classname="backend.tests.test_public_apis.TestFraudVerification" name="test_verify_phone_number" time="0.034"><failure message="assert 404 == 200&#10; +  where 404 = &lt;Response [404]&gt;.status_code">backend/tests/test_public_apis.py:132: in test_verify_phone_number
    assert response.status_code == 200
E   assert 404 == 200
E    +  where 404 = &lt;Response [404]&gt;.status_code</failure></testcase><testcase classname="backend.tests.test_public_apis.TestFraudVerification" name="test_verify_email" time="0.031"><failure message="assert 404 == 200&#10; +  where 404 = &lt;Response [404]&gt;.status_code">backend/tests/test_public_apis.py:142: in test_verify_email
    assert response.status_code == 200
E   assert 404 == 200
E    +  where 404 = &lt;Response [404]&gt;.status_code</failure></testcase></testsuite></testsuites>