<?xml version="1.0" encoding="utf-8"?><testsuites name="pytest tests"><testsuite name="pytest" errors="0" failures="0" skipped="0" tests="22" time="1.051" timestamp="2026-01-14T00:30:54.113209+00:00" hostname="agent-env-53c3382a-38c2-486e-a9c0-3e51038d76e2"><testcase classname="tests.test_realtime_features.TestPushNotifications" name="test_get_vapid_public_key" time="0.067" /><testcase classname="tests.test_realtime_features.TestPushNotifications" name="test_subscribe_to_push" time="0.053" /><testcase classname="tests.test_realtime_features.TestPushNotifications" name="test_subscribe_push_unauthenticated" time="0.036" /><testcase classname="tests.test_realtime_features.TestPushNotifications" name="test_unsubscribe_from_push" time="0.048" /><testcase classname="tests.test_realtime_features.TestNotifications" name="test_get_notifications" time="0.045" /><testcase classname="tests.test_realtime_features.TestNotifications" name="test_get_notifications_unauthenticated" time="0.033" /><testcase classname="tests.test_realtime_features.TestNotifications" name="test_mark_all_notifications_read" time="0.009" /><testcase classname="tests.test_realtime_features.TestNotifications" name="test_get_notification_preferences" time="0.009" /><testcase classname="tests.test_realtime_features.TestNotifications" name="test_update_notification_preferences" time="0.061" /><testcase classname="tests.test_realtime_features.TestMetrics" name="test_get_dashboard_metrics" time="0.083" /><testcase classname="tests.test_realtime_features.TestMetrics" name="test_metrics_stream_connection" time="0.048" /><testcase classname="tests.test_realtime_features.TestWhatsApp" name="test_send_whatsapp_message" time="0.050" /><testcase classname="tests.test_realtime_features.TestWhatsApp" name="test_send_whatsapp_unauthenticated" time="0.032" /><testcase classname="tests.test_realtime_features.TestWhatsApp" name="test_get_whatsapp_queue" time="0.050" /><testcase classname="tests.test_realtime_features.TestWhatsApp" name="test_get_whatsapp_queue_unauthenticated" time="0.039" /><testcase classname="tests.test_realtime_features.TestAPIKeys" name="test_list_api_keys" time="0.046" /><testcase classname="tests.test_realtime_features.TestAPIKeys" name="test_create_api_key" time="0.049" /><testcase classname="tests.test_realtime_features.TestAPIKeys" name="test_create_api_key_unauthenticated" time="0.035" /><testcase classname="tests.test_realtime_features.TestAPIKeys" name="test_revoke_api_key" time="0.016" /><testcase classname="tests.test_realtime_features.TestAPIKeys" name="test_revoke_nonexistent_key" time="0.007" /><testcase classname="tests.test_realtime_features.TestPublicAPI" name="test_public_api_status" time="0.033" /><testcase classname="tests.test_realtime_features.TestCleanup" name="test_cleanup_test_api_keys" time="0.050" /></testsuite></testsuites>