<?xml version="1.0" encoding="utf-8"?><testsuites name="pytest tests"><testsuite name="pytest" errors="0" failures="1" skipped="0" tests="21" time="1.564" timestamp="2026-01-14T01:19:02.391362+00:00" hostname="agent-env-53c3382a-38c2-486e-a9c0-3e51038d76e2"><testcase classname="tests.test_rewards_email.TestRewardsSystem" name="test_get_all_badges" time="0.122" /><testcase classname="tests.test_rewards_email.TestRewardsSystem" name="test_get_user_rewards_authenticated" time="0.048" /><testcase classname="tests.test_rewards_email.TestRewardsSystem" name="test_get_user_rewards_unauthenticated" time="0.072" /><testcase classname="tests.test_rewards_email.TestRewardsSystem" name="test_claim_daily_reward" time="0.061"><failure message="AssertionError: Streak should be at least 1&#10;assert 0 &gt;= 1">tests/test_rewards_email.py:130: in test_claim_daily_reward
    assert data["streak_days"] &gt;= 1, "Streak should be at least 1"
E   AssertionError: Streak should be at least 1
E   assert 0 &gt;= 1</failure></testcase><testcase classname="tests.test_rewards_email.TestRewardsSystem" name="test_claim_daily_reward_unauthenticated" time="0.069" /><testcase classname="tests.test_rewards_email.TestRewardsSystem" name="test_get_leaderboard_weekly" time="0.131" /><testcase classname="tests.test_rewards_email.TestRewardsSystem" name="test_get_leaderboard_monthly" time="0.040" /><testcase classname="tests.test_rewards_email.TestRewardsSystem" name="test_get_leaderboard_all_time" time="0.064" /><testcase classname="tests.test_rewards_email.TestRewardsSystem" name="test_get_leaderboard_invalid_period" time="0.125" /><testcase classname="tests.test_rewards_email.TestRewardsSystem" name="test_reward_action_analyze_threat" time="0.044" /><testcase classname="tests.test_rewards_email.TestRewardsSystem" name="test_reward_action_invalid" time="0.080" /><testcase classname="tests.test_rewards_email.TestEmailPreferences" name="test_get_email_preferences" time="0.046" /><testcase classname="tests.test_rewards_email.TestEmailPreferences" name="test_get_email_preferences_unauthenticated" time="0.068" /><testcase classname="tests.test_rewards_email.TestEmailPreferences" name="test_update_email_preferences" time="0.103" /><testcase classname="tests.test_rewards_email.TestEmailPreferences" name="test_update_email_preferences_unauthenticated" time="0.070" /><testcase classname="tests.test_rewards_email.TestEmailQueue" name="test_send_test_email" time="0.081" /><testcase classname="tests.test_rewards_email.TestEmailQueue" name="test_send_test_email_unauthenticated" time="0.065" /><testcase classname="tests.test_rewards_email.TestEmailQueue" name="test_get_email_queue_admin" time="0.049" /><testcase classname="tests.test_rewards_email.TestEmailQueue" name="test_get_email_queue_unauthenticated" time="0.106" /><testcase classname="tests.test_rewards_email.TestLevelSystem" name="test_level_thresholds" time="0.000" /><testcase classname="tests.test_rewards_email.TestLevelSystem" name="test_point_actions_defined" time="0.000" /></testsuite></testsuites>