<?xml version="1.0" encoding="utf-8"?><testsuites name="pytest tests"><testsuite name="pytest" errors="0" failures="0" skipped="0" tests="21" time="1.337" timestamp="2026-01-14T01:19:35.797492+00:00" hostname="agent-env-53c3382a-38c2-486e-a9c0-3e51038d76e2"><testcase classname="tests.test_rewards_email.TestRewardsSystem" name="test_get_all_badges" time="0.084" /><testcase classname="tests.test_rewards_email.TestRewardsSystem" name="test_get_user_rewards_authenticated" time="0.049" /><testcase classname="tests.test_rewards_email.TestRewardsSystem" name="test_get_user_rewards_unauthenticated" time="0.069" /><testcase classname="tests.test_rewards_email.TestRewardsSystem" name="test_claim_daily_reward" time="0.046" /><testcase classname="tests.test_rewards_email.TestRewardsSystem" name="test_claim_daily_reward_unauthenticated" time="0.069" /><testcase classname="tests.test_rewards_email.TestRewardsSystem" name="test_get_leaderboard_weekly" time="0.089" /><testcase classname="tests.test_rewards_email.TestRewardsSystem" name="test_get_leaderboard_monthly" time="0.045" /><testcase classname="tests.test_rewards_email.TestRewardsSystem" name="test_get_leaderboard_all_time" time="0.048" /><testcase classname="tests.test_rewards_email.TestRewardsSystem" name="test_get_leaderboard_invalid_period" time="0.050" /><testcase classname="tests.test_rewards_email.TestRewardsSystem" name="test_reward_action_analyze_threat" time="0.046" /><testcase classname="tests.test_rewards_email.TestRewardsSystem" name="test_reward_action_invalid" time="0.042" /><testcase classname="tests.test_rewards_email.TestEmailPreferences" name="test_get_email_preferences" time="0.055" /><testcase classname="tests.test_rewards_email.TestEmailPreferences" name="test_get_email_preferences_unauthenticated" time="0.072" /><testcase classname="tests.test_rewards_email.TestEmailPreferences" name="test_update_email_preferences" time="0.139" /><testcase classname="tests.test_rewards_email.TestEmailPreferences" name="test_update_email_preferences_unauthenticated" time="0.067" /><testcase classname="tests.test_rewards_email.TestEmailQueue" name="test_send_test_email" time="0.051" /><testcase classname="tests.test_rewards_email.TestEmailQueue" name="test_send_test_email_unauthenticated" time="0.069" /><testcase classname="tests.test_rewards_email.TestEmailQueue" name="test_get_email_queue_admin" time="0.084" /><testcase classname="tests.test_rewards_email.TestEmailQueue" name="test_get_email_queue_unauthenticated" time="0.072" /><testcase classname="tests.test_rewards_email.TestLevelSystem" name="test_level_thresholds" time="0.000" /><testcase classname="tests.test_rewards_email.TestLevelSystem" name="test_point_actions_defined" time="0.000" /></testsuite></testsuites>