<?xml version="1.0" encoding="utf-8"?><testsuites name="pytest tests"><testsuite name="pytest" errors="0" failures="0" skipped="0" tests="16" time="3.997" timestamp="2026-01-13T22:52:34.246760+00:00" hostname="agent-env-e3e5b127-1bde-4cc1-a469-aeefd3b9d824"><testcase classname="tests.test_stripe_downloads.TestHealthAndBasics" name="test_api_root" time="0.095" /><testcase classname="tests.test_stripe_downloads.TestStripeCheckoutSession" name="test_create_checkout_session_weekly" time="0.372" /><testcase classname="tests.test_stripe_downloads.TestStripeCheckoutSession" name="test_create_checkout_session_monthly" time="0.388" /><testcase classname="tests.test_stripe_downloads.TestStripeCheckoutSession" name="test_create_checkout_session_quarterly" time="0.378" /><testcase classname="tests.test_stripe_downloads.TestStripeCheckoutSession" name="test_create_checkout_session_yearly" time="0.525" /><testcase classname="tests.test_stripe_downloads.TestStripeCheckoutSession" name="test_create_checkout_session_family_monthly" time="0.366" /><testcase classname="tests.test_stripe_downloads.TestStripeCheckoutSession" name="test_create_checkout_session_family_quarterly" time="0.366" /><testcase classname="tests.test_stripe_downloads.TestStripeCheckoutSession" name="test_create_checkout_session_family_yearly" time="0.372" /><testcase classname="tests.test_stripe_downloads.TestStripeCheckoutSession" name="test_create_checkout_session_invalid_plan" time="0.036" /><testcase classname="tests.test_stripe_downloads.TestCheckoutStatus" name="test_checkout_status_invalid_session" time="0.217" /><testcase classname="tests.test_stripe_downloads.TestCheckoutStatus" name="test_checkout_status_with_valid_session" time="0.634" /><testcase classname="tests.test_stripe_downloads.TestDocumentDownloads" name="test_download_business_plan" time="0.035" /><testcase classname="tests.test_stripe_downloads.TestDocumentDownloads" name="test_download_financial_model" time="0.032" /><testcase classname="tests.test_stripe_downloads.TestDocumentDownloads" name="test_download_pitch_deck" time="0.039" /><testcase classname="tests.test_stripe_downloads.TestDocumentDownloads" name="test_download_dossier_b2b" time="0.038" /><testcase classname="tests.test_stripe_downloads.TestDocumentDownloads" name="test_download_invalid_document" time="0.035" /></testsuite></testsuites>