<?xml version="1.0" encoding="utf-8"?><testsuites name="pytest tests"><testsuite name="pytest" errors="0" failures="0" skipped="0" tests="11" time="6.571" timestamp="2026-02-23T19:57:09.300179+00:00" hostname="agent-env-2f02360f-624f-48d8-88b4-3c1912cac649"><testcase classname="backend.tests.test_subscription_registro.TestSubscriptionPlans" name="test_get_planes_returns_all_plans" time="4.745" /><testcase classname="backend.tests.test_subscription_registro.TestSubscriptionPlans" name="test_basico_plan_no_card_required" time="0.283" /><testcase classname="backend.tests.test_subscription_registro.TestSubscriptionPlans" name="test_individual_plan_requires_card" time="0.161" /><testcase classname="backend.tests.test_subscription_registro.TestSubscriptionPlans" name="test_familiar_plan_requires_card" time="0.177" /><testcase classname="backend.tests.test_subscription_registro.TestBasicPlanRegistration" name="test_registrar_basico_success" time="0.114" /><testcase classname="backend.tests.test_subscription_registro.TestBasicPlanRegistration" name="test_registrar_basico_no_payment_method" time="0.164" /><testcase classname="backend.tests.test_subscription_registro.TestBasicPlanRegistration" name="test_registrar_duplicate_email_fails" time="0.334" /><testcase classname="backend.tests.test_subscription_registro.TestBasicPlanRegistration" name="test_registrar_invalid_email_format" time="0.119" /><testcase classname="backend.tests.test_subscription_registro.TestPremiumPlanRegistration" name="test_registrar_individual_without_card_fails" time="0.117" /><testcase classname="backend.tests.test_subscription_registro.TestPremiumPlanRegistration" name="test_registrar_familiar_without_card_fails" time="0.132" /><testcase classname="backend.tests.test_subscription_registro.TestMiSuscripcion" name="test_mi_suscripcion_requires_auth" time="0.131" /></testsuite></testsuites>